<?xml version="1.0" encoding="UTF-8"?>
<coverage generated="1779037518343" clover="3.2.0">
  <project timestamp="1779037518343" name="All files">
    <metrics statements="201" coveredstatements="49" conditionals="188" coveredconditionals="36" methods="37" coveredmethods="7" elements="426" coveredelements="92" complexity="0" loc="201" ncloc="201" packages="1" files="1" classes="1"/>
    <file name="Queues.js" path="C:\Users\reale\Documents\School\Third Year\COMS3009A-SD\SDproject\Staff_Webpages\Queues.js">
      <metrics statements="201" coveredstatements="49" conditionals="188" coveredconditionals="36" methods="37" coveredmethods="7"/>
      <line num="20" count="1" type="stmt"/>
      <line num="29" count="1" type="stmt"/>
      <line num="30" count="1" type="stmt"/>
      <line num="31" count="1" type="stmt"/>
      <line num="34" count="1" type="stmt"/>
      <line num="36" count="1" type="stmt"/>
      <line num="43" count="1" type="stmt"/>
      <line num="46" count="1" type="stmt"/>
      <line num="47" count="1" type="stmt"/>
      <line num="50" count="1" type="stmt"/>
      <line num="51" count="1" type="stmt"/>
      <line num="52" count="1" type="stmt"/>
      <line num="53" count="1" type="stmt"/>
      <line num="54" count="1" type="stmt"/>
      <line num="55" count="1" type="stmt"/>
      <line num="56" count="1" type="stmt"/>
      <line num="60" count="1" type="stmt"/>
      <line num="61" count="1" type="stmt"/>
      <line num="62" count="1" type="stmt"/>
      <line num="63" count="1" type="stmt"/>
      <line num="68" count="0" type="stmt"/>
      <line num="78" count="0" type="stmt"/>
      <line num="79" count="0" type="cond" truecount="0" falsecount="2"/>
      <line num="80" count="0" type="cond" truecount="0" falsecount="2"/>
      <line num="82" count="0" type="stmt"/>
      <line num="96" count="0" type="cond" truecount="0" falsecount="2"/>
      <line num="97" count="0" type="stmt"/>
      <line num="108" count="0" type="stmt"/>
      <line num="111" count="0" type="stmt"/>
      <line num="112" count="0" type="stmt"/>
      <line num="120" count="2" type="cond" truecount="1" falsecount="1"/>
      <line num="121" count="2" type="cond" truecount="1" falsecount="1"/>
      <line num="122" count="2" type="stmt"/>
      <line num="123" count="2" type="cond" truecount="4" falsecount="0"/>
      <line num="126" count="2" type="cond" truecount="2" falsecount="0"/>
      <line num="127" count="2" type="stmt"/>
      <line num="129" count="2" type="stmt"/>
      <line num="130" count="2" type="stmt"/>
      <line num="131" count="2" type="cond" truecount="1" falsecount="1"/>
      <line num="132" count="2" type="cond" truecount="2" falsecount="0"/>
      <line num="133" count="2" type="stmt"/>
      <line num="135" count="2" type="cond" truecount="2" falsecount="0"/>
      <line num="139" count="2" type="stmt"/>
      <line num="188" count="2" type="stmt"/>
      <line num="189" count="2" type="stmt"/>
      <line num="191" count="2" type="cond" truecount="2" falsecount="0"/>
      <line num="192" count="2" type="cond" truecount="2" falsecount="0"/>
      <line num="194" count="2" type="cond" truecount="2" falsecount="3"/>
      <line num="195" count="0" type="stmt"/>
      <line num="196" count="0" type="stmt"/>
      <line num="197" count="0" type="stmt"/>
      <line num="200" count="2" type="stmt"/>
      <line num="205" count="1" type="stmt"/>
      <line num="206" count="3" type="cond" truecount="1" falsecount="1"/>
      <line num="207" count="3" type="cond" truecount="1" falsecount="1"/>
      <line num="209" count="8" type="stmt"/>
      <line num="210" count="1" type="cond" truecount="1" falsecount="1"/>
      <line num="211" count="1" type="cond" truecount="1" falsecount="1"/>
      <line num="212" count="1" type="cond" truecount="1" falsecount="1"/>
      <line num="213" count="1" type="cond" truecount="1" falsecount="1"/>
      <line num="218" count="0" type="stmt"/>
      <line num="219" count="0" type="stmt"/>
      <line num="221" count="0" type="cond" truecount="0" falsecount="2"/>
      <line num="222" count="0" type="stmt"/>
      <line num="223" count="0" type="stmt"/>
      <line num="226" count="0" type="stmt"/>
      <line num="227" count="0" type="cond" truecount="0" falsecount="2"/>
      <line num="229" count="0" type="cond" truecount="0" falsecount="6"/>
      <line num="233" count="0" type="stmt"/>
      <line num="234" count="0" type="cond" truecount="0" falsecount="2"/>
      <line num="237" count="0" type="stmt"/>
      <line num="238" count="0" type="stmt"/>
      <line num="241" count="0" type="cond" truecount="0" falsecount="2"/>
      <line num="242" count="0" type="stmt"/>
      <line num="245" count="0" type="cond" truecount="0" falsecount="2"/>
      <line num="246" count="0" type="stmt"/>
      <line num="247" count="0" type="stmt"/>
      <line num="248" count="0" type="stmt"/>
      <line num="249" count="0" type="stmt"/>
      <line num="250" count="0" type="stmt"/>
      <line num="257" count="0" type="stmt"/>
      <line num="258" count="0" type="stmt"/>
      <line num="259" count="0" type="stmt"/>
      <line num="260" count="0" type="cond" truecount="0" falsecount="2"/>
      <line num="261" count="0" type="stmt"/>
      <line num="262" count="0" type="stmt"/>
      <line num="263" count="0" type="cond" truecount="0" falsecount="4"/>
      <line num="266" count="0" type="stmt"/>
      <line num="267" count="0" type="stmt"/>
      <line num="271" count="0" type="stmt"/>
      <line num="272" count="0" type="cond" truecount="0" falsecount="2"/>
      <line num="273" count="0" type="cond" truecount="0" falsecount="2"/>
      <line num="274" count="0" type="stmt"/>
      <line num="275" count="0" type="cond" truecount="0" falsecount="2"/>
      <line num="276" count="0" type="stmt"/>
      <line num="277" count="0" type="stmt"/>
      <line num="278" count="0" type="cond" truecount="0" falsecount="2"/>
      <line num="279" count="0" type="cond" truecount="0" falsecount="2"/>
      <line num="282" count="0" type="stmt"/>
      <line num="289" count="0" type="stmt"/>
      <line num="290" count="0" type="stmt"/>
      <line num="291" count="0" type="cond" truecount="0" falsecount="4"/>
      <line num="292" count="0" type="stmt"/>
      <line num="294" count="0" type="stmt"/>
      <line num="298" count="0" type="stmt"/>
      <line num="300" count="0" type="stmt"/>
      <line num="301" count="0" type="stmt"/>
      <line num="303" count="0" type="stmt"/>
      <line num="308" count="0" type="stmt"/>
      <line num="309" count="0" type="stmt"/>
      <line num="315" count="0" type="stmt"/>
      <line num="316" count="0" type="stmt"/>
      <line num="317" count="0" type="cond" truecount="0" falsecount="2"/>
      <line num="318" count="0" type="stmt"/>
      <line num="327" count="0" type="stmt"/>
      <line num="328" count="0" type="stmt"/>
      <line num="334" count="0" type="stmt"/>
      <line num="335" count="0" type="stmt"/>
      <line num="336" count="0" type="stmt"/>
      <line num="337" count="0" type="stmt"/>
      <line num="338" count="0" type="stmt"/>
      <line num="339" count="0" type="stmt"/>
      <line num="340" count="0" type="cond" truecount="0" falsecount="4"/>
      <line num="341" count="0" type="stmt"/>
      <line num="344" count="0" type="stmt"/>
      <line num="345" count="0" type="cond" truecount="0" falsecount="2"/>
      <line num="347" count="0" type="stmt"/>
      <line num="353" count="0" type="stmt"/>
      <line num="355" count="0" type="stmt"/>
      <line num="356" count="0" type="cond" truecount="0" falsecount="2"/>
      <line num="357" count="0" type="stmt"/>
      <line num="379" count="0" type="stmt"/>
      <line num="380" count="0" type="stmt"/>
      <line num="381" count="0" type="stmt"/>
      <line num="384" count="0" type="stmt"/>
      <line num="390" count="0" type="cond" truecount="0" falsecount="2"/>
      <line num="391" count="0" type="cond" truecount="0" falsecount="2"/>
      <line num="393" count="0" type="stmt"/>
      <line num="398" count="0" type="stmt"/>
      <line num="399" count="0" type="stmt"/>
      <line num="402" count="0" type="stmt"/>
      <line num="408" count="0" type="stmt"/>
      <line num="409" count="0" type="stmt"/>
      <line num="410" count="0" type="stmt"/>
      <line num="411" count="0" type="stmt"/>
      <line num="412" count="0" type="stmt"/>
      <line num="413" count="0" type="cond" truecount="0" falsecount="2"/>
      <line num="414" count="0" type="cond" truecount="0" falsecount="2"/>
      <line num="415" count="0" type="stmt"/>
      <line num="428" count="0" type="stmt"/>
      <line num="429" count="0" type="stmt"/>
      <line num="432" count="0" type="stmt"/>
      <line num="439" count="0" type="stmt"/>
      <line num="440" count="0" type="stmt"/>
      <line num="441" count="0" type="stmt"/>
      <line num="442" count="0" type="stmt"/>
      <line num="443" count="0" type="stmt"/>
      <line num="444" count="0" type="cond" truecount="0" falsecount="2"/>
      <line num="445" count="0" type="stmt"/>
      <line num="455" count="0" type="stmt"/>
      <line num="456" count="0" type="stmt"/>
      <line num="460" count="1" type="stmt"/>
      <line num="461" count="0" type="cond" truecount="0" falsecount="2"/>
      <line num="462" count="0" type="cond" truecount="0" falsecount="2"/>
      <line num="464" count="0" type="cond" truecount="0" falsecount="2"/>
      <line num="465" count="0" type="stmt"/>
      <line num="466" count="0" type="stmt"/>
      <line num="469" count="0" type="cond" truecount="0" falsecount="2"/>
      <line num="470" count="0" type="stmt"/>
      <line num="471" count="0" type="stmt"/>
      <line num="474" count="0" type="stmt"/>
      <line num="475" count="0" type="stmt"/>
      <line num="476" count="0" type="stmt"/>
      <line num="480" count="0" type="cond" truecount="0" falsecount="2"/>
      <line num="482" count="0" type="cond" truecount="0" falsecount="2"/>
      <line num="483" count="0" type="stmt"/>
      <line num="486" count="0" type="stmt"/>
      <line num="487" count="0" type="stmt"/>
      <line num="488" count="0" type="stmt"/>
      <line num="490" count="0" type="cond" truecount="0" falsecount="2"/>
      <line num="491" count="0" type="stmt"/>
      <line num="494" count="0" type="cond" truecount="0" falsecount="2"/>
      <line num="495" count="0" type="stmt"/>
      <line num="498" count="0" type="cond" truecount="0" falsecount="2"/>
      <line num="499" count="0" type="stmt"/>
      <line num="501" count="0" type="stmt"/>
      <line num="505" count="0" type="stmt"/>
      <line num="509" count="0" type="stmt"/>
      <line num="510" count="0" type="stmt"/>
      <line num="515" count="0" type="stmt"/>
      <line num="517" count="0" type="stmt"/>
      <line num="519" count="0" type="cond" truecount="0" falsecount="2"/>
      <line num="520" count="0" type="stmt"/>
      <line num="522" count="0" type="cond" truecount="0" falsecount="2"/>
      <line num="524" count="0" type="stmt"/>
      <line num="528" count="0" type="stmt"/>
      <line num="532" count="0" type="cond" truecount="0" falsecount="2"/>
      <line num="533" count="0" type="stmt"/>
      <line num="538" count="0" type="stmt"/>
      <line num="542" count="0" type="stmt"/>
      <line num="546" count="1" type="stmt"/>
    </file>
  </project>
</coverage>
