{"C:\\Users\\reale\\Documents\\School\\Third Year\\COMS3009A-SD\\SDproject\\Admin_WebPages\\StaffManagement.js": {"path":"C:\\Users\\reale\\Documents\\School\\Third Year\\COMS3009A-SD\\SDproject\\Admin_WebPages\\StaffManagement.js","statementMap":{"0":{"start":{"line":22,"column":25},"end":{"line":22,"column":40}},"1":{"start":{"line":25,"column":19},"end":{"line":25,"column":23}},"2":{"start":{"line":37,"column":0},"end":{"line":41,"column":3}},"3":{"start":{"line":38,"column":4},"end":{"line":38,"column":24}},"4":{"start":{"line":39,"column":4},"end":{"line":39,"column":22}},"5":{"start":{"line":40,"column":4},"end":{"line":40,"column":24}},"6":{"start":{"line":47,"column":20},"end":{"line":47,"column":61}},"7":{"start":{"line":48,"column":20},"end":{"line":48,"column":57}},"8":{"start":{"line":50,"column":4},"end":{"line":76,"column":5}},"9":{"start":{"line":53,"column":25},"end":{"line":53,"column":72}},"10":{"start":{"line":56,"column":8},"end":{"line":56,"column":44}},"11":{"start":{"line":61,"column":26},"end":{"line":61,"column":28}},"12":{"start":{"line":62,"column":8},"end":{"line":64,"column":11}},"13":{"start":{"line":63,"column":12},"end":{"line":63,"column":66}},"14":{"start":{"line":70,"column":8},"end":{"line":70,"column":75}},"15":{"start":{"line":74,"column":8},"end":{"line":74,"column":48}},"16":{"start":{"line":75,"column":8},"end":{"line":75,"column":51}},"17":{"start":{"line":83,"column":19},"end":{"line":83,"column":57}},"18":{"start":{"line":85,"column":4},"end":{"line":103,"column":5}},"19":{"start":{"line":87,"column":25},"end":{"line":87,"column":72}},"20":{"start":{"line":88,"column":8},"end":{"line":100,"column":11}},"21":{"start":{"line":89,"column":27},"end":{"line":89,"column":41}},"22":{"start":{"line":93,"column":24},"end":{"line":93,"column":83}},"23":{"start":{"line":94,"column":12},"end":{"line":94,"column":29}},"24":{"start":{"line":94,"column":22},"end":{"line":94,"column":29}},"25":{"start":{"line":96,"column":33},"end":{"line":96,"column":65}},"26":{"start":{"line":97,"column":12},"end":{"line":97,"column":43}},"27":{"start":{"line":98,"column":12},"end":{"line":98,"column":43}},"28":{"start":{"line":99,"column":12},"end":{"line":99,"column":39}},"29":{"start":{"line":102,"column":8},"end":{"line":102,"column":49}},"30":{"start":{"line":111,"column":0},"end":{"line":159,"column":2}},"31":{"start":{"line":115,"column":23},"end":{"line":115,"column":72}},"32":{"start":{"line":116,"column":23},"end":{"line":116,"column":73}},"33":{"start":{"line":117,"column":23},"end":{"line":117,"column":61}},"34":{"start":{"line":118,"column":23},"end":{"line":118,"column":43}},"35":{"start":{"line":119,"column":23},"end":{"line":119,"column":71}},"36":{"start":{"line":125,"column":18},"end":{"line":125,"column":76}},"37":{"start":{"line":126,"column":4},"end":{"line":129,"column":5}},"38":{"start":{"line":127,"column":8},"end":{"line":127,"column":34}},"39":{"start":{"line":128,"column":8},"end":{"line":128,"column":15}},"40":{"start":{"line":131,"column":4},"end":{"line":158,"column":5}},"41":{"start":{"line":135,"column":24},"end":{"line":137,"column":9}},"42":{"start":{"line":142,"column":8},"end":{"line":145,"column":11}},"43":{"start":{"line":147,"column":8},"end":{"line":147,"column":58}},"44":{"start":{"line":148,"column":8},"end":{"line":148,"column":58}},"45":{"start":{"line":149,"column":8},"end":{"line":149,"column":58}},"46":{"start":{"line":151,"column":8},"end":{"line":151,"column":27}},"47":{"start":{"line":152,"column":8},"end":{"line":152,"column":26}},"48":{"start":{"line":153,"column":8},"end":{"line":153,"column":64}},"49":{"start":{"line":156,"column":8},"end":{"line":156,"column":50}},"50":{"start":{"line":157,"column":8},"end":{"line":157,"column":57}},"51":{"start":{"line":167,"column":0},"end":{"line":181,"column":2}},"52":{"start":{"line":170,"column":4},"end":{"line":170,"column":77}},"53":{"start":{"line":170,"column":70},"end":{"line":170,"column":77}},"54":{"start":{"line":171,"column":4},"end":{"line":180,"column":5}},"55":{"start":{"line":174,"column":8},"end":{"line":174,"column":55}},"56":{"start":{"line":175,"column":8},"end":{"line":175,"column":26}},"57":{"start":{"line":176,"column":8},"end":{"line":176,"column":53}},"58":{"start":{"line":178,"column":8},"end":{"line":178,"column":50}},"59":{"start":{"line":179,"column":8},"end":{"line":179,"column":60}},"60":{"start":{"line":187,"column":0},"end":{"line":189,"column":2}},"61":{"start":{"line":188,"column":4},"end":{"line":188,"column":66}},"62":{"start":{"line":191,"column":0},"end":{"line":193,"column":2}},"63":{"start":{"line":192,"column":4},"end":{"line":192,"column":66}},"64":{"start":{"line":203,"column":18},"end":{"line":203,"column":50}},"65":{"start":{"line":204,"column":4},"end":{"line":204,"column":23}},"66":{"start":{"line":204,"column":16},"end":{"line":204,"column":23}},"67":{"start":{"line":205,"column":4},"end":{"line":205,"column":32}},"68":{"start":{"line":206,"column":4},"end":{"line":206,"column":45}},"69":{"start":{"line":207,"column":4},"end":{"line":207,"column":59}},"70":{"start":{"line":207,"column":23},"end":{"line":207,"column":49}}},"fnMap":{"0":{"name":"(anonymous_0)","decl":{"start":{"line":37,"column":21},"end":{"line":37,"column":22}},"loc":{"start":{"line":37,"column":37},"end":{"line":41,"column":1}},"line":37},"1":{"name":"loadStaff","decl":{"start":{"line":46,"column":15},"end":{"line":46,"column":24}},"loc":{"start":{"line":46,"column":27},"end":{"line":77,"column":1}},"line":46},"2":{"name":"(anonymous_2)","decl":{"start":{"line":62,"column":25},"end":{"line":62,"column":26}},"loc":{"start":{"line":62,"column":38},"end":{"line":64,"column":9}},"line":62},"3":{"name":"loadClinics","decl":{"start":{"line":82,"column":15},"end":{"line":82,"column":26}},"loc":{"start":{"line":82,"column":29},"end":{"line":104,"column":1}},"line":82},"4":{"name":"(anonymous_4)","decl":{"start":{"line":88,"column":25},"end":{"line":88,"column":26}},"loc":{"start":{"line":88,"column":38},"end":{"line":100,"column":9}},"line":88},"5":{"name":"(anonymous_5)","decl":{"start":{"line":111,"column":18},"end":{"line":111,"column":19}},"loc":{"start":{"line":111,"column":36},"end":{"line":159,"column":1}},"line":111},"6":{"name":"(anonymous_6)","decl":{"start":{"line":167,"column":21},"end":{"line":167,"column":22}},"loc":{"start":{"line":167,"column":41},"end":{"line":181,"column":1}},"line":167},"7":{"name":"(anonymous_7)","decl":{"start":{"line":187,"column":25},"end":{"line":187,"column":26}},"loc":{"start":{"line":187,"column":37},"end":{"line":189,"column":1}},"line":187},"8":{"name":"(anonymous_8)","decl":{"start":{"line":191,"column":26},"end":{"line":191,"column":27}},"loc":{"start":{"line":191,"column":38},"end":{"line":193,"column":1}},"line":191},"9":{"name":"showToast","decl":{"start":{"line":202,"column":9},"end":{"line":202,"column":18}},"loc":{"start":{"line":202,"column":39},"end":{"line":208,"column":1}},"line":202},"10":{"name":"(anonymous_10)","decl":{"start":{"line":207,"column":15},"end":{"line":207,"column":16}},"loc":{"start":{"line":207,"column":21},"end":{"line":207,"column":51}},"line":207}},"branchMap":{"0":{"loc":{"start":{"line":94,"column":12},"end":{"line":94,"column":29}},"type":"if","locations":[{"start":{"line":94,"column":12},"end":{"line":94,"column":29}},{"start":{},"end":{}}],"line":94},"1":{"loc":{"start":{"line":119,"column":23},"end":{"line":119,"column":71}},"type":"binary-expr","locations":[{"start":{"line":119,"column":23},"end":{"line":119,"column":65}},{"start":{"line":119,"column":69},"end":{"line":119,"column":71}}],"line":119},"2":{"loc":{"start":{"line":126,"column":4},"end":{"line":129,"column":5}},"type":"if","locations":[{"start":{"line":126,"column":4},"end":{"line":129,"column":5}},{"start":{},"end":{}}],"line":126},"3":{"loc":{"start":{"line":170,"column":4},"end":{"line":170,"column":77}},"type":"if","locations":[{"start":{"line":170,"column":4},"end":{"line":170,"column":77}},{"start":{},"end":{}}],"line":170},"4":{"loc":{"start":{"line":202,"column":28},"end":{"line":202,"column":37}},"type":"default-arg","locations":[{"start":{"line":202,"column":35},"end":{"line":202,"column":37}}],"line":202},"5":{"loc":{"start":{"line":204,"column":4},"end":{"line":204,"column":23}},"type":"if","locations":[{"start":{"line":204,"column":4},"end":{"line":204,"column":23}},{"start":{},"end":{}}],"line":204}},"s":{"0":1,"1":1,"2":1,"3":0,"4":0,"5":0,"6":0,"7":0,"8":0,"9":0,"10":0,"11":0,"12":0,"13":0,"14":0,"15":0,"16":0,"17":0,"18":0,"19":0,"20":0,"21":0,"22":0,"23":0,"24":0,"25":0,"26":0,"27":0,"28":0,"29":0,"30":1,"31":0,"32":0,"33":0,"34":0,"35":0,"36":0,"37":0,"38":0,"39":0,"40":0,"41":0,"42":0,"43":0,"44":0,"45":0,"46":0,"47":0,"48":0,"49":0,"50":0,"51":1,"52":0,"53":0,"54":0,"55":0,"56":0,"57":0,"58":0,"59":0,"60":1,"61":1,"62":1,"63":1,"64":2,"65":2,"66":0,"67":2,"68":2,"69":2,"70":1},"f":{"0":0,"1":0,"2":0,"3":0,"4":0,"5":0,"6":0,"7":1,"8":1,"9":2,"10":1},"b":{"0":[0,0],"1":[0,0],"2":[0,0],"3":[0,0],"4":[0],"5":[0,2]},"_coverageSchema":"1a1c01bbd47fc00a2c39e90264f33305004495a9","hash":"2a626976cf390c409e2e7420cabbafd310a31f96"}
,"C:\\Users\\reale\\Documents\\School\\Third Year\\COMS3009A-SD\\SDproject\\Admin_WebPages\\admin.js": {"path":"C:\\Users\\reale\\Documents\\School\\Third Year\\COMS3009A-SD\\SDproject\\Admin_WebPages\\admin.js","statementMap":{"0":{"start":{"line":5,"column":23},"end":{"line":12,"column":1}},"1":{"start":{"line":14,"column":13},"end":{"line":14,"column":42}},"2":{"start":{"line":15,"column":13},"end":{"line":15,"column":25}},"3":{"start":{"line":16,"column":13},"end":{"line":16,"column":30}},"4":{"start":{"line":18,"column":26},"end":{"line":18,"column":34}},"5":{"start":{"line":22,"column":4},"end":{"line":22,"column":28}},"6":{"start":{"line":22,"column":15},"end":{"line":22,"column":28}},"7":{"start":{"line":23,"column":4},"end":{"line":31,"column":5}},"8":{"start":{"line":24,"column":25},"end":{"line":24,"column":73}},"9":{"start":{"line":25,"column":8},"end":{"line":27,"column":10}},"10":{"start":{"line":26,"column":12},"end":{"line":26,"column":91}},"11":{"start":{"line":29,"column":8},"end":{"line":29,"column":61}},"12":{"start":{"line":30,"column":8},"end":{"line":30,"column":21}},"13":{"start":{"line":39,"column":21},"end":{"line":39,"column":57}},"14":{"start":{"line":40,"column":21},"end":{"line":40,"column":58}},"15":{"start":{"line":41,"column":21},"end":{"line":41,"column":59}},"16":{"start":{"line":43,"column":24},"end":{"line":43,"column":46}},"17":{"start":{"line":44,"column":24},"end":{"line":44,"column":46}},"18":{"start":{"line":46,"column":4},"end":{"line":46,"column":76}},"19":{"start":{"line":46,"column":18},"end":{"line":46,"column":76}},"20":{"start":{"line":47,"column":4},"end":{"line":47,"column":47}},"21":{"start":{"line":47,"column":18},"end":{"line":47,"column":47}},"22":{"start":{"line":49,"column":4},"end":{"line":49,"column":98}},"23":{"start":{"line":49,"column":18},"end":{"line":49,"column":98}},"24":{"start":{"line":56,"column":4},"end":{"line":73,"column":7}},"25":{"start":{"line":57,"column":8},"end":{"line":72,"column":11}},"26":{"start":{"line":58,"column":12},"end":{"line":61,"column":13}},"27":{"start":{"line":59,"column":16},"end":{"line":59,"column":53}},"28":{"start":{"line":60,"column":16},"end":{"line":60,"column":23}},"29":{"start":{"line":63,"column":28},"end":{"line":63,"column":51}},"30":{"start":{"line":64,"column":12},"end":{"line":68,"column":13}},"31":{"start":{"line":65,"column":16},"end":{"line":65,"column":36}},"32":{"start":{"line":66,"column":16},"end":{"line":66,"column":53}},"33":{"start":{"line":67,"column":16},"end":{"line":67,"column":23}},"34":{"start":{"line":70,"column":12},"end":{"line":70,"column":34}},"35":{"start":{"line":71,"column":12},"end":{"line":71,"column":26}}},"fnMap":{"0":{"name":"isUserAdmin","decl":{"start":{"line":21,"column":15},"end":{"line":21,"column":26}},"loc":{"start":{"line":21,"column":33},"end":{"line":32,"column":1}},"line":21},"1":{"name":"(anonymous_1)","decl":{"start":{"line":25,"column":34},"end":{"line":25,"column":35}},"loc":{"start":{"line":26,"column":12},"end":{"line":26,"column":91}},"line":26},"2":{"name":"populateSidebar","decl":{"start":{"line":38,"column":9},"end":{"line":38,"column":24}},"loc":{"start":{"line":38,"column":31},"end":{"line":50,"column":1}},"line":38},"3":{"name":"initAdminPage","decl":{"start":{"line":55,"column":22},"end":{"line":55,"column":35}},"loc":{"start":{"line":55,"column":38},"end":{"line":74,"column":1}},"line":55},"4":{"name":"(anonymous_4)","decl":{"start":{"line":56,"column":23},"end":{"line":56,"column":24}},"loc":{"start":{"line":56,"column":36},"end":{"line":73,"column":5}},"line":56},"5":{"name":"(anonymous_5)","decl":{"start":{"line":57,"column":33},"end":{"line":57,"column":34}},"loc":{"start":{"line":57,"column":49},"end":{"line":72,"column":9}},"line":57}},"branchMap":{"0":{"loc":{"start":{"line":22,"column":4},"end":{"line":22,"column":28}},"type":"if","locations":[{"start":{"line":22,"column":4},"end":{"line":22,"column":28}},{"start":{},"end":{}}],"line":22},"1":{"loc":{"start":{"line":26,"column":13},"end":{"line":26,"column":33}},"type":"binary-expr","locations":[{"start":{"line":26,"column":13},"end":{"line":26,"column":27}},{"start":{"line":26,"column":31},"end":{"line":26,"column":33}}],"line":26},"2":{"loc":{"start":{"line":43,"column":24},"end":{"line":43,"column":46}},"type":"binary-expr","locations":[{"start":{"line":43,"column":24},"end":{"line":43,"column":40}},{"start":{"line":43,"column":44},"end":{"line":43,"column":46}}],"line":43},"3":{"loc":{"start":{"line":44,"column":24},"end":{"line":44,"column":46}},"type":"binary-expr","locations":[{"start":{"line":44,"column":24},"end":{"line":44,"column":34}},{"start":{"line":44,"column":44},"end":{"line":44,"column":46}}],"line":44},"4":{"loc":{"start":{"line":46,"column":4},"end":{"line":46,"column":76}},"type":"if","locations":[{"start":{"line":46,"column":4},"end":{"line":46,"column":76}},{"start":{},"end":{}}],"line":46},"5":{"loc":{"start":{"line":46,"column":41},"end":{"line":46,"column":75}},"type":"binary-expr","locations":[{"start":{"line":46,"column":41},"end":{"line":46,"column":52}},{"start":{"line":46,"column":56},"end":{"line":46,"column":75}}],"line":46},"6":{"loc":{"start":{"line":47,"column":4},"end":{"line":47,"column":47}},"type":"if","locations":[{"start":{"line":47,"column":4},"end":{"line":47,"column":47}},{"start":{},"end":{}}],"line":47},"7":{"loc":{"start":{"line":49,"column":4},"end":{"line":49,"column":98}},"type":"if","locations":[{"start":{"line":49,"column":4},"end":{"line":49,"column":98}},{"start":{},"end":{}}],"line":49},"8":{"loc":{"start":{"line":49,"column":42},"end":{"line":49,"column":82}},"type":"binary-expr","locations":[{"start":{"line":49,"column":42},"end":{"line":49,"column":63}},{"start":{"line":49,"column":67},"end":{"line":49,"column":82}}],"line":49},"9":{"loc":{"start":{"line":58,"column":12},"end":{"line":61,"column":13}},"type":"if","locations":[{"start":{"line":58,"column":12},"end":{"line":61,"column":13}},{"start":{},"end":{}}],"line":58},"10":{"loc":{"start":{"line":64,"column":12},"end":{"line":68,"column":13}},"type":"if","locations":[{"start":{"line":64,"column":12},"end":{"line":68,"column":13}},{"start":{},"end":{}}],"line":64}},"s":{"0":3,"1":3,"2":3,"3":3,"4":3,"5":0,"6":0,"7":0,"8":0,"9":0,"10":0,"11":0,"12":0,"13":0,"14":0,"15":0,"16":0,"17":0,"18":0,"19":0,"20":0,"21":0,"22":0,"23":0,"24":2,"25":2,"26":0,"27":0,"28":0,"29":0,"30":0,"31":0,"32":0,"33":0,"34":0,"35":0},"f":{"0":0,"1":0,"2":0,"3":2,"4":2,"5":0},"b":{"0":[0,0],"1":[0,0],"2":[0,0],"3":[0,0],"4":[0,0],"5":[0,0],"6":[0,0],"7":[0,0],"8":[0,0],"9":[0,0],"10":[0,0]},"_coverageSchema":"1a1c01bbd47fc00a2c39e90264f33305004495a9","hash":"1f4eba37c60a3f0aed153419bf63ce10ecae7699"}
,"C:\\Users\\reale\\Documents\\School\\Third Year\\COMS3009A-SD\\SDproject\\Admin_WebPages\\analytics.js": {"path":"C:\\Users\\reale\\Documents\\School\\Third Year\\COMS3009A-SD\\SDproject\\Admin_WebPages\\analytics.js","statementMap":{"0":{"start":{"line":4,"column":19},"end":{"line":4,"column":21}},"1":{"start":{"line":5,"column":13},"end":{"line":5,"column":15}},"2":{"start":{"line":6,"column":14},"end":{"line":6,"column":16}},"3":{"start":{"line":7,"column":21},"end":{"line":7,"column":22}},"4":{"start":{"line":9,"column":17},"end":{"line":13,"column":1}},"5":{"start":{"line":17,"column":4},"end":{"line":30,"column":5}},"6":{"start":{"line":18,"column":25},"end":{"line":18,"column":70}},"7":{"start":{"line":20,"column":8},"end":{"line":23,"column":12}},"8":{"start":{"line":20,"column":49},"end":{"line":23,"column":9}},"9":{"start":{"line":25,"column":8},"end":{"line":25,"column":39}},"10":{"start":{"line":26,"column":8},"end":{"line":26,"column":25}},"11":{"start":{"line":29,"column":8},"end":{"line":29,"column":60}},"12":{"start":{"line":35,"column":4},"end":{"line":48,"column":5}},"13":{"start":{"line":36,"column":25},"end":{"line":36,"column":64}},"14":{"start":{"line":38,"column":8},"end":{"line":41,"column":12}},"15":{"start":{"line":38,"column":43},"end":{"line":41,"column":9}},"16":{"start":{"line":43,"column":8},"end":{"line":43,"column":33}},"17":{"start":{"line":44,"column":8},"end":{"line":44,"column":25}},"18":{"start":{"line":47,"column":8},"end":{"line":47,"column":54}},"19":{"start":{"line":53,"column":4},"end":{"line":66,"column":5}},"20":{"start":{"line":54,"column":25},"end":{"line":54,"column":72}},"21":{"start":{"line":56,"column":8},"end":{"line":59,"column":12}},"22":{"start":{"line":56,"column":44},"end":{"line":59,"column":9}},"23":{"start":{"line":61,"column":8},"end":{"line":61,"column":34}},"24":{"start":{"line":62,"column":8},"end":{"line":62,"column":25}},"25":{"start":{"line":65,"column":8},"end":{"line":65,"column":55}},"26":{"start":{"line":70,"column":0},"end":{"line":143,"column":3}},"27":{"start":{"line":72,"column":4},"end":{"line":142,"column":5}},"28":{"start":{"line":73,"column":8},"end":{"line":73,"column":24}},"29":{"start":{"line":75,"column":8},"end":{"line":75,"column":22}},"30":{"start":{"line":76,"column":8},"end":{"line":76,"column":27}},"31":{"start":{"line":77,"column":8},"end":{"line":77,"column":21}},"32":{"start":{"line":79,"column":21},"end":{"line":79,"column":58}},"33":{"start":{"line":81,"column":8},"end":{"line":88,"column":11}},"34":{"start":{"line":82,"column":12},"end":{"line":82,"column":31}},"35":{"start":{"line":84,"column":25},"end":{"line":84,"column":66}},"36":{"start":{"line":85,"column":23},"end":{"line":85,"column":62}},"37":{"start":{"line":87,"column":12},"end":{"line":87,"column":38}},"38":{"start":{"line":91,"column":8},"end":{"line":107,"column":11}},"39":{"start":{"line":93,"column":25},"end":{"line":93,"column":71}},"40":{"start":{"line":94,"column":12},"end":{"line":94,"column":37}},"41":{"start":{"line":94,"column":30},"end":{"line":94,"column":37}},"42":{"start":{"line":96,"column":12},"end":{"line":100,"column":13}},"43":{"start":{"line":97,"column":16},"end":{"line":97,"column":79}},"44":{"start":{"line":98,"column":16},"end":{"line":98,"column":51}},"45":{"start":{"line":99,"column":16},"end":{"line":99,"column":74}},"46":{"start":{"line":102,"column":12},"end":{"line":106,"column":13}},"47":{"start":{"line":103,"column":16},"end":{"line":103,"column":65}},"48":{"start":{"line":104,"column":16},"end":{"line":104,"column":51}},"49":{"start":{"line":105,"column":16},"end":{"line":105,"column":74}},"50":{"start":{"line":128,"column":23},"end":{"line":128,"column":62}},"51":{"start":{"line":130,"column":8},"end":{"line":138,"column":11}},"52":{"start":{"line":131,"column":26},"end":{"line":131,"column":54}},"53":{"start":{"line":132,"column":25},"end":{"line":132,"column":71}},"54":{"start":{"line":134,"column":12},"end":{"line":137,"column":15}},"55":{"start":{"line":135,"column":29},"end":{"line":135,"column":77}},"56":{"start":{"line":136,"column":16},"end":{"line":136,"column":71}},"57":{"start":{"line":141,"column":8},"end":{"line":141,"column":42}},"58":{"start":{"line":146,"column":4},"end":{"line":148,"column":5}},"59":{"start":{"line":147,"column":8},"end":{"line":147,"column":26}},"60":{"start":{"line":153,"column":4},"end":{"line":153,"column":34}},"61":{"start":{"line":153,"column":22},"end":{"line":153,"column":34}},"62":{"start":{"line":155,"column":14},"end":{"line":155,"column":28}},"63":{"start":{"line":156,"column":14},"end":{"line":156,"column":28}},"64":{"start":{"line":157,"column":14},"end":{"line":157,"column":26}},"65":{"start":{"line":159,"column":4},"end":{"line":159,"column":28}},"66":{"start":{"line":165,"column":33},"end":{"line":167,"column":22}},"67":{"start":{"line":166,"column":35},"end":{"line":166,"column":64}},"68":{"start":{"line":169,"column":27},"end":{"line":171,"column":16}},"69":{"start":{"line":170,"column":29},"end":{"line":170,"column":58}},"70":{"start":{"line":173,"column":25},"end":{"line":175,"column":12}},"71":{"start":{"line":174,"column":8},"end":{"line":174,"column":32}},"72":{"start":{"line":177,"column":20},"end":{"line":179,"column":12}},"73":{"start":{"line":178,"column":8},"end":{"line":178,"column":32}},"74":{"start":{"line":181,"column":20},"end":{"line":184,"column":11}},"75":{"start":{"line":182,"column":45},"end":{"line":182,"column":72}},"76":{"start":{"line":186,"column":4},"end":{"line":192,"column":6}},"77":{"start":{"line":197,"column":18},"end":{"line":197,"column":29}},"78":{"start":{"line":198,"column":4},"end":{"line":198,"column":30}},"79":{"start":{"line":198,"column":16},"end":{"line":198,"column":30}},"80":{"start":{"line":200,"column":22},"end":{"line":200,"column":71}},"81":{"start":{"line":200,"column":39},"end":{"line":200,"column":63}},"82":{"start":{"line":202,"column":4},"end":{"line":202,"column":56}},"83":{"start":{"line":208,"column":4},"end":{"line":208,"column":77}},"84":{"start":{"line":209,"column":4},"end":{"line":209,"column":77}},"85":{"start":{"line":211,"column":4},"end":{"line":212,"column":47}},"86":{"start":{"line":216,"column":4},"end":{"line":227,"column":5}},"87":{"start":{"line":217,"column":8},"end":{"line":217,"column":49}},"88":{"start":{"line":219,"column":20},"end":{"line":219,"column":30}},"89":{"start":{"line":220,"column":22},"end":{"line":220,"column":32}},"90":{"start":{"line":221,"column":8},"end":{"line":221,"column":42}},"91":{"start":{"line":223,"column":8},"end":{"line":226,"column":10}},"92":{"start":{"line":229,"column":4},"end":{"line":229,"column":62}},"93":{"start":{"line":234,"column":19},"end":{"line":234,"column":21}},"94":{"start":{"line":236,"column":4},"end":{"line":258,"column":7}},"95":{"start":{"line":237,"column":23},"end":{"line":237,"column":33}},"96":{"start":{"line":239,"column":8},"end":{"line":246,"column":9}},"97":{"start":{"line":240,"column":12},"end":{"line":245,"column":14}},"98":{"start":{"line":248,"column":8},"end":{"line":248,"column":34}},"99":{"start":{"line":250,"column":8},"end":{"line":252,"column":9}},"100":{"start":{"line":251,"column":12},"end":{"line":251,"column":40}},"101":{"start":{"line":254,"column":21},"end":{"line":254,"column":40}},"102":{"start":{"line":256,"column":8},"end":{"line":256,"column":41}},"103":{"start":{"line":257,"column":8},"end":{"line":257,"column":72}},"104":{"start":{"line":260,"column":4},"end":{"line":260,"column":18}},"105":{"start":{"line":265,"column":19},"end":{"line":265,"column":21}},"106":{"start":{"line":267,"column":4},"end":{"line":282,"column":7}},"107":{"start":{"line":268,"column":23},"end":{"line":268,"column":33}},"108":{"start":{"line":270,"column":8},"end":{"line":275,"column":9}},"109":{"start":{"line":271,"column":12},"end":{"line":274,"column":14}},"110":{"start":{"line":277,"column":8},"end":{"line":277,"column":34}},"111":{"start":{"line":279,"column":8},"end":{"line":281,"column":9}},"112":{"start":{"line":280,"column":12},"end":{"line":280,"column":42}},"113":{"start":{"line":284,"column":4},"end":{"line":287,"column":7}},"114":{"start":{"line":285,"column":18},"end":{"line":285,"column":32}},"115":{"start":{"line":286,"column":8},"end":{"line":286,"column":78}},"116":{"start":{"line":289,"column":4},"end":{"line":289,"column":18}},"117":{"start":{"line":294,"column":14},"end":{"line":294,"column":30}},"118":{"start":{"line":296,"column":4},"end":{"line":296,"column":31}},"119":{"start":{"line":296,"column":16},"end":{"line":296,"column":31}},"120":{"start":{"line":297,"column":4},"end":{"line":297,"column":32}},"121":{"start":{"line":297,"column":16},"end":{"line":297,"column":32}},"122":{"start":{"line":298,"column":4},"end":{"line":298,"column":17}},"123":{"start":{"line":308,"column":17},"end":{"line":308,"column":41}},"124":{"start":{"line":310,"column":4},"end":{"line":310,"column":31}},"125":{"start":{"line":312,"column":23},"end":{"line":312,"column":53}},"126":{"start":{"line":313,"column":24},"end":{"line":313,"column":64}},"127":{"start":{"line":315,"column":18},"end":{"line":315,"column":58}},"128":{"start":{"line":316,"column":4},"end":{"line":316,"column":25}},"129":{"start":{"line":318,"column":4},"end":{"line":342,"column":7}},"130":{"start":{"line":320,"column":18},"end":{"line":325,"column":9}},"131":{"start":{"line":327,"column":18},"end":{"line":327,"column":59}},"132":{"start":{"line":328,"column":22},"end":{"line":328,"column":42}},"133":{"start":{"line":330,"column":20},"end":{"line":330,"column":48}},"134":{"start":{"line":332,"column":8},"end":{"line":339,"column":10}},"135":{"start":{"line":341,"column":8},"end":{"line":341,"column":31}},"136":{"start":{"line":344,"column":17},"end":{"line":344,"column":63}},"137":{"start":{"line":346,"column":0},"end":{"line":354,"column":3}},"138":{"start":{"line":347,"column":4},"end":{"line":349,"column":7}},"139":{"start":{"line":348,"column":8},"end":{"line":348,"column":34}},"140":{"start":{"line":351,"column":4},"end":{"line":353,"column":7}},"141":{"start":{"line":352,"column":8},"end":{"line":352,"column":34}},"142":{"start":{"line":356,"column":0},"end":{"line":356,"column":22}},"143":{"start":{"line":363,"column":18},"end":{"line":363,"column":32}},"144":{"start":{"line":364,"column":16},"end":{"line":364,"column":28}},"145":{"start":{"line":366,"column":17},"end":{"line":366,"column":48}},"146":{"start":{"line":368,"column":20},"end":{"line":368,"column":49}},"147":{"start":{"line":369,"column":22},"end":{"line":369,"column":56}},"148":{"start":{"line":371,"column":4},"end":{"line":374,"column":6}},"149":{"start":{"line":378,"column":4},"end":{"line":381,"column":13}},"150":{"start":{"line":379,"column":8},"end":{"line":380,"column":37}},"151":{"start":{"line":386,"column":17},"end":{"line":386,"column":44}},"152":{"start":{"line":388,"column":20},"end":{"line":388,"column":57}},"153":{"start":{"line":389,"column":21},"end":{"line":389,"column":68}},"154":{"start":{"line":391,"column":4},"end":{"line":391,"column":60}},"155":{"start":{"line":391,"column":24},"end":{"line":391,"column":60}},"156":{"start":{"line":393,"column":19},"end":{"line":393,"column":58}},"157":{"start":{"line":395,"column":4},"end":{"line":395,"column":35}},"158":{"start":{"line":399,"column":4},"end":{"line":399,"column":29}},"159":{"start":{"line":399,"column":22},"end":{"line":399,"column":29}},"160":{"start":{"line":401,"column":4},"end":{"line":401,"column":56}},"161":{"start":{"line":401,"column":22},"end":{"line":401,"column":54}},"162":{"start":{"line":403,"column":4},"end":{"line":406,"column":5}},"163":{"start":{"line":404,"column":8},"end":{"line":404,"column":48}},"164":{"start":{"line":405,"column":8},"end":{"line":405,"column":31}}},"fnMap":{"0":{"name":"loadAppointments","decl":{"start":{"line":16,"column":15},"end":{"line":16,"column":31}},"loc":{"start":{"line":16,"column":34},"end":{"line":31,"column":1}},"line":16},"1":{"name":"(anonymous_1)","decl":{"start":{"line":20,"column":41},"end":{"line":20,"column":42}},"loc":{"start":{"line":20,"column":49},"end":{"line":23,"column":9}},"line":20},"2":{"name":"loadQueues","decl":{"start":{"line":34,"column":15},"end":{"line":34,"column":25}},"loc":{"start":{"line":34,"column":28},"end":{"line":49,"column":1}},"line":34},"3":{"name":"(anonymous_3)","decl":{"start":{"line":38,"column":35},"end":{"line":38,"column":36}},"loc":{"start":{"line":38,"column":43},"end":{"line":41,"column":9}},"line":38},"4":{"name":"loadClinics","decl":{"start":{"line":52,"column":15},"end":{"line":52,"column":26}},"loc":{"start":{"line":52,"column":29},"end":{"line":67,"column":1}},"line":52},"5":{"name":"(anonymous_5)","decl":{"start":{"line":56,"column":36},"end":{"line":56,"column":37}},"loc":{"start":{"line":56,"column":44},"end":{"line":59,"column":9}},"line":56},"6":{"name":"(anonymous_6)","decl":{"start":{"line":70,"column":46},"end":{"line":70,"column":47}},"loc":{"start":{"line":70,"column":52},"end":{"line":143,"column":1}},"line":70},"7":{"name":"(anonymous_7)","decl":{"start":{"line":81,"column":41},"end":{"line":81,"column":42}},"loc":{"start":{"line":81,"column":48},"end":{"line":88,"column":9}},"line":81},"8":{"name":"(anonymous_8)","decl":{"start":{"line":91,"column":45},"end":{"line":91,"column":46}},"loc":{"start":{"line":91,"column":52},"end":{"line":107,"column":9}},"line":91},"9":{"name":"(anonymous_9)","decl":{"start":{"line":130,"column":42},"end":{"line":130,"column":43}},"loc":{"start":{"line":130,"column":49},"end":{"line":138,"column":9}},"line":130},"10":{"name":"(anonymous_10)","decl":{"start":{"line":134,"column":25},"end":{"line":134,"column":26}},"loc":{"start":{"line":134,"column":32},"end":{"line":137,"column":13}},"line":134},"11":{"name":"checkAndRender","decl":{"start":{"line":145,"column":9},"end":{"line":145,"column":23}},"loc":{"start":{"line":145,"column":26},"end":{"line":149,"column":1}},"line":145},"12":{"name":"inDateRange","decl":{"start":{"line":152,"column":9},"end":{"line":152,"column":20}},"loc":{"start":{"line":152,"column":37},"end":{"line":160,"column":1}},"line":152},"13":{"name":"buildDashboard","decl":{"start":{"line":163,"column":9},"end":{"line":163,"column":23}},"loc":{"start":{"line":163,"column":48},"end":{"line":193,"column":1}},"line":163},"14":{"name":"(anonymous_14)","decl":{"start":{"line":166,"column":30},"end":{"line":166,"column":31}},"loc":{"start":{"line":166,"column":35},"end":{"line":166,"column":64}},"line":166},"15":{"name":"(anonymous_15)","decl":{"start":{"line":170,"column":24},"end":{"line":170,"column":25}},"loc":{"start":{"line":170,"column":29},"end":{"line":170,"column":58}},"line":170},"16":{"name":"(anonymous_16)","decl":{"start":{"line":173,"column":53},"end":{"line":173,"column":54}},"loc":{"start":{"line":174,"column":8},"end":{"line":174,"column":32}},"line":174},"17":{"name":"(anonymous_17)","decl":{"start":{"line":177,"column":48},"end":{"line":177,"column":49}},"loc":{"start":{"line":178,"column":8},"end":{"line":178,"column":32}},"line":178},"18":{"name":"(anonymous_18)","decl":{"start":{"line":182,"column":33},"end":{"line":182,"column":34}},"loc":{"start":{"line":182,"column":45},"end":{"line":182,"column":72}},"line":182},"19":{"name":"getGlobalNoShowRate","decl":{"start":{"line":196,"column":9},"end":{"line":196,"column":28}},"loc":{"start":{"line":196,"column":35},"end":{"line":203,"column":1}},"line":196},"20":{"name":"(anonymous_20)","decl":{"start":{"line":200,"column":34},"end":{"line":200,"column":35}},"loc":{"start":{"line":200,"column":39},"end":{"line":200,"column":63}},"line":200},"21":{"name":"renderKPIs","decl":{"start":{"line":206,"column":9},"end":{"line":206,"column":19}},"loc":{"start":{"line":206,"column":36},"end":{"line":230,"column":1}},"line":206},"22":{"name":"getQueueAnalytics","decl":{"start":{"line":233,"column":9},"end":{"line":233,"column":26}},"loc":{"start":{"line":233,"column":33},"end":{"line":261,"column":1}},"line":233},"23":{"name":"(anonymous_23)","decl":{"start":{"line":236,"column":17},"end":{"line":236,"column":18}},"loc":{"start":{"line":236,"column":22},"end":{"line":258,"column":5}},"line":236},"24":{"name":"getNoShowRateByClinic","decl":{"start":{"line":264,"column":9},"end":{"line":264,"column":30}},"loc":{"start":{"line":264,"column":37},"end":{"line":290,"column":1}},"line":264},"25":{"name":"(anonymous_25)","decl":{"start":{"line":267,"column":17},"end":{"line":267,"column":18}},"loc":{"start":{"line":267,"column":22},"end":{"line":282,"column":5}},"line":267},"26":{"name":"(anonymous_26)","decl":{"start":{"line":284,"column":32},"end":{"line":284,"column":33}},"loc":{"start":{"line":284,"column":42},"end":{"line":287,"column":5}},"line":284},"27":{"name":"getRateColor","decl":{"start":{"line":293,"column":9},"end":{"line":293,"column":21}},"loc":{"start":{"line":293,"column":28},"end":{"line":299,"column":1}},"line":293},"28":{"name":"renderDashboard","decl":{"start":{"line":306,"column":9},"end":{"line":306,"column":24}},"loc":{"start":{"line":306,"column":49},"end":{"line":357,"column":1}},"line":306},"29":{"name":"(anonymous_29)","decl":{"start":{"line":318,"column":20},"end":{"line":318,"column":21}},"loc":{"start":{"line":318,"column":30},"end":{"line":342,"column":5}},"line":318},"30":{"name":"(anonymous_30)","decl":{"start":{"line":346,"column":13},"end":{"line":346,"column":14}},"loc":{"start":{"line":346,"column":29},"end":{"line":354,"column":1}},"line":346},"31":{"name":"(anonymous_31)","decl":{"start":{"line":347,"column":39},"end":{"line":347,"column":40}},"loc":{"start":{"line":347,"column":45},"end":{"line":349,"column":5}},"line":347},"32":{"name":"(anonymous_32)","decl":{"start":{"line":351,"column":34},"end":{"line":351,"column":35}},"loc":{"start":{"line":351,"column":40},"end":{"line":353,"column":5}},"line":351},"33":{"name":"getPreviousPeriod","decl":{"start":{"line":361,"column":9},"end":{"line":361,"column":26}},"loc":{"start":{"line":361,"column":37},"end":{"line":375,"column":1}},"line":361},"34":{"name":"countPatients","decl":{"start":{"line":377,"column":9},"end":{"line":377,"column":22}},"loc":{"start":{"line":377,"column":39},"end":{"line":382,"column":1}},"line":377},"35":{"name":"(anonymous_35)","decl":{"start":{"line":378,"column":23},"end":{"line":378,"column":24}},"loc":{"start":{"line":379,"column":8},"end":{"line":380,"column":37}},"line":379},"36":{"name":"calculatePatientsTrend","decl":{"start":{"line":384,"column":9},"end":{"line":384,"column":31}},"loc":{"start":{"line":384,"column":42},"end":{"line":396,"column":1}},"line":384},"37":{"name":"setActiveRow","decl":{"start":{"line":398,"column":9},"end":{"line":398,"column":21}},"loc":{"start":{"line":398,"column":35},"end":{"line":407,"column":1}},"line":398},"38":{"name":"(anonymous_38)","decl":{"start":{"line":401,"column":17},"end":{"line":401,"column":18}},"loc":{"start":{"line":401,"column":22},"end":{"line":401,"column":54}},"line":401}},"branchMap":{"0":{"loc":{"start":{"line":94,"column":12},"end":{"line":94,"column":37}},"type":"if","locations":[{"start":{"line":94,"column":12},"end":{"line":94,"column":37}},{"start":{},"end":{}}],"line":94},"1":{"loc":{"start":{"line":96,"column":12},"end":{"line":100,"column":13}},"type":"if","locations":[{"start":{"line":96,"column":12},"end":{"line":100,"column":13}},{"start":{},"end":{}}],"line":96},"2":{"loc":{"start":{"line":102,"column":12},"end":{"line":106,"column":13}},"type":"if","locations":[{"start":{"line":102,"column":12},"end":{"line":106,"column":13}},{"start":{},"end":{}}],"line":102},"3":{"loc":{"start":{"line":135,"column":29},"end":{"line":135,"column":77}},"type":"binary-expr","locations":[{"start":{"line":135,"column":29},"end":{"line":135,"column":71}},{"start":{"line":135,"column":75},"end":{"line":135,"column":77}}],"line":135},"4":{"loc":{"start":{"line":136,"column":36},"end":{"line":136,"column":70}},"type":"cond-expr","locations":[{"start":{"line":136,"column":59},"end":{"line":136,"column":61}},{"start":{"line":136,"column":64},"end":{"line":136,"column":70}}],"line":136},"5":{"loc":{"start":{"line":146,"column":4},"end":{"line":148,"column":5}},"type":"if","locations":[{"start":{"line":146,"column":4},"end":{"line":148,"column":5}},{"start":{},"end":{}}],"line":146},"6":{"loc":{"start":{"line":146,"column":8},"end":{"line":146,"column":74}},"type":"binary-expr","locations":[{"start":{"line":146,"column":8},"end":{"line":146,"column":31}},{"start":{"line":146,"column":35},"end":{"line":146,"column":52}},{"start":{"line":146,"column":56},"end":{"line":146,"column":74}}],"line":146},"7":{"loc":{"start":{"line":153,"column":4},"end":{"line":153,"column":34}},"type":"if","locations":[{"start":{"line":153,"column":4},"end":{"line":153,"column":34}},{"start":{},"end":{}}],"line":153},"8":{"loc":{"start":{"line":153,"column":8},"end":{"line":153,"column":20}},"type":"binary-expr","locations":[{"start":{"line":153,"column":8},"end":{"line":153,"column":13}},{"start":{"line":153,"column":17},"end":{"line":153,"column":20}}],"line":153},"9":{"loc":{"start":{"line":159,"column":11},"end":{"line":159,"column":27}},"type":"binary-expr","locations":[{"start":{"line":159,"column":11},"end":{"line":159,"column":17}},{"start":{"line":159,"column":21},"end":{"line":159,"column":27}}],"line":159},"10":{"loc":{"start":{"line":163,"column":24},"end":{"line":163,"column":35}},"type":"default-arg","locations":[{"start":{"line":163,"column":31},"end":{"line":163,"column":35}}],"line":163},"11":{"loc":{"start":{"line":163,"column":37},"end":{"line":163,"column":46}},"type":"default-arg","locations":[{"start":{"line":163,"column":42},"end":{"line":163,"column":46}}],"line":163},"12":{"loc":{"start":{"line":165,"column":33},"end":{"line":167,"column":22}},"type":"cond-expr","locations":[{"start":{"line":166,"column":10},"end":{"line":166,"column":65}},{"start":{"line":167,"column":10},"end":{"line":167,"column":22}}],"line":165},"13":{"loc":{"start":{"line":165,"column":34},"end":{"line":165,"column":44}},"type":"binary-expr","locations":[{"start":{"line":165,"column":34},"end":{"line":165,"column":38}},{"start":{"line":165,"column":42},"end":{"line":165,"column":44}}],"line":165},"14":{"loc":{"start":{"line":169,"column":27},"end":{"line":171,"column":16}},"type":"cond-expr","locations":[{"start":{"line":170,"column":10},"end":{"line":170,"column":59}},{"start":{"line":171,"column":10},"end":{"line":171,"column":16}}],"line":169},"15":{"loc":{"start":{"line":169,"column":28},"end":{"line":169,"column":38}},"type":"binary-expr","locations":[{"start":{"line":169,"column":28},"end":{"line":169,"column":32}},{"start":{"line":169,"column":36},"end":{"line":169,"column":38}}],"line":169},"16":{"loc":{"start":{"line":181,"column":20},"end":{"line":184,"column":11}},"type":"cond-expr","locations":[{"start":{"line":182,"column":10},"end":{"line":183,"column":47}},{"start":{"line":184,"column":10},"end":{"line":184,"column":11}}],"line":181},"17":{"loc":{"start":{"line":182,"column":52},"end":{"line":182,"column":71}},"type":"binary-expr","locations":[{"start":{"line":182,"column":52},"end":{"line":182,"column":66}},{"start":{"line":182,"column":70},"end":{"line":182,"column":71}}],"line":182},"18":{"loc":{"start":{"line":198,"column":4},"end":{"line":198,"column":30}},"type":"if","locations":[{"start":{"line":198,"column":4},"end":{"line":198,"column":30}},{"start":{},"end":{}}],"line":198},"19":{"loc":{"start":{"line":216,"column":4},"end":{"line":227,"column":5}},"type":"if","locations":[{"start":{"line":216,"column":4},"end":{"line":227,"column":5}},{"start":{"line":218,"column":11},"end":{"line":227,"column":5}}],"line":216},"20":{"loc":{"start":{"line":216,"column":8},"end":{"line":216,"column":18}},"type":"binary-expr","locations":[{"start":{"line":216,"column":8},"end":{"line":216,"column":12}},{"start":{"line":216,"column":16},"end":{"line":216,"column":18}}],"line":216},"21":{"loc":{"start":{"line":239,"column":8},"end":{"line":246,"column":9}},"type":"if","locations":[{"start":{"line":239,"column":8},"end":{"line":246,"column":9}},{"start":{},"end":{}}],"line":239},"22":{"loc":{"start":{"line":250,"column":8},"end":{"line":252,"column":9}},"type":"if","locations":[{"start":{"line":250,"column":8},"end":{"line":252,"column":9}},{"start":{},"end":{}}],"line":250},"23":{"loc":{"start":{"line":254,"column":21},"end":{"line":254,"column":40}},"type":"binary-expr","locations":[{"start":{"line":254,"column":21},"end":{"line":254,"column":35}},{"start":{"line":254,"column":39},"end":{"line":254,"column":40}}],"line":254},"24":{"loc":{"start":{"line":270,"column":8},"end":{"line":275,"column":9}},"type":"if","locations":[{"start":{"line":270,"column":8},"end":{"line":275,"column":9}},{"start":{},"end":{}}],"line":270},"25":{"loc":{"start":{"line":279,"column":8},"end":{"line":281,"column":9}},"type":"if","locations":[{"start":{"line":279,"column":8},"end":{"line":281,"column":9}},{"start":{},"end":{}}],"line":279},"26":{"loc":{"start":{"line":286,"column":17},"end":{"line":286,"column":77}},"type":"cond-expr","locations":[{"start":{"line":286,"column":27},"end":{"line":286,"column":69}},{"start":{"line":286,"column":72},"end":{"line":286,"column":77}}],"line":286},"27":{"loc":{"start":{"line":296,"column":4},"end":{"line":296,"column":31}},"type":"if","locations":[{"start":{"line":296,"column":4},"end":{"line":296,"column":31}},{"start":{},"end":{}}],"line":296},"28":{"loc":{"start":{"line":297,"column":4},"end":{"line":297,"column":32}},"type":"if","locations":[{"start":{"line":297,"column":4},"end":{"line":297,"column":32}},{"start":{},"end":{}}],"line":297},"29":{"loc":{"start":{"line":306,"column":25},"end":{"line":306,"column":36}},"type":"default-arg","locations":[{"start":{"line":306,"column":32},"end":{"line":306,"column":36}}],"line":306},"30":{"loc":{"start":{"line":306,"column":38},"end":{"line":306,"column":47}},"type":"default-arg","locations":[{"start":{"line":306,"column":43},"end":{"line":306,"column":47}}],"line":306},"31":{"loc":{"start":{"line":320,"column":18},"end":{"line":325,"column":9}},"type":"binary-expr","locations":[{"start":{"line":320,"column":18},"end":{"line":320,"column":39}},{"start":{"line":320,"column":43},"end":{"line":325,"column":9}}],"line":320},"32":{"loc":{"start":{"line":327,"column":18},"end":{"line":327,"column":59}},"type":"binary-expr","locations":[{"start":{"line":327,"column":18},"end":{"line":327,"column":40}},{"start":{"line":327,"column":44},"end":{"line":327,"column":59}}],"line":327},"33":{"loc":{"start":{"line":334,"column":18},"end":{"line":334,"column":74}},"type":"cond-expr","locations":[{"start":{"line":334,"column":32},"end":{"line":334,"column":66}},{"start":{"line":334,"column":69},"end":{"line":334,"column":74}}],"line":334},"34":{"loc":{"start":{"line":379,"column":8},"end":{"line":380,"column":37}},"type":"binary-expr","locations":[{"start":{"line":379,"column":8},"end":{"line":379,"column":32}},{"start":{"line":380,"column":8},"end":{"line":380,"column":37}}],"line":379},"35":{"loc":{"start":{"line":391,"column":4},"end":{"line":391,"column":60}},"type":"if","locations":[{"start":{"line":391,"column":4},"end":{"line":391,"column":60}},{"start":{},"end":{}}],"line":391},"36":{"loc":{"start":{"line":391,"column":31},"end":{"line":391,"column":59}},"type":"cond-expr","locations":[{"start":{"line":391,"column":45},"end":{"line":391,"column":52}},{"start":{"line":391,"column":55},"end":{"line":391,"column":59}}],"line":391},"37":{"loc":{"start":{"line":399,"column":4},"end":{"line":399,"column":29}},"type":"if","locations":[{"start":{"line":399,"column":4},"end":{"line":399,"column":29}},{"start":{},"end":{}}],"line":399},"38":{"loc":{"start":{"line":403,"column":4},"end":{"line":406,"column":5}},"type":"if","locations":[{"start":{"line":403,"column":4},"end":{"line":406,"column":5}},{"start":{},"end":{}}],"line":403}},"s":{"0":1,"1":1,"2":1,"3":1,"4":1,"5":0,"6":0,"7":0,"8":0,"9":0,"10":0,"11":0,"12":0,"13":0,"14":0,"15":0,"16":0,"17":0,"18":0,"19":0,"20":0,"21":0,"22":0,"23":0,"24":0,"25":0,"26":1,"27":0,"28":0,"29":0,"30":0,"31":0,"32":0,"33":0,"34":0,"35":0,"36":0,"37":0,"38":0,"39":0,"40":0,"41":0,"42":0,"43":0,"44":0,"45":0,"46":0,"47":0,"48":0,"49":0,"50":0,"51":0,"52":0,"53":0,"54":0,"55":0,"56":0,"57":0,"58":0,"59":0,"60":2,"61":0,"62":2,"63":2,"64":2,"65":2,"66":0,"67":0,"68":0,"69":0,"70":0,"71":0,"72":0,"73":0,"74":0,"75":0,"76":0,"77":1,"78":1,"79":0,"80":1,"81":2,"82":1,"83":0,"84":0,"85":0,"86":0,"87":0,"88":0,"89":0,"90":0,"91":0,"92":0,"93":1,"94":1,"95":2,"96":2,"97":1,"98":2,"99":2,"100":1,"101":2,"102":2,"103":2,"104":1,"105":1,"106":1,"107":2,"108":2,"109":1,"110":2,"111":2,"112":1,"113":1,"114":1,"115":1,"116":1,"117":3,"118":3,"119":1,"120":2,"121":1,"122":1,"123":0,"124":0,"125":0,"126":0,"127":0,"128":0,"129":0,"130":0,"131":0,"132":0,"133":0,"134":0,"135":0,"136":0,"137":0,"138":0,"139":0,"140":0,"141":0,"142":0,"143":1,"144":1,"145":1,"146":1,"147":1,"148":1,"149":0,"150":0,"151":0,"152":0,"153":0,"154":0,"155":0,"156":0,"157":0,"158":1,"159":0,"160":1,"161":2,"162":1,"163":1,"164":1},"f":{"0":0,"1":0,"2":0,"3":0,"4":0,"5":0,"6":0,"7":0,"8":0,"9":0,"10":0,"11":0,"12":2,"13":0,"14":0,"15":0,"16":0,"17":0,"18":0,"19":1,"20":2,"21":0,"22":1,"23":2,"24":1,"25":2,"26":1,"27":3,"28":0,"29":0,"30":0,"31":0,"32":0,"33":1,"34":0,"35":0,"36":0,"37":1,"38":2},"b":{"0":[0,0],"1":[0,0],"2":[0,0],"3":[0,0],"4":[0,0],"5":[0,0],"6":[0,0,0],"7":[0,2],"8":[2,2],"9":[2,2],"10":[0],"11":[0],"12":[0,0],"13":[0,0],"14":[0,0],"15":[0,0],"16":[0,0],"17":[0,0],"18":[0,1],"19":[0,0],"20":[0,0],"21":[1,1],"22":[1,1],"23":[2,0],"24":[1,1],"25":[1,1],"26":[1,0],"27":[1,2],"28":[1,1],"29":[0],"30":[0],"31":[0,0],"32":[0,0],"33":[0,0],"34":[0,0],"35":[0,0],"36":[0,0],"37":[0,1],"38":[1,0]},"_coverageSchema":"1a1c01bbd47fc00a2c39e90264f33305004495a9","hash":"ada6ce52a77764c908ff21f6e8b857ea40ad9ca8"}
,"C:\\Users\\reale\\Documents\\School\\Third Year\\COMS3009A-SD\\SDproject\\Admin_WebPages\\clinicManagement.js": {"path":"C:\\Users\\reale\\Documents\\School\\Third Year\\COMS3009A-SD\\SDproject\\Admin_WebPages\\clinicManagement.js","statementMap":{"0":{"start":{"line":12,"column":0},"end":{"line":12,"column":16}},"1":{"start":{"line":17,"column":25},"end":{"line":17,"column":58}},"2":{"start":{"line":18,"column":25},"end":{"line":18,"column":63}},"3":{"start":{"line":19,"column":25},"end":{"line":19,"column":69}},"4":{"start":{"line":20,"column":25},"end":{"line":20,"column":68}},"5":{"start":{"line":21,"column":25},"end":{"line":21,"column":64}},"6":{"start":{"line":22,"column":25},"end":{"line":22,"column":68}},"7":{"start":{"line":23,"column":25},"end":{"line":23,"column":74}},"8":{"start":{"line":24,"column":25},"end":{"line":24,"column":73}},"9":{"start":{"line":25,"column":25},"end":{"line":25,"column":64}},"10":{"start":{"line":27,"column":27},"end":{"line":27,"column":31}},"11":{"start":{"line":28,"column":27},"end":{"line":28,"column":31}},"12":{"start":{"line":29,"column":27},"end":{"line":29,"column":29}},"13":{"start":{"line":34,"column":0},"end":{"line":36,"column":3}},"14":{"start":{"line":35,"column":4},"end":{"line":35,"column":33}},"15":{"start":{"line":38,"column":0},"end":{"line":44,"column":3}},"16":{"start":{"line":39,"column":4},"end":{"line":43,"column":7}},"17":{"start":{"line":40,"column":8},"end":{"line":40,"column":48}},"18":{"start":{"line":41,"column":8},"end":{"line":41,"column":48}},"19":{"start":{"line":42,"column":8},"end":{"line":42,"column":48}},"20":{"start":{"line":46,"column":0},"end":{"line":50,"column":3}},"21":{"start":{"line":47,"column":4},"end":{"line":47,"column":79}},"22":{"start":{"line":47,"column":39},"end":{"line":47,"column":79}},"23":{"start":{"line":48,"column":4},"end":{"line":48,"column":79}},"24":{"start":{"line":48,"column":39},"end":{"line":48,"column":79}},"25":{"start":{"line":49,"column":4},"end":{"line":49,"column":79}},"26":{"start":{"line":49,"column":39},"end":{"line":49,"column":79}},"27":{"start":{"line":56,"column":22},"end":{"line":56,"column":56}},"28":{"start":{"line":57,"column":4},"end":{"line":57,"column":29}},"29":{"start":{"line":58,"column":4},"end":{"line":58,"column":17}},"30":{"start":{"line":60,"column":4},"end":{"line":80,"column":5}},"31":{"start":{"line":61,"column":30},"end":{"line":61,"column":77}},"32":{"start":{"line":63,"column":8},"end":{"line":74,"column":11}},"33":{"start":{"line":64,"column":25},"end":{"line":64,"column":39}},"34":{"start":{"line":65,"column":12},"end":{"line":73,"column":15}},"35":{"start":{"line":76,"column":8},"end":{"line":76,"column":31}},"36":{"start":{"line":79,"column":8},"end":{"line":79,"column":56}},"37":{"start":{"line":84,"column":22},"end":{"line":84,"column":56}},"38":{"start":{"line":85,"column":4},"end":{"line":85,"column":29}},"39":{"start":{"line":86,"column":4},"end":{"line":94,"column":7}},"40":{"start":{"line":86,"column":22},"end":{"line":94,"column":5}},"41":{"start":{"line":97,"column":0},"end":{"line":97,"column":14}},"42":{"start":{"line":103,"column":22},"end":{"line":103,"column":56}},"43":{"start":{"line":104,"column":22},"end":{"line":104,"column":55}},"44":{"start":{"line":105,"column":4},"end":{"line":105,"column":35}},"45":{"start":{"line":107,"column":25},"end":{"line":111,"column":5}},"46":{"start":{"line":113,"column":19},"end":{"line":113,"column":65}},"47":{"start":{"line":115,"column":4},"end":{"line":150,"column":6}},"48":{"start":{"line":140,"column":39},"end":{"line":140,"column":81}},"49":{"start":{"line":152,"column":4},"end":{"line":152,"column":34}},"50":{"start":{"line":155,"column":4},"end":{"line":163,"column":7}},"51":{"start":{"line":156,"column":8},"end":{"line":156,"column":52}},"52":{"start":{"line":156,"column":45},"end":{"line":156,"column":52}},"53":{"start":{"line":157,"column":8},"end":{"line":162,"column":9}},"54":{"start":{"line":158,"column":12},"end":{"line":158,"column":59}},"55":{"start":{"line":159,"column":12},"end":{"line":159,"column":28}},"56":{"start":{"line":161,"column":12},"end":{"line":161,"column":59}},"57":{"start":{"line":166,"column":4},"end":{"line":168,"column":7}},"58":{"start":{"line":167,"column":8},"end":{"line":167,"column":69}},"59":{"start":{"line":171,"column":4},"end":{"line":191,"column":7}},"60":{"start":{"line":172,"column":8},"end":{"line":172,"column":34}},"61":{"start":{"line":174,"column":22},"end":{"line":176,"column":9}},"62":{"start":{"line":178,"column":8},"end":{"line":188,"column":9}},"63":{"start":{"line":179,"column":12},"end":{"line":179,"column":73}},"64":{"start":{"line":180,"column":12},"end":{"line":180,"column":73}},"65":{"start":{"line":181,"column":12},"end":{"line":181,"column":73}},"66":{"start":{"line":182,"column":12},"end":{"line":182,"column":73}},"67":{"start":{"line":184,"column":12},"end":{"line":184,"column":60}},"68":{"start":{"line":185,"column":12},"end":{"line":185,"column":60}},"69":{"start":{"line":186,"column":12},"end":{"line":186,"column":60}},"70":{"start":{"line":187,"column":12},"end":{"line":187,"column":60}},"71":{"start":{"line":190,"column":8},"end":{"line":190,"column":48}},"72":{"start":{"line":197,"column":0},"end":{"line":224,"column":3}},"73":{"start":{"line":198,"column":4},"end":{"line":198,"column":23}},"74":{"start":{"line":200,"column":21},"end":{"line":200,"column":71}},"75":{"start":{"line":201,"column":21},"end":{"line":201,"column":69}},"76":{"start":{"line":202,"column":21},"end":{"line":202,"column":66}},"77":{"start":{"line":203,"column":21},"end":{"line":203,"column":66}},"78":{"start":{"line":204,"column":21},"end":{"line":204,"column":62}},"79":{"start":{"line":206,"column":4},"end":{"line":223,"column":5}},"80":{"start":{"line":207,"column":8},"end":{"line":215,"column":11}},"81":{"start":{"line":217,"column":8},"end":{"line":217,"column":22}},"82":{"start":{"line":218,"column":8},"end":{"line":218,"column":24}},"83":{"start":{"line":219,"column":8},"end":{"line":219,"column":48}},"84":{"start":{"line":220,"column":8},"end":{"line":220,"column":37}},"85":{"start":{"line":222,"column":8},"end":{"line":222,"column":53}},"86":{"start":{"line":229,"column":0},"end":{"line":254,"column":3}},"87":{"start":{"line":230,"column":4},"end":{"line":230,"column":23}},"88":{"start":{"line":232,"column":21},"end":{"line":232,"column":77}},"89":{"start":{"line":233,"column":21},"end":{"line":233,"column":75}},"90":{"start":{"line":234,"column":21},"end":{"line":234,"column":72}},"91":{"start":{"line":235,"column":21},"end":{"line":235,"column":72}},"92":{"start":{"line":236,"column":21},"end":{"line":236,"column":68}},"93":{"start":{"line":238,"column":4},"end":{"line":253,"column":5}},"94":{"start":{"line":239,"column":8},"end":{"line":245,"column":11}},"95":{"start":{"line":247,"column":8},"end":{"line":247,"column":22}},"96":{"start":{"line":248,"column":8},"end":{"line":248,"column":27}},"97":{"start":{"line":249,"column":8},"end":{"line":249,"column":54}},"98":{"start":{"line":250,"column":8},"end":{"line":250,"column":43}},"99":{"start":{"line":252,"column":8},"end":{"line":252,"column":55}},"100":{"start":{"line":259,"column":0},"end":{"line":285,"column":3}},"101":{"start":{"line":260,"column":4},"end":{"line":260,"column":23}},"102":{"start":{"line":262,"column":4},"end":{"line":265,"column":5}},"103":{"start":{"line":263,"column":8},"end":{"line":263,"column":37}},"104":{"start":{"line":264,"column":8},"end":{"line":264,"column":15}},"105":{"start":{"line":267,"column":22},"end":{"line":267,"column":63}},"106":{"start":{"line":268,"column":22},"end":{"line":268,"column":61}},"107":{"start":{"line":269,"column":22},"end":{"line":269,"column":64}},"108":{"start":{"line":270,"column":22},"end":{"line":270,"column":62}},"109":{"start":{"line":271,"column":22},"end":{"line":271,"column":70}},"110":{"start":{"line":273,"column":4},"end":{"line":284,"column":5}},"111":{"start":{"line":274,"column":8},"end":{"line":276,"column":11}},"112":{"start":{"line":278,"column":8},"end":{"line":278,"column":22}},"113":{"start":{"line":279,"column":8},"end":{"line":279,"column":26}},"114":{"start":{"line":280,"column":8},"end":{"line":280,"column":48}},"115":{"start":{"line":281,"column":8},"end":{"line":281,"column":36}},"116":{"start":{"line":283,"column":8},"end":{"line":283,"column":54}},"117":{"start":{"line":291,"column":4},"end":{"line":291,"column":25}},"118":{"start":{"line":292,"column":4},"end":{"line":292,"column":39}},"119":{"start":{"line":294,"column":4},"end":{"line":294,"column":63}},"120":{"start":{"line":295,"column":4},"end":{"line":295,"column":66}},"121":{"start":{"line":296,"column":4},"end":{"line":296,"column":65}},"122":{"start":{"line":297,"column":4},"end":{"line":297,"column":69}},"123":{"start":{"line":299,"column":4},"end":{"line":299,"column":64}},"124":{"start":{"line":305,"column":0},"end":{"line":320,"column":3}},"125":{"start":{"line":306,"column":18},"end":{"line":306,"column":53}},"126":{"start":{"line":308,"column":21},"end":{"line":317,"column":5}},"127":{"start":{"line":309,"column":8},"end":{"line":316,"column":25}},"128":{"start":{"line":319,"column":4},"end":{"line":319,"column":28}},"129":{"start":{"line":325,"column":0},"end":{"line":354,"column":3}},"130":{"start":{"line":327,"column":4},"end":{"line":336,"column":7}},"131":{"start":{"line":328,"column":8},"end":{"line":335,"column":11}},"132":{"start":{"line":329,"column":12},"end":{"line":329,"column":32}},"133":{"start":{"line":330,"column":27},"end":{"line":330,"column":60}},"134":{"start":{"line":331,"column":12},"end":{"line":333,"column":15}},"135":{"start":{"line":332,"column":16},"end":{"line":332,"column":61}},"136":{"start":{"line":332,"column":34},"end":{"line":332,"column":61}},"137":{"start":{"line":334,"column":12},"end":{"line":334,"column":44}},"138":{"start":{"line":338,"column":4},"end":{"line":342,"column":7}},"139":{"start":{"line":339,"column":8},"end":{"line":341,"column":11}},"140":{"start":{"line":340,"column":12},"end":{"line":340,"column":32}},"141":{"start":{"line":344,"column":4},"end":{"line":346,"column":7}},"142":{"start":{"line":345,"column":8},"end":{"line":345,"column":93}},"143":{"start":{"line":345,"column":65},"end":{"line":345,"column":91}},"144":{"start":{"line":348,"column":4},"end":{"line":353,"column":7}},"145":{"start":{"line":349,"column":8},"end":{"line":352,"column":11}},"146":{"start":{"line":350,"column":12},"end":{"line":350,"column":32}},"147":{"start":{"line":351,"column":12},"end":{"line":351,"column":61}},"148":{"start":{"line":357,"column":20},"end":{"line":358,"column":28}},"149":{"start":{"line":358,"column":19},"end":{"line":358,"column":27}},"150":{"start":{"line":359,"column":20},"end":{"line":359,"column":61}},"151":{"start":{"line":360,"column":4},"end":{"line":362,"column":69}},"152":{"start":{"line":366,"column":4},"end":{"line":368,"column":26}},"153":{"start":{"line":368,"column":16},"end":{"line":368,"column":24}},"154":{"start":{"line":372,"column":4},"end":{"line":374,"column":7}},"155":{"start":{"line":373,"column":8},"end":{"line":373,"column":27}},"156":{"start":{"line":375,"column":4},"end":{"line":375,"column":60}},"157":{"start":{"line":379,"column":21},"end":{"line":379,"column":86}},"158":{"start":{"line":380,"column":4},"end":{"line":382,"column":7}},"159":{"start":{"line":381,"column":8},"end":{"line":381,"column":49}},"160":{"start":{"line":383,"column":4},"end":{"line":383,"column":60}}},"fnMap":{"0":{"name":"(anonymous_0)","decl":{"start":{"line":34,"column":33},"end":{"line":34,"column":34}},"loc":{"start":{"line":34,"column":39},"end":{"line":36,"column":1}},"line":34},"1":{"name":"(anonymous_1)","decl":{"start":{"line":38,"column":18},"end":{"line":38,"column":19}},"loc":{"start":{"line":38,"column":25},"end":{"line":44,"column":1}},"line":38},"2":{"name":"(anonymous_2)","decl":{"start":{"line":39,"column":34},"end":{"line":39,"column":35}},"loc":{"start":{"line":39,"column":40},"end":{"line":43,"column":5}},"line":39},"3":{"name":"(anonymous_3)","decl":{"start":{"line":46,"column":33},"end":{"line":46,"column":34}},"loc":{"start":{"line":46,"column":40},"end":{"line":50,"column":1}},"line":46},"4":{"name":"loadClinics","decl":{"start":{"line":55,"column":15},"end":{"line":55,"column":26}},"loc":{"start":{"line":55,"column":29},"end":{"line":81,"column":1}},"line":55},"5":{"name":"(anonymous_5)","decl":{"start":{"line":63,"column":30},"end":{"line":63,"column":31}},"loc":{"start":{"line":63,"column":43},"end":{"line":74,"column":9}},"line":63},"6":{"name":"renderClinics","decl":{"start":{"line":83,"column":9},"end":{"line":83,"column":22}},"loc":{"start":{"line":83,"column":29},"end":{"line":95,"column":1}},"line":83},"7":{"name":"(anonymous_7)","decl":{"start":{"line":86,"column":17},"end":{"line":86,"column":18}},"loc":{"start":{"line":86,"column":22},"end":{"line":94,"column":5}},"line":86},"8":{"name":"addClinicToUI","decl":{"start":{"line":102,"column":9},"end":{"line":102,"column":22}},"loc":{"start":{"line":102,"column":97},"end":{"line":192,"column":1}},"line":102},"9":{"name":"(anonymous_9)","decl":{"start":{"line":140,"column":34},"end":{"line":140,"column":35}},"loc":{"start":{"line":140,"column":39},"end":{"line":140,"column":81}},"line":140},"10":{"name":"(anonymous_10)","decl":{"start":{"line":155,"column":66},"end":{"line":155,"column":67}},"loc":{"start":{"line":155,"column":78},"end":{"line":163,"column":5}},"line":155},"11":{"name":"(anonymous_11)","decl":{"start":{"line":166,"column":66},"end":{"line":166,"column":67}},"loc":{"start":{"line":166,"column":72},"end":{"line":168,"column":5}},"line":166},"12":{"name":"(anonymous_12)","decl":{"start":{"line":171,"column":65},"end":{"line":171,"column":66}},"loc":{"start":{"line":171,"column":71},"end":{"line":191,"column":5}},"line":171},"13":{"name":"(anonymous_13)","decl":{"start":{"line":197,"column":35},"end":{"line":197,"column":36}},"loc":{"start":{"line":197,"column":48},"end":{"line":224,"column":1}},"line":197},"14":{"name":"(anonymous_14)","decl":{"start":{"line":229,"column":38},"end":{"line":229,"column":39}},"loc":{"start":{"line":229,"column":51},"end":{"line":254,"column":1}},"line":229},"15":{"name":"(anonymous_15)","decl":{"start":{"line":259,"column":37},"end":{"line":259,"column":38}},"loc":{"start":{"line":259,"column":50},"end":{"line":285,"column":1}},"line":259},"16":{"name":"openEditModal","decl":{"start":{"line":290,"column":9},"end":{"line":290,"column":22}},"loc":{"start":{"line":290,"column":70},"end":{"line":300,"column":1}},"line":290},"17":{"name":"(anonymous_17)","decl":{"start":{"line":305,"column":38},"end":{"line":305,"column":39}},"loc":{"start":{"line":305,"column":45},"end":{"line":320,"column":1}},"line":305},"18":{"name":"(anonymous_18)","decl":{"start":{"line":308,"column":36},"end":{"line":308,"column":37}},"loc":{"start":{"line":309,"column":8},"end":{"line":316,"column":25}},"line":309},"19":{"name":"(anonymous_19)","decl":{"start":{"line":325,"column":46},"end":{"line":325,"column":47}},"loc":{"start":{"line":325,"column":52},"end":{"line":354,"column":1}},"line":325},"20":{"name":"(anonymous_20)","decl":{"start":{"line":327,"column":72},"end":{"line":327,"column":73}},"loc":{"start":{"line":327,"column":83},"end":{"line":336,"column":5}},"line":327},"21":{"name":"(anonymous_21)","decl":{"start":{"line":328,"column":42},"end":{"line":328,"column":43}},"loc":{"start":{"line":328,"column":49},"end":{"line":335,"column":9}},"line":328},"22":{"name":"(anonymous_22)","decl":{"start":{"line":331,"column":64},"end":{"line":331,"column":65}},"loc":{"start":{"line":331,"column":69},"end":{"line":333,"column":13}},"line":331},"23":{"name":"(anonymous_23)","decl":{"start":{"line":338,"column":72},"end":{"line":338,"column":73}},"loc":{"start":{"line":338,"column":83},"end":{"line":342,"column":5}},"line":338},"24":{"name":"(anonymous_24)","decl":{"start":{"line":339,"column":42},"end":{"line":339,"column":43}},"loc":{"start":{"line":339,"column":49},"end":{"line":341,"column":9}},"line":339},"25":{"name":"(anonymous_25)","decl":{"start":{"line":344,"column":39},"end":{"line":344,"column":40}},"loc":{"start":{"line":344,"column":45},"end":{"line":346,"column":5}},"line":344},"26":{"name":"(anonymous_26)","decl":{"start":{"line":345,"column":60},"end":{"line":345,"column":61}},"loc":{"start":{"line":345,"column":65},"end":{"line":345,"column":91}},"line":345},"27":{"name":"(anonymous_27)","decl":{"start":{"line":348,"column":79},"end":{"line":348,"column":80}},"loc":{"start":{"line":348,"column":85},"end":{"line":353,"column":5}},"line":348},"28":{"name":"(anonymous_28)","decl":{"start":{"line":349,"column":38},"end":{"line":349,"column":39}},"loc":{"start":{"line":349,"column":45},"end":{"line":352,"column":9}},"line":349},"29":{"name":"updateTriggerLabel","decl":{"start":{"line":356,"column":9},"end":{"line":356,"column":27}},"loc":{"start":{"line":356,"column":38},"end":{"line":363,"column":1}},"line":356},"30":{"name":"(anonymous_30)","decl":{"start":{"line":358,"column":13},"end":{"line":358,"column":14}},"loc":{"start":{"line":358,"column":19},"end":{"line":358,"column":27}},"line":358},"31":{"name":"getSelectedServices","decl":{"start":{"line":365,"column":9},"end":{"line":365,"column":28}},"loc":{"start":{"line":365,"column":41},"end":{"line":369,"column":1}},"line":365},"32":{"name":"(anonymous_32)","decl":{"start":{"line":368,"column":10},"end":{"line":368,"column":11}},"loc":{"start":{"line":368,"column":16},"end":{"line":368,"column":24}},"line":368},"33":{"name":"clearServices","decl":{"start":{"line":371,"column":9},"end":{"line":371,"column":22}},"loc":{"start":{"line":371,"column":35},"end":{"line":376,"column":1}},"line":371},"34":{"name":"(anonymous_34)","decl":{"start":{"line":372,"column":79},"end":{"line":372,"column":80}},"loc":{"start":{"line":372,"column":85},"end":{"line":374,"column":5}},"line":372},"35":{"name":"preselectServices","decl":{"start":{"line":378,"column":9},"end":{"line":378,"column":26}},"loc":{"start":{"line":378,"column":49},"end":{"line":384,"column":1}},"line":378},"36":{"name":"(anonymous_36)","decl":{"start":{"line":380,"column":79},"end":{"line":380,"column":80}},"loc":{"start":{"line":380,"column":85},"end":{"line":382,"column":5}},"line":380}},"branchMap":{"0":{"loc":{"start":{"line":47,"column":4},"end":{"line":47,"column":79}},"type":"if","locations":[{"start":{"line":47,"column":4},"end":{"line":47,"column":79}},{"start":{},"end":{}}],"line":47},"1":{"loc":{"start":{"line":48,"column":4},"end":{"line":48,"column":79}},"type":"if","locations":[{"start":{"line":48,"column":4},"end":{"line":48,"column":79}},{"start":{},"end":{}}],"line":48},"2":{"loc":{"start":{"line":49,"column":4},"end":{"line":49,"column":79}},"type":"if","locations":[{"start":{"line":49,"column":4},"end":{"line":49,"column":79}},{"start":{},"end":{}}],"line":49},"3":{"loc":{"start":{"line":69,"column":32},"end":{"line":69,"column":51}},"type":"binary-expr","locations":[{"start":{"line":69,"column":32},"end":{"line":69,"column":45}},{"start":{"line":69,"column":49},"end":{"line":69,"column":51}}],"line":69},"4":{"loc":{"start":{"line":70,"column":32},"end":{"line":70,"column":55}},"type":"binary-expr","locations":[{"start":{"line":70,"column":32},"end":{"line":70,"column":43}},{"start":{"line":70,"column":47},"end":{"line":70,"column":55}}],"line":70},"5":{"loc":{"start":{"line":71,"column":32},"end":{"line":71,"column":59}},"type":"binary-expr","locations":[{"start":{"line":71,"column":32},"end":{"line":71,"column":44}},{"start":{"line":71,"column":48},"end":{"line":71,"column":59}}],"line":71},"6":{"loc":{"start":{"line":72,"column":32},"end":{"line":72,"column":75}},"type":"binary-expr","locations":[{"start":{"line":72,"column":32},"end":{"line":72,"column":50}},{"start":{"line":72,"column":54},"end":{"line":72,"column":75}}],"line":72},"7":{"loc":{"start":{"line":102,"column":43},"end":{"line":102,"column":60}},"type":"default-arg","locations":[{"start":{"line":102,"column":52},"end":{"line":102,"column":60}}],"line":102},"8":{"loc":{"start":{"line":113,"column":19},"end":{"line":113,"column":65}},"type":"binary-expr","locations":[{"start":{"line":113,"column":19},"end":{"line":113,"column":39}},{"start":{"line":113,"column":43},"end":{"line":113,"column":65}}],"line":113},"9":{"loc":{"start":{"line":122,"column":20},"end":{"line":125,"column":28}},"type":"cond-expr","locations":[{"start":{"line":124,"column":26},"end":{"line":124,"column":41}},{"start":{"line":125,"column":26},"end":{"line":125,"column":28}}],"line":122},"10":{"loc":{"start":{"line":122,"column":20},"end":{"line":123,"column":63}},"type":"binary-expr","locations":[{"start":{"line":122,"column":20},"end":{"line":122,"column":28}},{"start":{"line":123,"column":20},"end":{"line":123,"column":63}}],"line":122},"11":{"loc":{"start":{"line":134,"column":21},"end":{"line":136,"column":43}},"type":"cond-expr","locations":[{"start":{"line":135,"column":22},"end":{"line":135,"column":36}},{"start":{"line":136,"column":22},"end":{"line":136,"column":43}}],"line":134},"12":{"loc":{"start":{"line":134,"column":21},"end":{"line":134,"column":79}},"type":"binary-expr","locations":[{"start":{"line":134,"column":21},"end":{"line":134,"column":35}},{"start":{"line":134,"column":39},"end":{"line":134,"column":79}}],"line":134},"13":{"loc":{"start":{"line":139,"column":18},"end":{"line":141,"column":83}},"type":"cond-expr","locations":[{"start":{"line":140,"column":22},"end":{"line":140,"column":91}},{"start":{"line":141,"column":22},"end":{"line":141,"column":83}}],"line":139},"14":{"loc":{"start":{"line":141,"column":51},"end":{"line":141,"column":71}},"type":"binary-expr","locations":[{"start":{"line":141,"column":51},"end":{"line":141,"column":58}},{"start":{"line":141,"column":62},"end":{"line":141,"column":71}}],"line":141},"15":{"loc":{"start":{"line":156,"column":8},"end":{"line":156,"column":52}},"type":"if","locations":[{"start":{"line":156,"column":8},"end":{"line":156,"column":52}},{"start":{},"end":{}}],"line":156},"16":{"loc":{"start":{"line":174,"column":23},"end":{"line":174,"column":43}},"type":"binary-expr","locations":[{"start":{"line":174,"column":23},"end":{"line":174,"column":37}},{"start":{"line":174,"column":41},"end":{"line":174,"column":43}}],"line":174},"17":{"loc":{"start":{"line":178,"column":8},"end":{"line":188,"column":9}},"type":"if","locations":[{"start":{"line":178,"column":8},"end":{"line":188,"column":9}},{"start":{"line":183,"column":15},"end":{"line":188,"column":9}}],"line":178},"18":{"loc":{"start":{"line":213,"column":27},"end":{"line":213,"column":71}},"type":"cond-expr","locations":[{"start":{"line":213,"column":49},"end":{"line":213,"column":57}},{"start":{"line":213,"column":60},"end":{"line":213,"column":71}}],"line":213},"19":{"loc":{"start":{"line":243,"column":21},"end":{"line":243,"column":65}},"type":"cond-expr","locations":[{"start":{"line":243,"column":43},"end":{"line":243,"column":51}},{"start":{"line":243,"column":54},"end":{"line":243,"column":65}}],"line":243},"20":{"loc":{"start":{"line":262,"column":4},"end":{"line":265,"column":5}},"type":"if","locations":[{"start":{"line":262,"column":4},"end":{"line":265,"column":5}},{"start":{},"end":{}}],"line":262},"21":{"loc":{"start":{"line":297,"column":54},"end":{"line":297,"column":68}},"type":"binary-expr","locations":[{"start":{"line":297,"column":54},"end":{"line":297,"column":62}},{"start":{"line":297,"column":66},"end":{"line":297,"column":68}}],"line":297},"22":{"loc":{"start":{"line":309,"column":8},"end":{"line":316,"column":25}},"type":"binary-expr","locations":[{"start":{"line":309,"column":8},"end":{"line":309,"column":55}},{"start":{"line":310,"column":8},"end":{"line":310,"column":55}},{"start":{"line":311,"column":8},"end":{"line":311,"column":55}},{"start":{"line":312,"column":8},"end":{"line":312,"column":56}},{"start":{"line":313,"column":8},"end":{"line":316,"column":25}}],"line":309},"23":{"loc":{"start":{"line":309,"column":9},"end":{"line":309,"column":24}},"type":"binary-expr","locations":[{"start":{"line":309,"column":9},"end":{"line":309,"column":15}},{"start":{"line":309,"column":22},"end":{"line":309,"column":24}}],"line":309},"24":{"loc":{"start":{"line":310,"column":9},"end":{"line":310,"column":24}},"type":"binary-expr","locations":[{"start":{"line":310,"column":9},"end":{"line":310,"column":18}},{"start":{"line":310,"column":22},"end":{"line":310,"column":24}}],"line":310},"25":{"loc":{"start":{"line":311,"column":9},"end":{"line":311,"column":24}},"type":"binary-expr","locations":[{"start":{"line":311,"column":9},"end":{"line":311,"column":17}},{"start":{"line":311,"column":22},"end":{"line":311,"column":24}}],"line":311},"26":{"loc":{"start":{"line":312,"column":9},"end":{"line":312,"column":25}},"type":"binary-expr","locations":[{"start":{"line":312,"column":9},"end":{"line":312,"column":19}},{"start":{"line":312,"column":23},"end":{"line":312,"column":25}}],"line":312},"27":{"loc":{"start":{"line":313,"column":9},"end":{"line":315,"column":45}},"type":"cond-expr","locations":[{"start":{"line":314,"column":14},"end":{"line":314,"column":47}},{"start":{"line":315,"column":14},"end":{"line":315,"column":45}}],"line":313},"28":{"loc":{"start":{"line":315,"column":15},"end":{"line":315,"column":30}},"type":"binary-expr","locations":[{"start":{"line":315,"column":15},"end":{"line":315,"column":24}},{"start":{"line":315,"column":28},"end":{"line":315,"column":30}}],"line":315},"29":{"loc":{"start":{"line":332,"column":16},"end":{"line":332,"column":61}},"type":"if","locations":[{"start":{"line":332,"column":16},"end":{"line":332,"column":61}},{"start":{},"end":{}}],"line":332},"30":{"loc":{"start":{"line":360,"column":24},"end":{"line":362,"column":68}},"type":"cond-expr","locations":[{"start":{"line":361,"column":10},"end":{"line":361,"column":74}},{"start":{"line":362,"column":10},"end":{"line":362,"column":68}}],"line":360},"31":{"loc":{"start":{"line":379,"column":21},"end":{"line":379,"column":86}},"type":"cond-expr","locations":[{"start":{"line":379,"column":47},"end":{"line":379,"column":55}},{"start":{"line":379,"column":59},"end":{"line":379,"column":85}}],"line":379},"32":{"loc":{"start":{"line":379,"column":59},"end":{"line":379,"column":85}},"type":"cond-expr","locations":[{"start":{"line":379,"column":70},"end":{"line":379,"column":80}},{"start":{"line":379,"column":83},"end":{"line":379,"column":85}}],"line":379}},"s":{"0":1,"1":1,"2":1,"3":1,"4":1,"5":1,"6":1,"7":1,"8":1,"9":1,"10":1,"11":1,"12":1,"13":1,"14":0,"15":1,"16":1,"17":0,"18":0,"19":0,"20":1,"21":0,"22":0,"23":0,"24":0,"25":0,"26":0,"27":1,"28":1,"29":1,"30":1,"31":1,"32":1,"33":0,"34":0,"35":1,"36":0,"37":1,"38":1,"39":1,"40":0,"41":1,"42":1,"43":1,"44":1,"45":1,"46":1,"47":1,"48":1,"49":1,"50":1,"51":0,"52":0,"53":0,"54":0,"55":0,"56":0,"57":1,"58":0,"59":1,"60":0,"61":0,"62":0,"63":0,"64":0,"65":0,"66":0,"67":0,"68":0,"69":0,"70":0,"71":0,"72":1,"73":0,"74":0,"75":0,"76":0,"77":0,"78":0,"79":0,"80":0,"81":0,"82":0,"83":0,"84":0,"85":0,"86":1,"87":0,"88":0,"89":0,"90":0,"91":0,"92":0,"93":0,"94":0,"95":0,"96":0,"97":0,"98":0,"99":0,"100":1,"101":0,"102":0,"103":0,"104":0,"105":0,"106":0,"107":0,"108":0,"109":0,"110":0,"111":0,"112":0,"113":0,"114":0,"115":0,"116":0,"117":1,"118":1,"119":1,"120":1,"121":1,"122":1,"123":1,"124":1,"125":0,"126":0,"127":0,"128":0,"129":1,"130":0,"131":0,"132":0,"133":0,"134":0,"135":0,"136":0,"137":0,"138":0,"139":0,"140":0,"141":0,"142":0,"143":0,"144":0,"145":0,"146":0,"147":0,"148":4,"149":3,"150":4,"151":4,"152":1,"153":1,"154":1,"155":2,"156":1,"157":2,"158":2,"159":4,"160":2},"f":{"0":0,"1":1,"2":0,"3":0,"4":1,"5":0,"6":1,"7":0,"8":1,"9":1,"10":0,"11":0,"12":0,"13":0,"14":0,"15":0,"16":1,"17":0,"18":0,"19":0,"20":0,"21":0,"22":0,"23":0,"24":0,"25":0,"26":0,"27":0,"28":0,"29":4,"30":3,"31":1,"32":1,"33":1,"34":2,"35":2,"36":4},"b":{"0":[0,0],"1":[0,0],"2":[0,0],"3":[0,0],"4":[0,0],"5":[0,0],"6":[0,0],"7":[0],"8":[1,0],"9":[1,0],"10":[1,1],"11":[1,0],"12":[1,1],"13":[1,0],"14":[0,0],"15":[0,0],"16":[0,0],"17":[0,0],"18":[0,0],"19":[0,0],"20":[0,0],"21":[1,0],"22":[0,0,0,0,0],"23":[0,0],"24":[0,0],"25":[0,0],"26":[0,0],"27":[0,0],"28":[0,0],"29":[0,0],"30":[3,1],"31":[2,0],"32":[0,0]},"_coverageSchema":"1a1c01bbd47fc00a2c39e90264f33305004495a9","hash":"2930648438c1bf37e02b74a47eac744264b7d677"}
,"C:\\Users\\reale\\Documents\\School\\Third Year\\COMS3009A-SD\\SDproject\\Admin_WebPages\\staffLogic.js": {"path":"C:\\Users\\reale\\Documents\\School\\Third Year\\COMS3009A-SD\\SDproject\\Admin_WebPages\\staffLogic.js","statementMap":{"0":{"start":{"line":19,"column":2},"end":{"line":21,"column":3}},"1":{"start":{"line":20,"column":4},"end":{"line":20,"column":36}},"2":{"start":{"line":22,"column":2},"end":{"line":22,"column":14}},"3":{"start":{"line":32,"column":2},"end":{"line":38,"column":4}},"4":{"start":{"line":54,"column":2},"end":{"line":62,"column":3}},"5":{"start":{"line":55,"column":4},"end":{"line":61,"column":6}},"6":{"start":{"line":65,"column":2},"end":{"line":81,"column":14}},"7":{"start":{"line":66,"column":57},"end":{"line":80,"column":5}},"8":{"start":{"line":90,"column":2},"end":{"line":90,"column":32}},"9":{"start":{"line":90,"column":20},"end":{"line":90,"column":32}},"10":{"start":{"line":91,"column":2},"end":{"line":91,"column":36}},"11":{"start":{"line":101,"column":18},"end":{"line":101,"column":44}},"12":{"start":{"line":102,"column":2},"end":{"line":102,"column":40}},"13":{"start":{"line":117,"column":0},"end":{"line":125,"column":1}},"14":{"start":{"line":118,"column":2},"end":{"line":124,"column":2}},"15":{"start":{"line":128,"column":0},"end":{"line":136,"column":1}},"16":{"start":{"line":129,"column":2},"end":{"line":135,"column":4}}},"fnMap":{"0":{"name":"validateStaffForm","decl":{"start":{"line":18,"column":9},"end":{"line":18,"column":26}},"loc":{"start":{"line":18,"column":50},"end":{"line":23,"column":1}},"line":18},"1":{"name":"buildStaffPayload","decl":{"start":{"line":31,"column":9},"end":{"line":31,"column":26}},"loc":{"start":{"line":31,"column":76},"end":{"line":39,"column":1}},"line":31},"2":{"name":"buildStaffTableHTML","decl":{"start":{"line":52,"column":9},"end":{"line":52,"column":28}},"loc":{"start":{"line":52,"column":40},"end":{"line":82,"column":1}},"line":52},"3":{"name":"(anonymous_3)","decl":{"start":{"line":66,"column":9},"end":{"line":66,"column":10}},"loc":{"start":{"line":66,"column":57},"end":{"line":80,"column":5}},"line":66},"4":{"name":"buildClinicOption","decl":{"start":{"line":89,"column":9},"end":{"line":89,"column":26}},"loc":{"start":{"line":89,"column":37},"end":{"line":92,"column":1}},"line":89},"5":{"name":"getAvatarLetter","decl":{"start":{"line":100,"column":9},"end":{"line":100,"column":24}},"loc":{"start":{"line":100,"column":45},"end":{"line":103,"column":1}},"line":100}},"branchMap":{"0":{"loc":{"start":{"line":19,"column":2},"end":{"line":21,"column":3}},"type":"if","locations":[{"start":{"line":19,"column":2},"end":{"line":21,"column":3}},{"start":{},"end":{}}],"line":19},"1":{"loc":{"start":{"line":19,"column":6},"end":{"line":19,"column":34}},"type":"binary-expr","locations":[{"start":{"line":19,"column":6},"end":{"line":19,"column":11}},{"start":{"line":19,"column":15},"end":{"line":19,"column":21}},{"start":{"line":19,"column":25},"end":{"line":19,"column":34}}],"line":19},"2":{"loc":{"start":{"line":54,"column":2},"end":{"line":62,"column":3}},"type":"if","locations":[{"start":{"line":54,"column":2},"end":{"line":62,"column":3}},{"start":{},"end":{}}],"line":54},"3":{"loc":{"start":{"line":68,"column":14},"end":{"line":68,"column":32}},"type":"binary-expr","locations":[{"start":{"line":68,"column":14},"end":{"line":68,"column":25}},{"start":{"line":68,"column":29},"end":{"line":68,"column":32}}],"line":68},"4":{"loc":{"start":{"line":69,"column":14},"end":{"line":69,"column":32}},"type":"binary-expr","locations":[{"start":{"line":69,"column":14},"end":{"line":69,"column":19}},{"start":{"line":69,"column":29},"end":{"line":69,"column":32}}],"line":69},"5":{"loc":{"start":{"line":70,"column":14},"end":{"line":70,"column":35}},"type":"binary-expr","locations":[{"start":{"line":70,"column":14},"end":{"line":70,"column":28}},{"start":{"line":70,"column":32},"end":{"line":70,"column":35}}],"line":70},"6":{"loc":{"start":{"line":90,"column":2},"end":{"line":90,"column":32}},"type":"if","locations":[{"start":{"line":90,"column":2},"end":{"line":90,"column":32}},{"start":{},"end":{}}],"line":90},"7":{"loc":{"start":{"line":90,"column":6},"end":{"line":90,"column":18}},"type":"binary-expr","locations":[{"start":{"line":90,"column":6},"end":{"line":90,"column":9}},{"start":{"line":90,"column":13},"end":{"line":90,"column":18}}],"line":90},"8":{"loc":{"start":{"line":101,"column":18},"end":{"line":101,"column":44}},"type":"binary-expr","locations":[{"start":{"line":101,"column":18},"end":{"line":101,"column":29}},{"start":{"line":101,"column":33},"end":{"line":101,"column":38}},{"start":{"line":101,"column":42},"end":{"line":101,"column":44}}],"line":101},"9":{"loc":{"start":{"line":117,"column":0},"end":{"line":125,"column":1}},"type":"if","locations":[{"start":{"line":117,"column":0},"end":{"line":125,"column":1}},{"start":{},"end":{}}],"line":117},"10":{"loc":{"start":{"line":117,"column":4},"end":{"line":117,"column":51}},"type":"binary-expr","locations":[{"start":{"line":117,"column":4},"end":{"line":117,"column":33}},{"start":{"line":117,"column":37},"end":{"line":117,"column":51}}],"line":117},"11":{"loc":{"start":{"line":128,"column":0},"end":{"line":136,"column":1}},"type":"if","locations":[{"start":{"line":128,"column":0},"end":{"line":136,"column":1}},{"start":{},"end":{}}],"line":128}},"s":{"0":6,"1":5,"2":1,"3":1,"4":8,"5":1,"6":7,"7":8,"8":3,"9":2,"10":1,"11":5,"12":5,"13":1,"14":1,"15":1,"16":1},"f":{"0":6,"1":1,"2":8,"3":8,"4":3,"5":5},"b":{"0":[5,1],"1":[6,3,2],"2":[1,7],"3":[8,1],"4":[8,1],"5":[8,1],"6":[2,1],"7":[3,3],"8":[5,3,1],"9":[1,0],"
[...]
6":{"start":{"line":261,"column":8},"end":{"line":279,"column":10}},"77":{"start":{"line":281,"column":8},"end":{"line":281,"column":41}},"78":{"start":{"line":282,"column":8},"end":{"line":282,"column":26}},"79":{"start":{"line":284,"column":8},"end":{"line":288,"column":10}},"80":{"start":{"line":285,"column":12},"end":{"line":285,"column":26}},"81":{"start":{"line":286,"column":12},"end":{"line":286,"column":27}},"82":{"start":{"line":287,"column":12},"end":{"line":287,"column":27}},"83":{"start":{"line":290,"column":8},"end":{"line":294,"column":10}},"84":{"start":{"line":291,"column":12},"end":{"line":291,"column":26}},"85":{"start":{"line":292,"column":12},"end":{"line":292,"column":27}},"86":{"start":{"line":293,"column":12},"end":{"line":293,"column":26}},"87":{"start":{"line":302,"column":0},"end":{"line":393,"column":3}},"88":{"start":{"line":304,"column":17},"end":{"line":304,"column":40}},"89":{"start":{"line":305,"column":19},"end":{"line":305,"column":43}},"90":{"start":{"line":307,"column":4},"end":{"line":307,"column":57}},"91":{"start":{"line":307,"column":15},"end":{"line":307,"column":57}},"92":{"start":{"line":308,"column":4},"end":{"line":308,"column":57}},"93":{"start":{"line":308,"column":19},"end":{"line":308,"column":57}},"94":{"start":{"line":310,"column":4},"end":{"line":310,"column":72}},"95":{"start":{"line":312,"column":22},"end":{"line":314,"column":5}},"96":{"start":{"line":316,"column":4},"end":{"line":316,"column":27}},"97":{"start":{"line":316,"column":20},"end":{"line":316,"column":27}},"98":{"start":{"line":318,"column":4},"end":{"line":392,"column":5}},"99":{"start":{"line":320,"column":22},"end":{"line":320,"column":32}},"100":{"start":{"line":322,"column":8},"end":{"line":322,"column":38}},"101":{"start":{"line":323,"column":8},"end":{"line":323,"column":56}},"102":{"start":{"line":324,"column":8},"end":{"line":324,"column":50}},"103":{"start":{"line":327,"column":24},"end":{"line":333,"column":9}},"104":{"start":{"line":335,"column":8},"end":{"line":335,"column":52}},"105":{"start":{"line":337,"column":8},"end":{"line":342,"column":11}},"106":{"start":{"line":338,"column":25},"end":{"line":338,"column":35}},"107":{"start":{"line":339,"column":12},"end":{"line":339,"column":39}},"108":{"start":{"line":340,"column":12},"end":{"line":340,"column":65}},"109":{"start":{"line":341,"column":12},"end":{"line":341,"column":59}},"110":{"start":{"line":345,"column":27},"end":{"line":352,"column":9}},"111":{"start":{"line":354,"column":8},"end":{"line":354,"column":58}},"112":{"start":{"line":357,"column":37},"end":{"line":357,"column":68}},"113":{"start":{"line":357,"column":59},"end":{"line":357,"column":67}},"114":{"start":{"line":359,"column":8},"end":{"line":359,"column":67}},"115":{"start":{"line":361,"column":8},"end":{"line":363,"column":11}},"116":{"start":{"line":362,"column":12},"end":{"line":362,"column":81}},"117":{"start":{"line":366,"column":22},"end":{"line":366,"column":41}},"118":{"start":{"line":367,"column":29},"end":{"line":367,"column":66}},"119":{"start":{"line":370,"column":29},"end":{"line":370,"column":71}},"120":{"start":{"line":372,"column":8},"end":{"line":372,"column":60}},"121":{"start":{"line":374,"column":8},"end":{"line":384,"column":11}},"122":{"start":{"line":386,"column":8},"end":{"line":386,"column":29}},"123":{"start":{"line":387,"column":8},"end":{"line":387,"column":31}},"124":{"start":{"line":390,"column":8},"end":{"line":390,"column":27}},"125":{"start":{"line":391,"column":8},"end":{"line":391,"column":39}},"126":{"start":{"line":402,"column":0},"end":{"line":470,"column":3}},"127":{"start":{"line":403,"column":4},"end":{"line":413,"column":5}},"128":{"start":{"line":404,"column":8},"end":{"line":404,"column":63}},"129":{"start":{"line":404,"column":27},"end":{"line":404,"column":63}},"130":{"start":{"line":405,"column":8},"end":{"line":405,"column":48}},"131":{"start":{"line":405,"column":22},"end":{"line":405,"column":48}},"132":{"start":{"line":407,"column":8},"end":{"line":407,"column":24}},"133":{"start":{"line":408,"column":8},"end":{"line":408,"column":30}},"134":{"start":{"line":410,"column":8},"end":{"line":410,"column":39}},"135":{"start":{"line":410,"column":25},"end":{"line":410,"column":39}},"136":{"start":{"line":412,"column":8},"end":{"line":412,"column":15}},"137":{"start":{"line":416,"column":22},"end":{"line":416,"column":49}},"138":{"start":{"line":418,"column":4},"end":{"line":420,"column":5}},"139":{"start":{"line":419,"column":8},"end":{"line":419,"column":46}},"140":{"start":{"line":422,"column":4},"end":{"line":424,"column":5}},"141":{"start":{"line":423,"column":8},"end":{"line":423,"column":51}},"142":{"start":{"line":426,"column":25},"end":{"line":426,"column":62}},"143":{"start":{"line":427,"column":26},"end":{"line":427,"column":64}},"144":{"start":{"line":428,"column":30},"end":{"line":428,"column":66}},"145":{"start":{"line":430,"column":4},"end":{"line":432,"column":5}},"146":{"start":{"line":431,"column":8},"end":{"line":431,"column":46}},"147":{"start":{"line":434,"column":4},"end":{"line":436,"column":5}},"148":{"start":{"line":435,"column":8},"end":{"line":435,"column":50}},"149":{"start":{"line":438,"column":4},"end":{"line":446,"column":5}},"150":{"start":{"line":439,"column":25},"end":{"line":443,"column":26}},"151":{"start":{"line":441,"column":22},"end":{"line":441,"column":26}},"152":{"start":{"line":445,"column":8},"end":{"line":445,"column":45}},"153":{"start":{"line":449,"column":18},"end":{"line":449,"column":51}},"154":{"start":{"line":451,"column":4},"end":{"line":454,"column":5}},"155":{"start":{"line":452,"column":8},"end":{"line":452,"column":47}},"156":{"start":{"line":453,"column":8},"end":{"line":453,"column":15}},"157":{"start":{"line":457,"column":4},"end":{"line":457,"column":38}},"158":{"start":{"line":458,"column":4},"end":{"line":458,"column":42}},"159":{"start":{"line":460,"column":4},"end":{"line":463,"column":5}},"160":{"start":{"line":461,"column":8},"end":{"line":462,"column":51}},"161":{"start":{"line":465,"column":4},"end":{"line":465,"column":42}},"162":{"start":{"line":466,"column":4},"end":{"line":466,"column":54}},"163":{"start":{"line":469,"column":4},"end":{"line":469,"column":23}}},"fnMap":{"0":{"name":"getToday","decl":{"start":{"line":50,"column":9},"end":{"line":50,"column":17}},"loc":{"start":{"line":50,"column":20},"end":{"line":53,"column":1}},"line":50},"1":{"name":"getStaffProfile","decl":{"start":{"line":57,"column":15},"end":{"line":57,"column":30}},"loc":{"start":{"line":57,"column":38},"end":{"line":74,"column":1}},"line":57},"2":{"name":"(anonymous_2)","decl":{"start":{"line":63,"column":37},"end":{"line":63,"column":38}},"loc":{"start":{"line":63,"column":44},"end":{"line":66,"column":5}},"line":63},"3":{"name":"timeToMinutes","decl":{"start":{"line":80,"column":9},"end":{"line":80,"column":22}},"loc":{"start":{"line":80,"column":26},"end":{"line":83,"column":1}},"line":80},"4":{"name":"minutesToTime","decl":{"start":{"line":91,"column":9},"end":{"line":91,"column":22}},"loc":{"start":{"line":91,"column":26},"end":{"line":95,"column":1}},"line":91},"5":{"name":"isTaken","decl":{"start":{"line":103,"column":9},"end":{"line":103,"column":16}},"loc":{"start":{"line":103,"column":40},"end":{"line":108,"column":1}},"line":103},"6":{"name":"(anonymous_6)","decl":{"start":{"line":104,"column":29},"end":{"line":104,"column":30}},"loc":{"start":{"line":104,"column":34},"end":{"line":107,"column":5}},"line":104},"7":{"name":"roundToNextSlot","decl":{"start":{"line":116,"column":9},"end":{"line":116,"column":24}},"loc":{"start":{"line":116,"column":40},"end":{"line":118,"column":1}},"line":116},"8":{"name":"getNextAvailableTime","decl":{"start":{"line":130,"column":9},"end":{"line":130,"column":29}},"loc":{"start":{"line":130,"column":44},"end":{"line":188,"column":1}},"line":130},"9":{"name":"(anonymous_9)","decl":{"start":{"line":143,"column":42},"end":{"line":143,"column":43}},"loc":{"start":{"line":144,"column":8},"end":{"line":146,"column":54}},"line":144},"10":{"name":"loadAppointments","decl":{"start":{"line":201,"column":9},"end":{"line":201,"column":25}},"loc":{"start":{"line":201,"column":28},"end":{"line":240,"column":1}},"line":201},"11":{"name":"(anonymous_11)","decl":{"start":{"line":217,"column":32},"end":{"line":217,"column":33}},"loc":{"start":{"line":217,"column":46},"end":{"line":239,"column":5}},"line":217},"12":{"name":"(anonymous_12)","decl":{"start":{"line":223,"column":25},"end":{"line":223,"column":26}},"loc":{"start":{"line":223,"column":36},"end":{"line":236,"column":9}},"line":223},"13":{"name":"showConfirmModal","decl":{"start":{"line":251,"column":9},"end":{"line":251,"column":25}},"loc":{"start":{"line":251,"column":35},"end":{"line":296,"column":1}},"line":251},"14":{"name":"(anonymous_14)","decl":{"start":{"line":252,"column":23},"end":{"line":252,"column":24}},"loc":{"start":{"line":252,"column":36},"end":{"line":295,"column":5}},"line":252},"15":{"name":"(anonymous_15)","decl":{"start":{"line":284,"column":52},"end":{"line":284,"column":53}},"loc":{"start":{"line":284,"column":58},"end":{"line":288,"column":9}},"line":284},"16":{"name":"(anonymous_16)","decl":{"start":{"line":290,"column":48},"end":{"line":290,"column":49}},"loc":{"start":{"line":290,"column":54},"end":{"line":294,"column":9}},"line":290},"17":{"name":"(anonymous_17)","decl":{"start":{"line":302,"column":34},"end":{"line":302,"column":35}},"loc":{"start":{"line":302,"column":46},"end":{"line":393,"column":1}},"line":302},"18":{"name":"(anonymous_18)","decl":{"start":{"line":337,"column":24},"end":{"line":337,"column":25}},"loc":{"start":{"line":337,"column":31},"end":{"line":342,"column":9}},"line":337},"19":{"name":"(anonymous_19)","decl":{"start":{"line":357,"column":54},"end":{"line":357,"column":55}},"loc":{"start":{"line":357,"column":59},"end":{"line":357,"column":67}},"line":357},"20":{"name":"(anonymous_20)","decl":{"start":{"line":361,"column":37},"end":{"line":361,"column":38}},"loc":{"start":{"line":361,"column":42},"end":{"line":363,"column":9}},"line":361},"21":{"name":"(anonymous_21)","decl":{"start":{"line":402,"column":25},"end":{"line":402,"column":26}},"loc":{"start":{"line":402,"column":41},"end":{"line":470,"column":1}},"line":402},"22":{"name":"(anonymous_22)","decl":{"start":{"line":441,"column":17},"end":{"line":441,"column":18}},"loc":{"start":{"line":441,"column":22},"end":{"line":441,"column":26}},"line":441}},"branchMap":{"0":{"loc":{"start":{"line":59,"column":24},"end":{"line":59,"column":35}},"type":"binary-expr","locations":[{"start":{"line":59,"column":24},"end":{"line":59,"column":29}},{"start":{"line":59,"column":33},"end":{"line":59,"column":35}}],"line":59},"1":{"loc":{"start":{"line":65,"column":16},"end":{"line":65,"column":32}},"type":"binary-expr","locations":[{"start":{"line":65,"column":16},"end":{"line":65,"column":26}},{"start":{"line":65,"column":30},"end":{"line":65,"column":32}}],"line":65},"2":{"loc":{"start":{"line":68,"column":4},"end":{"line":68,"column":28}},"type":"if","locations":[{"start":{"line":68,"column":4},"end":{"line":68,"column":28}},{"start":{},"end":{}}],"line":68},"3":{"loc":{"start":{"line":106,"column":15},"end":{"line":106,"column":45}},"type":"binary-expr","locations":[{"start":{"line":106,"column":15},"end":{"line":106,"column":25}},{"start":{"line":106,"column":29},"end":{"line":106,"column":45}}],"line":106},"4":{"loc":{"start":{"line":144,"column":8},"end":{"line":146,"column":54}},"type":"binary-expr","locations":[{"start":{"line":144,"column":8},"end":{"line":144,"column":9}},{"start":{"line":145,"column":8},"end":{"line":145,"column":14}},{"start":{"line":146,"column":8},"end":{"line":146,"column":54}}],"line":144},"5":{"loc":{"start":{"line":146,"column":9},"end":{"line":146,"column":23}},"type":"binary-expr","locations":[{"start":{"line":146,"column":9},"end":{"line":146,"column":17}},{"start":{"line":146,"column":21},"end":{"line":146,"column":23}}],"line":146},"6":{"loc":{"start":{"line":157,"column":8},"end":{"line":159,"column":9}},"type":"if","locations":[{"start":{"line":157,"column":8},"end":{"line":159,"column":9}},{"start":{},"end":{}}],"line":157},"7":{"loc":{"start":{"line":157,"column":12},"end":{"line":157,"column":39}},"type":"binary-expr","locations":[{"start":{"line":157,"column":12},"end":{"line":157,"column":25}},{"start":{"line":157,"column":29},"end":{"line":157,"column":39}}],"line":157},"8":{"loc":{"start":{"line":176,"column":8},"end":{"line":179,"column":9}},"type":"if","locations":[{"start":{"line":176,"column":8},"end":{"line":179,"column":9}},{"start":{},"end":{}}],"line":176},"9":{"loc":{"start":{"line":203,"column":4},"end":{"line":203,"column":26}},"type":"if","locations":[{"start":{"line":203,"column":4},"end":{"line":203,"column":26}},{"start":{},"end":{}}],"line":203},"10":{"loc":{"start":{"line":205,"column":4},"end":{"line":205,"column":35}},"type":"if","locations":[{"start":{"line":205,"column":4},"end":{"line":205,"column":35}},{"start":{},"end":{}}],"line":205},"11":{"loc":{"start":{"line":229,"column":26},"end":{"line":229,"column":47}},"type":"binary-expr","locations":[{"start":{"line":229,"column":26},"end":{"line":229,"column":40}},{"start":{"line":229,"column":44},"end":{"line":229,"column":47}}],"line":229},"12":{"loc":{"start":{"line":230,"column":26},"end":{"line":230,"column":52}},"type":"binary-expr","locations":[{"start":{"line":230,"column":26},"end":{"line":230,"column":39}},{"start":{"line":230,"column":43},"end":{"line":230,"column":52}}],"line":230},"13":{"loc":{"start":{"line":231,"column":26},"end":{"line":231,"column":40}},"type":"binary-expr","locations":[{"start":{"line":231,"column":26},"end":{"line":231,"column":34}},{"start":{"line":231,"column":38},"end":{"line":231,"column":40}}],"line":231},"14":{"loc":{"start":{"line":232,"column":26},"end":{"line":232,"column":39}},"type":"binary-expr","locations":[{"start":{"line":232,"column":26},"end":{"line":232,"column":32}},{"start":{"line":232,"column":36},"end":{"line":232,"column":39}}],"line":232},"15":{"loc":{"start":{"line":233,"column":26},"end":{"line":233,"column":47}},"type":"binary-expr","locations":[{"start":{"line":233,"column":26},"end":{"line":233,"column":34}},{"start":{"line":233,"column":38},"end":{"line":233,"column":47}}],"line":233},"16":{"loc":{"start":{"line":254,"column":8},"end":{"line":256,"column":9}},"type":"if","locations":[{"start":{"line":254,"column":8},"end":{"line":256,"column":9}},{"start":{},"end":{}}],"line":254},"17":{"loc":{"start":{"line":305,"column":19},"end":{"line":305,"column":43}},"type":"binary-expr","locations":[{"start":{"line":305,"column":19},"end":{"line":305,"column":37}},{"start":{"line":305,"column":41},"end":{"line":305,"column":43}}],"line":305},"18":{"loc":{"start":{"line":307,"column":4},"end":{"line":307,"column":57}},"type":"if","locations":[{"start":{"line":307,"column":4},"end":{"line":307,"column":57}},{"start":{},"end":{}}],"line":307},"19":{"loc":{"start":{"line":308,"column":4},"end":{"line":308,"column":57}},"type":"if","locations":[{"start":{"line":308,"column":4},"end":{"line":308,"column":57}},{"start":{},"end":{}}],"line":308},"20":{"loc":{"start":{"line":316,"column":4},"end":{"line":316,"column":27}},"type":"if","locations":[{"start":{"line":316,"column":4},"end":{"line":316,"column":27}},{"start":{},"end":{}}],"line":316},"21":{"loc":{"start":{"line":403,"column":4},"end":{"line":413,"column":5}},"type":"if","locations":[{"start":{"line":403,"column":4},"end":{"line":413,"column":5}},{"start":{},"end":{}}],"line":403},"22":{"loc":{"start":{"line":404,"column":8},"end":{"line":404,"column":63}},"type":"if","locations":[{"start":{"line":404,"column":8},"end":{"line":404,"column":63}},{"start":{},"end":{}}],"line":404},"23":{"loc":{"start":{"line":405,"column":8},"end":{"line":405,"column":48}},"type":"if","locations":[{"start":{"line":405,"column":8},"end":{"line":405,"column":48}},{"start":{},"end":{}}],"line":405},"24":{"loc":{"start":{"line":410,"column":8},"end":{"line":410,"column":39}},"type":"if","locations":[{"start":{"line":410,"column":8},"end":{"line":410,"column":39}},{"start":{},"end":{}}],"line":410},"25":{"loc":{"start":{"line":416,"column":22},"end":{"line":416,"column":49}},"type":"binary-expr","locations":[{"start":{"line":416,"column":22},"end":{"line":416,"column":38}},{"start":{"line":416,"column":42},"end":{"line":416,"column":49}}],"line":416},"26":{"loc":{"start":{"line":418,"column":4},"end":{"line":420,"column":5}},"type":"if","locations":[{"start":{"line":418,"column":4},"end":{"line":420,"column":5}},{"start":{},"end":{}}],"line":418},"27":{"loc":{"start":{"line":422,"column":4},"end":{"line":424,"column":5}},"type":"if","locations":[{"start":{"line":422,"column":4},"end":{"line":424,"column":5}},{"start":{},"end":{}}],"line":422},"28":{"loc":{"start":{"line":430,"column":4},"end":{"line":432,"column":5}},"type":"if","locations":[{"start":{"line":430,"column":4},"end":{"line":432,"column":5}},{"start":{},"end":{}}],"line":430},"29":{"loc":{"start":{"line":434,"column":4},"end":{"line":436,"column":5}},"type":"if","locations":[{"start":{"line":434,"column":4},"end":{"line":436,"column":5}},{"start":{},"end":{}}],"line":434},"30":{"loc":{"start":{"line":438,"column":4},"end":{"line":446,"column":5}},"type":"if","locations":[{"start":{"line":438,"column":4},"end":{"line":446,"column":5}},{"start":{},"end":{}}],"line":438},"31":{"loc":{"start":{"line":451,"column":4},"end":{"line":454,"column":5}},"type":"if","locations":[{"start":{"line":451,"column":4},"end":{"line":454,"column":5}},{"start":{},"end":{}}],"line":451},"32":{"loc":{"start":{"line":460,"column":4},"end":{"line":463,"column":5}},"type":"if","locations":[{"start":{"line":460,"column":4},"end":{"line":463,"column":5}},{"start":{},"end":{}}],"line":460},"33":{"loc":{"start":{"line":462,"column":12},"end":{"line":462,"column":50}},"type":"binary-expr","locations":[{"start":{"line":462,"column":12},"end":{"line":462,"column":26}},{"start":{"line":462,"column":30},"end":{"line":462,"column":50}}],"line":462}},"s":{"0":1,"1":1,"2":1,"3":1,"4":1,"5":1,"6":1,"7":1,"8":1,"9":1,"10":1,"11":1,"12":1,"13":1,"14":0,"15":0,"16":0,"17":0,"18":0,"19":0,"20":0,"21":0,"22":9,"23":9,"24":10,"25":10,"26":10,"27":5,"28":5,"29":5,"30":2,"31":1,"32":1,"33":1,"34":1,"35":1,"36":1,"37":1,"38":1,"39":1,"40":1,"41":1,"42":1,"43":1,"44":1,"45":1,"46":1,"47":1,"48":1,"49":1,"50":2,"51":2,"52":1,"53":1,"54":1,"55":1,"56":0,"57":0,"58":0,"59":0,"60":0,"61":0,"62":0,"63":0,"64":0,"65":0,"66":0,"67":0,"68":0,"69":0,"70":0,"71":2,"72":2,"73":0,"74":2,"75":2,"76":2,"77":2,"78":2,"79":2,"80":1,"81":1,"82":1,"83":2,"84":1,"85":1,"86":1,"87":1,"88":0,"89":0,"90":0,"91":0,"92":0,"93":0,"94":0,"95":0,"96":0,"97":0,"98":0,"99":0,"100":0,"101":0,"102":0,"103":0,"104":0,"105":0,"106":0,"107":0,"108":0,"109":0,"110":0,"111":0,"112":0,"113":0,"114":0,"115":0,"116":0,"117":0,"118":0,"119":0,"120":0,"121":0,"122":0,"123":0,"124":0,"125":0,"126":1,"127":0,"128":0,"129":0,"130":0,"131":0,"132":0,"133":0,"134":0,"135":0,"136":0,"137":0,"138":0,"139":0,"140":0,"141":0,"142":0,"143":0,"144":0,"145":0,"146":0,"147":0,"148":0,"149":0,"150":0,"151":0,"152":0,"153":0,"154":0,"155":0,"156":0,"157":0,"158":0,"159":0,"160":0,"161":0,"162":0,"163":0},"f":{"0":1,"1":0,"2":0,"3":9,"4":10,"5":5,"6":5,"7":2,"8":1,"9":1,"10":0,"11":0,"12":0,"13":2,"14":2,"15":1,"16":1,"17":0,"18":0,"19":0,"20":0,"21":0,"22":0},"b":{"0":[0,0],"1":[0,0],"2":[0,0],"3":[5,5],"4":[1,1,1],"5":[1,0],"6":[1,0],"7":[1,1],"8":[1,1],"9":[0,0],"10":[0,0],"11":[0,0],"12":[0,0],"13":[0,0],"14":[0,0],"15":[0,0],"16":[0,2],"17":[0,0],"18":[0,0],"19":[0,0],"20":[0,0],"21":[0,0],"22":[0,0],"23":[0,0],"24":[0,0],"25":[0,0],"26":[0,0],"27":[0,0],"28":[0,0],"29":[0,0],"30":[0,0],"31":[0,0],"32":[0,0],"33":[0,0]},"_coverageSchema":"1a1c01bbd47fc00a2c39e90264f33305004495a9","hash":"22a5bdc432a955c9937054a8b0badc302bc4f7d3"}
}
