{"C:\\Users\\reale\\Documents\\School\\Third Year\\COMS3009A-SD\\SDproject\\Staff_Webpages\\Queues.js": {"path":"C:\\Users\\reale\\Documents\\School\\Third Year\\COMS3009A-SD\\SDproject\\Staff_Webpages\\Queues.js","statementMap":{"0":{"start":{"line":19,"column":23},"end":{"line":26,"column":1}},"1":{"start":{"line":28,"column":13},"end":{"line":28,"column":42}},"2":{"start":{"line":29,"column":13},"end":{"line":29,"column":25}},"3":{"start":{"line":30,"column":13},"end":{"line":30,"column":30}},"4":{"start":{"line":33,"column":24},"end":{"line":33,"column":67}},"5":{"start":{"line":35,"column":22},"end":{"line":40,"column":1}},"6":{"start":{"line":42,"column":24},"end":{"line":42,"column":63}},"7":{"start":{"line":45,"column":22},"end":{"line":45,"column":61}},"8":{"start":{"line":46,"column":22},"end":{"line":46,"column":57}},"9":{"start":{"line":49,"column":25},"end":{"line":49,"column":27}},"10":{"start":{"line":50,"column":25},"end":{"line":50,"column":29}},"11":{"start":{"line":51,"column":25},"end":{"line":51,"column":29}},"12":{"start":{"line":52,"column":25},"end":{"line":52,"column":27}},"13":{"start":{"line":53,"column":25},"end":{"line":53,"column":27}},"14":{"start":{"line":54,"column":25},"end":{"line":54,"column":29}},"15":{"start":{"line":58,"column":15},"end":{"line":58,"column":25}},"16":{"start":{"line":59,"column":15},"end":{"line":59,"column":56}},"17":{"start":{"line":60,"column":15},"end":{"line":60,"column":51}},"18":{"start":{"line":61,"column":4},"end":{"line":61,"column":44}},"19":{"start":{"line":66,"column":4},"end":{"line":70,"column":15}},"20":{"start":{"line":75,"column":23},"end":{"line":75,"column":77}},"21":{"start":{"line":76,"column":23},"end":{"line":76,"column":54}},"22":{"start":{"line":77,"column":23},"end":{"line":77,"column":54}},"23":{"start":{"line":78,"column":23},"end":{"line":80,"column":14}},"24":{"start":{"line":81,"column":23},"end":{"line":81,"column":68}},"25":{"start":{"line":82,"column":23},"end":{"line":82,"column":51}},"26":{"start":{"line":84,"column":15},"end":{"line":84,"column":43}},"27":{"start":{"line":85,"column":4},"end":{"line":85,"column":55}},"28":{"start":{"line":86,"column":4},"end":{"line":86,"column":73}},"29":{"start":{"line":86,"column":38},"end":{"line":86,"column":73}},"30":{"start":{"line":87,"column":4},"end":{"line":87,"column":46}},"31":{"start":{"line":87,"column":16},"end":{"line":87,"column":46}},"32":{"start":{"line":88,"column":4},"end":{"line":88,"column":46}},"33":{"start":{"line":90,"column":24},"end":{"line":92,"column":12}},"34":{"start":{"line":94,"column":4},"end":{"line":141,"column":6}},"35":{"start":{"line":143,"column":19},"end":{"line":143,"column":51}},"36":{"start":{"line":144,"column":19},"end":{"line":144,"column":56}},"37":{"start":{"line":146,"column":4},"end":{"line":146,"column":106}},"38":{"start":{"line":146,"column":16},"end":{"line":146,"column":106}},"39":{"start":{"line":146,"column":55},"end":{"line":146,"column":104}},"40":{"start":{"line":147,"column":4},"end":{"line":147,"column":98}},"41":{"start":{"line":147,"column":16},"end":{"line":147,"column":98}},"42":{"start":{"line":147,"column":55},"end":{"line":147,"column":96}},"43":{"start":{"line":149,"column":4},"end":{"line":149,"column":14}},"44":{"start":{"line":154,"column":22},"end":{"line":154,"column":38}},"45":{"start":{"line":155,"column":22},"end":{"line":155,"column":103}},"46":{"start":{"line":155,"column":44},"end":{"line":155,"column":95}},"47":{"start":{"line":156,"column":22},"end":{"line":156,"column":98}},"48":{"start":{"line":156,"column":44},"end":{"line":156,"column":90}},"49":{"start":{"line":158,"column":15},"end":{"line":158,"column":50}},"50":{"start":{"line":158,"column":23},"end":{"line":158,"column":50}},"51":{"start":{"line":159,"column":4},"end":{"line":159,"column":71}},"52":{"start":{"line":159,"column":30},"end":{"line":159,"column":71}},"53":{"start":{"line":160,"column":4},"end":{"line":160,"column":73}},"54":{"start":{"line":160,"column":30},"end":{"line":160,"column":73}},"55":{"start":{"line":161,"column":4},"end":{"line":161,"column":75}},"56":{"start":{"line":161,"column":30},"end":{"line":161,"column":75}},"57":{"start":{"line":162,"column":4},"end":{"line":162,"column":69}},"58":{"start":{"line":162,"column":30},"end":{"line":162,"column":69}},"59":{"start":{"line":167,"column":4},"end":{"line":167,"column":18}},"60":{"start":{"line":168,"column":4},"end":{"line":168,"column":29}},"61":{"start":{"line":170,"column":4},"end":{"line":173,"column":5}},"62":{"start":{"line":171,"column":8},"end":{"line":171,"column":27}},"63":{"start":{"line":172,"column":8},"end":{"line":172,"column":15}},"64":{"start":{"line":175,"column":19},"end":{"line":180,"column":9}},"65":{"start":{"line":176,"column":21},"end":{"line":176,"column":72}},"66":{"start":{"line":178,"column":12},"end":{"line":179,"column":54}},"67":{"start":{"line":182,"column":17},"end":{"line":184,"column":5}},"68":{"start":{"line":183,"column":13},"end":{"line":183,"column":65}},"69":{"start":{"line":186,"column":4},"end":{"line":188,"column":7}},"70":{"start":{"line":187,"column":8},"end":{"line":187,"column":56}},"71":{"start":{"line":190,"column":4},"end":{"line":192,"column":5}},"72":{"start":{"line":191,"column":8},"end":{"line":191,"column":27}},"73":{"start":{"line":194,"column":4},"end":{"line":200,"column":5}},"74":{"start":{"line":195,"column":24},"end":{"line":195,"column":52}},"75":{"start":{"line":196,"column":8},"end":{"line":196,"column":46}},"76":{"start":{"line":197,"column":8},"end":{"line":197,"column":75}},"77":{"start":{"line":198,"column":8},"end":{"line":198,"column":39}},"78":{"start":{"line":199,"column":8},"end":{"line":199,"column":74}},"79":{"start":{"line":199,"column":29},"end":{"line":199,"column":72}},"80":{"start":{"line":206,"column":21},"end":{"line":206,"column":54}},"81":{"start":{"line":207,"column":17},"end":{"line":207,"column":26}},"82":{"start":{"line":208,"column":16},"end":{"line":212,"column":65}},"83":{"start":{"line":209,"column":8},"end":{"line":209,"column":41}},"84":{"start":{"line":209,"column":28},"end":{"line":209,"column":41}},"85":{"start":{"line":210,"column":8},"end":{"line":210,"column":23}},"86":{"start":{"line":211,"column":8},"end":{"line":211,"column":20}},"87":{"start":{"line":212,"column":22},"end":{"line":212,"column":64}},"88":{"start":{"line":215,"column":26},"end":{"line":217,"column":5}},"89":{"start":{"line":216,"column":27},"end":{"line":216,"column":48}},"90":{"start":{"line":220,"column":4},"end":{"line":234,"column":8}},"91":{"start":{"line":221,"column":8},"end":{"line":221,"column":37}},"92":{"start":{"line":221,"column":30},"end":{"line":221,"column":37}},"93":{"start":{"line":222,"column":8},"end":{"line":233,"column":9}},"94":{"start":{"line":223,"column":12},"end":{"line":223,"column":54}},"95":{"start":{"line":224,"column":15},"end":{"line":233,"column":9}},"96":{"start":{"line":225,"column":12},"end":{"line":232,"column":13}},"97":{"start":{"line":226,"column":32},"end":{"line":226,"column":75}},"98":{"start":{"line":227,"column":16},"end":{"line":229,"column":17}},"99":{"start":{"line":228,"column":20},"end":{"line":228,"column":74}},"100":{"start":{"line":231,"column":16},"end":{"line":231,"column":68}},"101":{"start":{"line":238,"column":25},"end":{"line":238,"column":26}},"102":{"start":{"line":239,"column":4},"end":{"line":245,"column":7}},"103":{"start":{"line":240,"column":8},"end":{"line":244,"column":9}},"104":{"start":{"line":241,"column":12},"end":{"line":241,"column":50}},"105":{"start":{"line":243,"column":12},"end":{"line":243,"column":38}},"106":{"start":{"line":247,"column":4},"end":{"line":247,"column":20}},"107":{"start":{"line":249,"column":4},"end":{"line":249,"column":34}},"108":{"start":{"line":250,"column":4},"end":{"line":250,"column":40}},"109":{"start":{"line":252,"column":4},"end":{"line":252,"column":18}},"110":{"start":{"line":257,"column":4},"end":{"line":278,"column":5}},"111":{"start":{"line":258,"column":8},"end":{"line":261,"column":11}},"112":{"start":{"line":264,"column":26},"end":{"line":264,"column":58}},"113":{"start":{"line":265,"column":26},"end":{"line":265,"column":48}},"114":{"start":{"line":266,"column":8},"end":{"line":272,"column":9}},"115":{"start":{"line":267,"column":12},"end":{"line":271,"column":15}},"116":{"start":{"line":276,"column":8},"end":{"line":276,"column":55}},"117":{"start":{"line":277,"column":8},"end":{"line":277,"column":68}},"118":{"start":{"line":283,"column":18},"end":{"line":283,"column":34}},"119":{"start":{"line":284,"column":4},"end":{"line":297,"column":5}},"120":{"start":{"line":285,"column":26},"end":{"line":285,"column":65}},"121":{"start":{"line":286,"column":26},"end":{"line":286,"column":28}},"122":{"start":{"line":287,"column":8},"end":{"line":292,"column":11}},"123":{"start":{"line":288,"column":22},"end":{"line":288,"column":36}},"124":{"start":{"line":289,"column":12},"end":{"line":291,"column":13}},"125":{"start":{"line":290,"column":16},"end":{"line":290,"column":73}},"126":{"start":{"line":293,"column":8},"end":{"line":293,"column":37}},"127":{"start":{"line":294,"column":8},"end":{"line":294,"column":95}},"128":{"start":{"line":294,"column":30},"end":{"line":294,"column":95}},"129":{"start":{"line":296,"column":8},"end":{"line":296,"column":66}},"130":{"start":{"line":302,"column":18},"end":{"line":302,"column":34}},"131":{"start":{"line":304,"column":19},"end":{"line":320,"column":6}},"132":{"start":{"line":305,"column":25},"end":{"line":305,"column":79}},"133":{"start":{"line":306,"column":8},"end":{"line":319,"column":11}},"134":{"start":{"line":322,"column":4},"end":{"line":327,"column":5}},"135":{"start":{"line":323,"column":8},"end":{"line":323,"column":34}},"136":{"start":{"line":324,"column":8},"end":{"line":324,"column":72}},"137":{"start":{"line":326,"column":8},"end":{"line":326,"column":69}},"138":{"start":{"line":332,"column":4},"end":{"line":332,"column":77}},"139":{"start":{"line":332,"column":29},"end":{"line":332,"column":46}},"140":{"start":{"line":332,"column":50},"end":{"line":332,"column":75}},"141":{"start":{"line":333,"column":4},"end":{"line":333,"column":77}},"142":{"start":{"line":333,"column":29},"end":{"line":333,"column":49}},"143":{"start":{"line":333,"column":50},"end":{"line":333,"column":75}},"144":{"start":{"line":335,"column":4},"end":{"line":338,"column":15}},"145":{"start":{"line":340,"column":18},"end":{"line":340,"column":34}},"146":{"start":{"line":341,"column":4},"end":{"line":341,"column":87}},"147":{"start":{"line":344,"column":21},"end":{"line":348,"column":5}},"148":{"start":{"line":350,"column":4},"end":{"line":368,"column":76}},"149":{"start":{"line":351,"column":8},"end":{"line":351,"column":63}},"150":{"start":{"line":352,"column":8},"end":{"line":352,"column":26}},"151":{"start":{"line":353,"column":8},"end":{"line":366,"column":11}},"152":{"start":{"line":354,"column":22},"end":{"line":354,"column":36}},"153":{"start":{"line":355,"column":25},"end":{"line":355,"column":69}},"154":{"start":{"line":356,"column":12},"end":{"line":356,"column":59}},"155":{"start":{"line":356,"column":40},"end":{"line":356,"column":59}},"156":{"start":{"line":357,"column":12},"end":{"line":365,"column":15}},"157":{"start":{"line":367,"column":8},"end":{"line":367,"column":25}},"158":{"start":{"line":368,"column":16},"end":{"line":368,"column":74}},"159":{"start":{"line":371,"column":24},"end":{"line":376,"column":5}},"160":{"start":{"line":378,"column":4},"end":{"line":395,"column":76}},"161":{"start":{"line":379,"column":8},"end":{"line":379,"column":63}},"162":{"start":{"line":380,"column":8},"end":{"line":380,"column":25}},"163":{"start":{"line":381,"column":8},"end":{"line":393,"column":11}},"164":{"start":{"line":382,"column":22},"end":{"line":382,"column":36}},"165":{"start":{"line":383,"column":27},"end":{"line":383,"column":71}},"166":{"start":{"line":384,"column":12},"end":{"line":392,"column":15}},"167":{"start":{"line":394,"column":8},"end":{"line":394,"column":25}},"168":{"start":{"line":395,"column":16},"end":{"line":395,"column":74}},"169":{"start":{"line":399,"column":0},"end":{"line":482,"column":3}},"170":{"start":{"line":400,"column":4},"end":{"line":416,"column":5}},"171":{"start":{"line":401,"column":8},"end":{"line":401,"column":63}},"172":{"start":{"line":401,"column":27},"end":{"line":401,"column":63}},"173":{"start":{"line":403,"column":8},"end":{"line":406,"column":9}},"174":{"start":{"line":404,"column":12},"end":{"line":404,"column":29}},"175":{"start":{"line":405,"column":12},"end":{"line":405,"column":34}},"176":{"start":{"line":408,"column":8},"end":{"line":411,"column":9}},"177":{"start":{"line":409,"column":12},"end":{"line":409,"column":32}},"178":{"start":{"line":410,"column":12},"end":{"line":410,"column":37}},"179":{"start":{"line":413,"column":8},"end":{"line":413,"column":29}},"180":{"start":{"line":414,"column":8},"end":{"line":414,"column":27}},"181":{"start":{"line":415,"column":8},"end":{"line":415,"column":15}},"182":{"start":{"line":419,"column":22},"end":{"line":419,"column":49}},"183":{"start":{"line":421,"column":4},"end":{"line":423,"column":5}},"184":{"start":{"line":422,"column":8},"end":{"line":422,"column":46}},"185":{"start":{"line":425,"column":25},"end":{"line":425,"column":62}},"186":{"start":{"line":426,"column":26},"end":{"line":426,"column":64}},"187":{"start":{"line":427,"column":30},"end":{"line":427,"column":66}},"188":{"start":{"line":429,"column":4},"end":{"line":431,"column":5}},"189":{"start":{"line":430,"column":8},"end":{"line":430,"column":46}},"190":{"start":{"line":433,"column":4},"end":{"line":435,"column":5}},"191":{"start":{"line":434,"column":8},"end":{"line":434,"column":50}},"192":{"start":{"line":437,"column":4},"end":{"line":445,"column":5}},"193":{"start":{"line":438,"column":25},"end":{"line":442,"column":26}},"194":{"start":{"line":440,"column":22},"end":{"line":440,"column":26}},"195":{"start":{"line":444,"column":8},"end":{"line":444,"column":45}},"196":{"start":{"line":448,"column":4},"end":{"line":468,"column":5}},"197":{"start":{"line":449,"column":27},"end":{"line":452,"column":9}},"198":{"start":{"line":454,"column":25},"end":{"line":454,"column":50}},"199":{"start":{"line":456,"column":8},"end":{"line":456,"column":58}},"200":{"start":{"line":458,"column":8},"end":{"line":464,"column":9}},"201":{"start":{"line":459,"column":25},"end":{"line":459,"column":48}},"202":{"start":{"line":461,"column":12},"end":{"line":461,"column":50}},"203":{"start":{"line":463,"column":12},"end":{"line":463,"column":60}},"204":{"start":{"line":467,"column":8},"end":{"line":467,"column":60}},"205":{"start":{"line":471,"column":4},"end":{"line":478,"column":5}},"206":{"start":{"line":472,"column":8},"end":{"line":476,"column":19}},"207":{"start":{"line":477,"column":8},"end":{"line":477,"column":15}},"208":{"start":{"line":481,"column":4},"end":{"line":481,"column":26}}},"fnMap":{"0":{"name":"getTodayString","decl":{"start":{"line":57,"column":9},"end":{"line":57,"column":23}},"loc":{"start":{"line":57,"column":26},"end":{"line":62,"column":1}},"line":57},"1":{"name":"renderEmptyState","decl":{"start":{"line":65,"column":9},"end":{"line":65,"column":25}},"loc":{"start":{"line":65,"column":28},"end":{"line":71,"column":1}},"line":65},"2":{"name":"buildCard","decl":{"start":{"line":74,"column":9},"end":{"line":74,"column":18}},"loc":{"start":{"line":74,"column":47},"end":{"line":150,"column":1}},"line":74},"3":{"name":"(anonymous_3)","decl":{"start":{"line":146,"column":49},"end":{"line":146,"column":50}},"loc":{"start":{"line":146,"column":55},"end":{"line":146,"column":104}},"line":146},"4":{"name":"(anonymous_4)","decl":{"start":{"line":147,"column":49},"end":{"line":147,"column":50}},"loc":{"start":{"line":147,"column":55},"end":{"line":147,"column":96}},"line":147},"5":{"name":"updateStats","decl":{"start":{"line":153,"column":9},"end":{"line":153,"column":20}},"loc":{"start":{"line":153,"column":23},"end":{"line":163,"column":1}},"line":153},"6":{"name":"(anonymous_6)","decl":{"start":{"line":155,"column":39},"end":{"line":155,"column":40}},"loc":{"start":{"line":155,"column":44},"end":{"line":155,"column":95}},"line":155},"7":{"name":"(anonymous_7)","decl":{"start":{"line":156,"column":39},"end":{"line":156,"column":40}},"loc":{"start":{"line":156,"column":44},"end":{"line":156,"column":90}},"line":156},"8":{"name":"(anonymous_8)","decl":{"start":{"line":158,"column":15},"end":{"line":158,"column":16}},"loc":{"start":{"line":158,"column":23},"end":{"line":158,"column":50}},"line":158},"9":{"name":"renderQueue","decl":{"start":{"line":166,"column":9},"end":{"line":166,"column":20}},"loc":{"start":{"line":166,"column":23},"end":{"line":201,"column":1}},"line":166},"10":{"name":"(anonymous_10)","decl":{"start":{"line":176,"column":16},"end":{"line":176,"column":17}},"loc":{"start":{"line":176,"column":21},"end":{"line":176,"column":72}},"line":176},"11":{"name":"(anonymous_11)","decl":{"start":{"line":177,"column":14},"end":{"line":177,"column":15}},"loc":{"start":{"line":178,"column":12},"end":{"line":179,"column":54}},"line":178},"12":{"name":"(anonymous_12)","decl":{"start":{"line":183,"column":8},"end":{"line":183,"column":9}},"loc":{"start":{"line":183,"column":13},"end":{"line":183,"column":65}},"line":183},"13":{"name":"(anonymous_13)","decl":{"start":{"line":186,"column":19},"end":{"line":186,"column":20}},"loc":{"start":{"line":186,"column":34},"end":{"line":188,"column":5}},"line":186},"14":{"name":"(anonymous_14)","decl":{"start":{"line":199,"column":21},"end":{"line":199,"column":22}},"loc":{"start":{"line":199,"column":29},"end":{"line":199,"column":72}},"line":199},"15":{"name":"mergeAndRender","decl":{"start":{"line":204,"column":15},"end":{"line":204,"column":29}},"loc":{"start":{"line":204,"column":32},"end":{"line":253,"column":1}},"line":204},"16":{"name":"(anonymous_16)","decl":{"start":{"line":208,"column":32},"end":{"line":208,"column":33}},"loc":{"start":{"line":208,"column":37},"end":{"line":212,"column":5}},"line":208},"17":{"name":"(anonymous_17)","decl":{"start":{"line":212,"column":12},"end":{"line":212,"column":13}},"loc":{"start":{"line":212,"column":22},"end":{"line":212,"column":64}},"line":212},"18":{"name":"(anonymous_18)","decl":{"start":{"line":216,"column":22},"end":{"line":216,"column":23}},"loc":{"start":{"line":216,"column":27},"end":{"line":216,"column":48}},"line":216},"19":{"name":"(anonymous_19)","decl":{"start":{"line":220,"column":30},"end":{"line":220,"column":31}},"loc":{"start":{"line":220,"column":46},"end":{"line":234,"column":5}},"line":220},"20":{"name":"(anonymous_20)","decl":{"start":{"line":239,"column":16},"end":{"line":239,"column":17}},"loc":{"start":{"line":239,"column":24},"end":{"line":245,"column":5}},"line":239},"21":{"name":"updateStatus","decl":{"start":{"line":256,"column":15},"end":{"line":256,"column":27}},"loc":{"start":{"line":256,"column":54},"end":{"line":279,"column":1}},"line":256},"22":{"name":"deleteOldQueueEntries","decl":{"start":{"line":282,"column":15},"end":{"line":282,"column":36}},"loc":{"start":{"line":282,"column":39},"end":{"line":298,"column":1}},"line":282},"23":{"name":"(anonymous_23)","decl":{"start":{"line":287,"column":26},"end":{"line":287,"column":27}},"loc":{"start":{"line":287,"column":37},"end":{"line":292,"column":9}},"line":287},"24":{"name":"syncAppointmentsToQueues","decl":{"start":{"line":301,"column":15},"end":{"line":301,"column":39}},"loc":{"start":{"line":301,"column":54},"end":{"line":328,"column":1}},"line":301},"25":{"name":"(anonymous_25)","decl":{"start":{"line":304,"column":36},"end":{"line":304,"column":37}},"loc":{"start":{"line":304,"column":46},"end":{"line":320,"column":5}},"line":304},"26":{"name":"startQueueListeners","decl":{"start":{"line":331,"column":9},"end":{"line":331,"column":28}},"loc":{"start":{"line":331,"column":31},"end":{"line":396,"column":1}},"line":331},"27":{"name":"(anonymous_27)","decl":{"start":{"line":350,"column":42},"end":{"line":350,"column":43}},"loc":{"start":{"line":350,"column":56},"end":{"line":368,"column":5}},"line":350},"28":{"name":"(anonymous_28)","decl":{"start":{"line":353,"column":25},"end":{"line":353,"column":26}},"loc":{"start":{"line":353,"column":36},"end":{"line":366,"column":9}},"line":353},"29":{"name":"(anonymous_29)","decl":{"start":{"line":368,"column":7},"end":{"line":368,"column":8}},"loc":{"start":{"line":368,"column":16},"end":{"line":368,"column":74}},"line":368},"30":{"name":"(anonymous_30)","decl":{"start":{"line":378,"column":48},"end":{"line":378,"column":49}},"loc":{"start":{"line":378,"column":62},"end":{"line":395,"column":5}},"line":378},"31":{"name":"(anonymous_31)","decl":{"start":{"line":381,"column":25},"end":{"line":381,"column":26}},"loc":{"start":{"line":381,"column":36},"end":{"line":393,"column":9}},"line":381},"32":{"name":"(anonymous_32)","decl":{"start":{"line":395,"column":7},"end":{"line":395,"column":8}},"loc":{"start":{"line":395,"column":16},"end":{"line":395,"column":74}},"line":395},"33":{"name":"(anonymous_33)","decl":{"start":{"line":399,"column":25},"end":{"line":399,"column":26}},"loc":{"start":{"line":399,"column":41},"end":{"line":482,"column":1}},"line":399},"34":{"name":"(anonymous_34)","decl":{"start":{"line":440,"column":17},"end":{"line":440,"column":18}},"loc":{"start":{"line":440,"column":22},"end":{"line":440,"column":26}},"line":440}},"branchMap":{"0":{"loc":{"start":{"line":75,"column":24},"end":{"line":75,"column":55}},"type":"binary-expr","locations":[{"start":{"line":75,"column":24},"end":{"line":75,"column":42}},{"start":{"line":75,"column":46},"end":{"line":75,"column":55}}],"line":75},"1":{"loc":{"start":{"line":76,"column":23},"end":{"line":76,"column":54}},"type":"binary-expr","locations":[{"start":{"line":76,"column":23},"end":{"line":76,"column":44}},{"start":{"line":76,"column":48},"end":{"line":76,"column":54}}],"line":76},"2":{"loc":{"start":{"line":78,"column":23},"end":{"line":80,"column":14}},"type":"cond-expr","locations":[{"start":{"line":79,"column":10},"end":{"line":79,"column":38}},{"start":{"line":80,"column":10},"end":{"line":80,"column":14}}],"line":78},"3":{"loc":{"start":{"line":78,"column":24},"end":{"line":78,"column":76}},"type":"binary-expr","locations":[{"start":{"line":78,"column":24},"end":{"line":78,"column":36}},{"start":{"line":78,"column":40},"end":{"line":78,"column":76}}],"line":78},"4":{"loc":{"start":{"line":81,"column":23},"end":{"line":81,"column":68}},"type":"cond-expr","locations":[{"start":{"line":81,"column":36},"end":{"line":81,"column":61}},{"start":{"line":81,"column":64},"end":{"line":81,"column":68}}],"line":81},"5":{"loc":{"start":{"line":86,"column":4},"end":{"line":86,"column":73}},"type":"if","locations":[{"start":{"line":86,"column":4},"end":{"line":86,"column":73}},{"start":{},"end":{}}],"line":86},"6":{"loc":{"start":{"line":87,"column":4},"end":{"line":87,"column":46}},"type":"if","locations":[{"start":{"line":87,"column":4},"end":{"line":87,"column":46}},{"start":{},"end":{}}],"line":87},"7":{"loc":{"start":{"line":90,"column":24},"end":{"line":92,"column":12}},"type":"cond-expr","locations":[{"start":{"line":91,"column":10},"end":{"line":91,"column":89}},{"start":{"line":92,"column":10},"end":{"line":92,"column":12}}],"line":90},"8":{"loc":{"start":{"line":95,"column":37},"end":{"line":95,"column":61}},"type":"cond-expr","locations":[{"start":{"line":95,"column":46},"end":{"line":95,"column":56}},{"start":{"line":95,"column":59},"end":{"line":95,"column":61}}],"line":95},"9":{"loc":{"start":{"line":101,"column":22},"end":{"line":101,"column":66}},"type":"binary-expr","locations":[{"start":{"line":101,"column":22},"end":{"line":101,"column":45}},{"start":{"line":101,"column":49},"end":{"line":101,"column":66}}],"line":101},"10":{"loc":{"start":{"line":112,"column":22},"end":{"line":112,"column":45}},"type":"binary-expr","locations":[{"start":{"line":112,"column":22},"end":{"line":112,"column":38}},{"start":{"line":112,"column":42},"end":{"line":112,"column":45}}],"line":112},"11":{"loc":{"start":{"line":114,"column":18},"end":{"line":118,"column":27}},"type":"cond-expr","locations":[{"start":{"line":114,"column":39},"end":{"line":118,"column":22}},{"start":{"line":118,"column":25},"end":{"line":118,"column":27}}],"line":114},"12":{"loc":{"start":{"line":122,"column":18},"end":{"line":128,"column":31}},"type":"cond-expr","locations":[{"start":{"line":122,"column":41},"end":{"line":128,"column":26}},{"start":{"line":128,"column":29},"end":{"line":128,"column":31}}],"line":122},"13":{"loc":{"start":{"line":122,"column":18},"end":{"line":122,"column":38}},"type":"binary-expr","locations":[{"start":{"line":122,"column":18},"end":{"line":122,"column":25}},{"start":{"line":122,"column":29},"end":{"line":122,"column":38}}],"line":122},"14":{"loc":{"start":{"line":130,"column":18},"end":{"line":138,"column":27}},"type":"cond-expr","locations":[{"start":{"line":130,"column":28},"end":{"line":135,"column":26}},{"start":{"line":135,"column":29},"end":{"line":138,"column":27}}],"line":130},"15":{"loc":{"start":{"line":146,"column":4},"end":{"line":146,"column":106}},"type":"if","locations":[{"start":{"line":146,"column":4},"end":{"line":146,"column":106}},{"start":{},"end":{}}],"line":146},"16":{"loc":{"start":{"line":147,"column":4},"end":{"line":147,"column":98}},"type":"if","locations":[{"start":{"line":147,"column":4},"end":{"line":147,"column":98}},{"start":{},"end":{}}],"line":147},"17":{"loc":{"start":{"line":155,"column":65},"end":{"line":155,"column":79}},"type":"binary-expr","locations":[{"start":{"line":155,"column":65},"end":{"line":155,"column":73}},{"start":{"line":155,"column":77},"end":{"line":155,"column":79}}],"line":155},"18":{"loc":{"start":{"line":156,"column":45},"end":{"line":156,"column":59}},"type":"binary-expr","locations":[{"start":{"line":156,"column":45},"end":{"line":156,"column":53}},{"start":{"line":156,"column":57},"end":{"line":156,"column":59}}],"line":156},"19":{"loc":{"start":{"line":159,"column":4},"end":{"line":159,"column":71}},"type":"if","locations":[{"start":{"line":159,"column":4},"end":{"line":159,"column":71}},{"start":{},"end":{}}],"line":159},"20":{"loc":{"start":{"line":160,"column":4},"end":{"line":160,"column":73}},"type":"if","locations":[{"start":{"line":160,"column":4},"end":{"line":160,"column":73}},{"start":{},"end":{}}],"line":160},"21":{"loc":{"start":{"line":161,"column":4},"end":{"line":161,"column":75}},"type":"if","locations":[{"start":{"line":161,"column":4},"end":{"line":161,"column":75}},{"start":{},"end":{}}],"line":161},"22":{"loc":{"start":{"line":162,"column":4},"end":{"line":162,"column":69}},"type":"if","locations":[{"start":{"line":162,"column":4},"end":{"line":162,"column":69}},{"start":{},"end":{}}],"line":162},"23":{"loc":{"start":{"line":170,"column":4},"end":{"line":173,"column":5}},"type":"if","locations":[{"start":{"line":170,"column":4},"end":{"line":173,"column":5}},{"start":{},"end":{}}],"line":170},"24":{"loc":{"start":{"line":176,"column":42},"end":{"line":176,"column":56}},"type":"binary-expr","locations":[{"start":{"line":176,"column":42},"end":{"line":176,"column":50}},{"start":{"line":176,"column":54},"end":{"line":176,"column":56}}],"line":176},"25":{"loc":{"start":{"line":178,"column":12},"end":{"line":179,"column":54}},"type":"binary-expr","locations":[{"start":{"line":178,"column":12},"end":{"line":178,"column":63}},{"start":{"line":179,"column":12},"end":{"line":179,"column":54}}],"line":178},"26":{"loc":{"start":{"line":178,"column":13},"end":{"line":178,"column":35}},"type":"binary-expr","locations":[{"start":{"line":178,"column":13},"end":{"line":178,"column":28}},{"start":{"line":178,"column":32},"end":{"line":178,"column":35}}],"line":178},"27":{"loc":{"start":{"line":178,"column":40},"end":{"line":178,"column":62}},"type":"binary-expr","locations":[{"start":{"line":178,"column":40},"end":{"line":178,"column":55}},{"start":{"line":178,"column":59},"end":{"line":178,"column":62}}],"line":178},"28":{"loc":{"start":{"line":179,"column":13},"end":{"line":179,"column":25}},"type":"binary-expr","locations":[{"start":{"line":179,"column":13},"end":{"line":179,"column":19}},{"start":{"line":179,"column":23},"end":{"line":179,"column":25}}],"line":179},"29":{"loc":{"start":{"line":179,"column":41},"end":{"line":179,"column":53}},"type":"binary-expr","locations":[{"start":{"line":179,"column":41},"end":{"line":179,"column":47}},{"start":{"line":179,"column":51},"end":{"line":179,"column":53}}],"line":179},"30":{"loc":{"start":{"line":183,"column":35},"end":{"line":183,"column":49}},"type":"binary-expr","locations":[{"start":{"line":183,"column":35},"end":{"line":183,"column":43}},{"start":{"line":183,"column":47},"end":{"line":183,"column":49}}],"line":183},"31":{"loc":{"start":{"line":190,"column":4},"end":{"line":192,"column":5}},"type":"if","locations":[{"start":{"line":190,"column":4},"end":{"line":192,"column":5}},{"start":{},"end":{}}],"line":190},"32":{"loc":{"start":{"line":194,"column":4},"end":{"line":200,"column":5}},"type":"if","locations":[{"start":{"line":194,"column":4},"end":{"line":200,"column":5}},{"start":{},"end":{}}],"line":194},"33":{"loc":{"start":{"line":209,"column":8},"end":{"line":209,"column":41}},"type":"if","locations":[{"start":{"line":209,"column":8},"end":{"line":209,"column":41}},{"start":{},"end":{}}],"line":209},"34":{"loc":{"start":{"line":212,"column":23},"end":{"line":212,"column":35}},"type":"binary-expr","locations":[{"start":{"line":212,"column":23},"end":{"line":212,"column":29}},{"start":{"line":212,"column":33},"end":{"line":212,"column":35}}],"line":212},"35":{"loc":{"start":{"line":212,"column":51},"end":{"line":212,"column":63}},"type":"binary-expr","locations":[{"start":{"line":212,"column":51},"end":{"line":212,"column":57}},{"start":{"line":212,"column":61},"end":{"line":212,"column":63}}],"line":212},"36":{"loc":{"start":{"line":221,"column":8},"end":{"line":221,"column":37}},"type":"if","locations":[{"start":{"line":221,"column":8},"end":{"line":221,"column":37}},{"start":{},"end":{}}],"line":221},"37":{"loc":{"start":{"line":222,"column":8},"end":{"line":233,"column":9}},"type":"if","locations":[{"start":{"line":222,"column":8},"end":{"line":233,"column":9}},{"start":{"line":224,"column":15},"end":{"line":233,"column":9}}],"line":222},"38":{"loc":{"start":{"line":224,"column":15},"end":{"line":233,"column":9}},"type":"if","locations":[{"start":{"line":224,"column":15},"end":{"line":233,"column":9}},{"start":{},"end":{}}],"line":224},"39":{"loc":{"start":{"line":227,"column":16},"end":{"line":229,"column":17}},"type":"if","locations":[{"start":{"line":227,"column":16},"end":{"line":229,"column":17}},{"start":{},"end":{}}],"line":227},"40":{"loc":{"start":{"line":228,"column":39},"end":{"line":228,"column":73}},"type":"binary-expr","locations":[{"start":{"line":228,"column":39},"end":{"line":228,"column":65}},{"start":{"line":228,"column":69},"end":{"line":228,"column":73}}],"line":228},"41":{"loc":{"start":{"line":240,"column":8},"end":{"line":244,"column":9}},"type":"if","locations":[{"start":{"line":240,"column":8},"end":{"line":244,"column":9}},{"start":{"line":242,"column":15},"end":{"line":244,"column":9}}],"line":240},"42":{"loc":{"start":{"line":240,"column":33},"end":{"line":240,"column":50}},"type":"binary-expr","locations":[{"start":{"line":240,"column":33},"end":{"line":240,"column":44}},{"start":{"line":240,"column":48},"end":{"line":240,"column":50}}],"line":240},"43":{"loc":{"start":{"line":266,"column":8},"end":{"line":272,"column":9}},"type":"if","locations":[{"start":{"line":266,"column":8},"end":{"line":272,"column":9}},{"start":{},"end":{}}],"line":266},"44":{"loc":{"start":{"line":289,"column":12},"end":{"line":291,"column":13}},"type":"if","locations":[{"start":{"line":289,"column":12},"end":{"line":291,"column":13}},{"start":{},"end":{}}],"line":289},"45":{"loc":{"start":{"line":289,"column":16},"end":{"line":289,"column":72}},"type":"binary-expr","locations":[{"start":{"line":289,"column":16},"end":{"line":289,"column":52}},{"start":{"line":289,"column":56},"end":{"line":289,"column":72}}],"line":289},"46":{"loc":{"start":{"line":294,"column":8},"end":{"line":294,"column":95}},"type":"if","locations":[{"start":{"line":294,"column":8},"end":{"line":294,"column":95}},{"start":{},"end":{}}],"line":294},"47":{"loc":{"start":{"line":305,"column":46},"end":{"line":305,"column":63}},"type":"binary-expr","locations":[{"start":{"line":305,"column":46},"end":{"line":305,"column":57}},{"start":{"line":305,"column":61},"end":{"line":305,"column":63}}],"line":305},"48":{"loc":{"start":{"line":310,"column":27},"end":{"line":310,"column":51}},"type":"binary-expr","locations":[{"start":{"line":310,"column":27},"end":{"line":310,"column":38}},{"start":{"line":310,"column":47},"end":{"line":310,"column":51}}],"line":310},"49":{"loc":{"start":{"line":311,"column":27},"end":{"line":311,"column":51}},"type":"binary-expr","locations":[{"start":{"line":311,"column":27},"end":{"line":311,"column":43}},{"start":{"line":311,"column":47},"end":{"line":311,"column":51}}],"line":311},"50":{"loc":{"start":{"line":312,"column":27},"end":{"line":312,"column":56}},"type":"binary-expr","locations":[{"start":{"line":312,"column":27},"end":{"line":312,"column":38}},{"start":{"line":312,"column":47},"end":{"line":312,"column":56}}],"line":312},"51":{"loc":{"start":{"line":313,"column":27},"end":{"line":313,"column":49}},"type":"binary-expr","locations":[{"start":{"line":313,"column":27},"end":{"line":313,"column":36}},{"start":{"line":313,"column":47},"end":{"line":313,"column":49}}],"line":313},"52":{"loc":{"start":{"line":315,"column":27},"end":{"line":315,"column":63}},"type":"cond-expr","locations":[{"start":{"line":315,"column":38},"end":{"line":315,"column":56}},{"start":{"line":315,"column":59},"end":{"line":315,"column":63}}],"line":315},"53":{"loc":{"start":{"line":316,"column":27},"end":{"line":316,"column":74}},"type":"cond-expr","locations":[{"start":{"line":316,"column":38},"end":{"line":316,"column":67}},{"start":{"line":316,"column":70},"end":{"line":316,"column":74}}],"line":316},"54":{"loc":{"start":{"line":317,"column":27},"end":{"line":317,"column":52}},"type":"binary-expr","locations":[{"start":{"line":317,"column":27},"end":{"line":317,"column":40}},{"start":{"line":317,"column":47},"end":{"line":317,"column":52}}],"line":317},"55":{"loc":{"start":{"line":332,"column":4},"end":{"line":332,"column":77}},"type":"if","locations":[{"start":{"line":332,"column":4},"end":{"line":332,"column":77}},{"start":{},"end":{}}],"line":332},"56":{"loc":{"start":{"line":333,"column":4},"end":{"line":333,"column":77}},"type":"if","locations":[{"start":{"line":333,"column":4},"end":{"line":333,"column":77}},{"start":{},"end":{}}],"line":333},"57":{"loc":{"start":{"line":355,"column":26},"end":{"line":355,"column":47}},"type":"binary-expr","locations":[{"start":{"line":355,"column":26},"end":{"line":355,"column":34}},{"start":{"line":355,"column":38},"end":{"line":355,"column":47}}],"line":355},"58":{"loc":{"start":{"line":356,"column":12},"end":{"line":356,"column":59}},"type":"if","locations":[{"start":{"line":356,"column":12},"end":{"line":356,"column":59}},{"start":{},"end":{}}],"line":356},"59":{"loc":{"start":{"line":359,"column":29},"end":{"line":359,"column":48}},"type":"binary-expr","locations":[{"start":{"line":359,"column":29},"end":{"line":359,"column":35}},{"start":{"line":359,"column":46},"end":{"line":359,"column":48}}],"line":359},"60":{"loc":{"start":{"line":361,"column":29},"end":{"line":361,"column":48}},"type":"binary-expr","locations":[{"start":{"line":361,"column":29},"end":{"line":361,"column":37}},{"start":{"line":361,"column":46},"end":{"line":361,"column":48}}],"line":361},"61":{"loc":{"start":{"line":362,"column":29},"end":{"line":362,"column":60}},"type":"binary-expr","locations":[{"start":{"line":362,"column":29},"end":{"line":362,"column":42}},{"start":{"line":362,"column":46},"end":{"line":362,"column":52}},{"start":{"line":362,"column":56},"end":{"line":362,"column":60}}],"line":362},"62":{"loc":{"start":{"line":364,"column":29},"end":{"line":364,"column":50}},"type":"binary-expr","locations":[{"start":{"line":364,"column":29},"end":{"line":364,"column":37}},{"start":{"line":364,"column":46},"end":{"line":364,"column":50}}],"line":364},"63":{"loc":{"start":{"line":383,"column":28},"end":{"line":383,"column":49}},"type":"binary-expr","locations":[{"start":{"line":383,"column":28},"end":{"line":383,"column":36}},{"start":{"line":383,"column":40},"end":{"line":383,"column":49}}],"line":383},"64":{"loc":{"start":{"line":386,"column":29},"end":{"line":386,"column":48}},"type":"binary-expr","locations":[{"start":{"line":386,"column":29},"end":{"line":386,"column":35}},{"start":{"line":386,"column":46},"end":{"line":386,"column":48}}],"line":386},"65":{"loc":{"start":{"line":388,"column":29},"end":{"line":388,"column":48}},"type":"binary-expr","locations":[{"start":{"line":388,"column":29},"end":{"line":388,"column":37}},{"start":{"line":388,"column":46},"end":{"line":388,"column":48}}],"line":388},"66":{"loc":{"start":{"line":389,"column":29},"end":{"line":389,"column":50}},"type":"binary-expr","locations":[{"start":{"line":389,"column":29},"end":{"line":389,"column":42}},{"start":{"line":389,"column":46},"end":{"line":389,"column":50}}],"line":389},"67":{"loc":{"start":{"line":400,"column":4},"end":{"line":416,"column":5}},"type":"if","locations":[{"start":{"line":400,"column":4},"end":{"line":416,"column":5}},{"start":{},"end":{}}],"line":400},"68":{"loc":{"start":{"line":401,"column":8},"end":{"line":401,"column":63}},"type":"if","locations":[{"start":{"line":401,"column":8},"end":{"line":401,"column":63}},{"start":{},"end":{}}],"line":401},"69":{"loc":{"start":{"line":403,"column":8},"end":{"line":406,"column":9}},"type":"if","locations":[{"start":{"line":403,"column":8},"end":{"line":406,"column":9}},{"start":{},"end":{}}],"line":403},"70":{"loc":{"start":{"line":408,"column":8},"end":{"line":411,"column":9}},"type":"if","locations":[{"start":{"line":408,"column":8},"end":{"line":411,"column":9}},{"start":{},"end":{}}],"line":408},"71":{"loc":{"start":{"line":419,"column":22},"end":{"line":419,"column":49}},"type":"binary-expr","locations":[{"start":{"line":419,"column":22},"end":{"line":419,"column":38}},{"start":{"line":419,"column":42},"end":{"line":419,"column":49}}],"line":419},"72":{"loc":{"start":{"line":421,"column":4},"end":{"line":423,"column":5}},"type":"if","locations":[{"start":{"line":421,"column":4},"end":{"line":423,"column":5}},{"start":{},"end":{}}],"line":421},"73":{"loc":{"start":{"line":429,"column":4},"end":{"line":431,"column":5}},"type":"if","locations":[{"start":{"line":429,"column":4},"end":{"line":431,"column":5}},{"start":{},"end":{}}],"line":429},"74":{"loc":{"start":{"line":433,"column":4},"end":{"line":435,"column":5}},"type":"if","locations":[{"start":{"line":433,"column":4},"end":{"line":435,"column":5}},{"start":{},"end":{}}],"line":433},"75":{"loc":{"start":{"line":437,"column":4},"end":{"line":445,"column":5}},"type":"if","locations":[{"start":{"line":437,"column":4},"end":{"line":445,"column":5}},{"start":{},"end":{}}],"line":437},"76":{"loc":{"start":{"line":458,"column":8},"end":{"line":464,"column":9}},"type":"if","locations":[{"start":{"line":458,"column":8},"end":{"line":464,"column":9}},{"start":{},"end":{}}],"line":458},"77":{"loc":{"start":{"line":461,"column":28},"end":{"line":461,"column":49}},"type":"binary-expr","locations":[{"start":{"line":461,"column":28},"end":{"line":461,"column":41}},{"start":{"line":461,"column":45},"end":{"line":461,"column":49}}],"line":461},"78":{"loc":{"start":{"line":471,"column":4},"end":{"line":478,"column":5}},"type":"if","locations":[{"start":{"line":471,"column":4},"end":{"line":478,"column":5}},{"start":{},"end":{}}],"line":471}},"s":{"0":0,"1":0,"2":0,"3":0,"4":0,"5":0,"6":0,"7":0,"8":0,"9":0,"10":0,"11":0,"12":0,"13":0,"14":0,"15":0,"16":0,"17":0,"18":0,"19":0,"20":0,"21":0,"22":0,"23":0,"24":0,"25":0,"26":0,"27":0,"28":0,"29":0,"30":0,"31":0,"32":0,"33":0,"34":0,"35":0,"36":0,"37":0,"38":0,"39":0,"40":0,"41":0,"42":0,"43":0,"44":0,"45":0,"46":0,"47":0,"48":0,"49":0,"50":0,"51":0,"52":0,"53":0,"54":0,"55":0,"56":0,"57":0,"58":0,"59":0,"60":0,"61":0,"62":0,"63":0,"64":0,"65":0,"66":0,"67":0,"68":0,"69":0,"70":0,"71":0,"72":0,"73":0,"74":0,"75":0,"76":0,"77":0,"78":0,"79":0,"80":0,"81":0,"82":0,"83":0,"84":0,"85":0,"86":0,"87":0,"88":0,"89":0,"90":0,"91":0,"92":0,"93":0,"94":0,"95":0,"96":0,"97":0,"98":0,"99":0,"100":0,"101":0,"102":0,"103":0,"104":0,"105":0,"106":0,"107":0,"108":0,"109":0,"110":0,"111":0,"112":0,"113":0,"114":0,"115":0,"116":0,"117":0,"118":0,"119":0,"120":0,"121":0,"122":0,"123":0,"124":0,"125":0,"126":0,"127":0,"128":0,"129":0,"130":0,"131":0,"132":0,"133":0,"134":0,"135":0,"136":0,"137":0,"138":0,"139":0,"140":0,"141":0,"142":0,"143":0,"144":0,"145":0,"146":0,"147":0,"148":0,"149":0,"150":0,"151":0,"152":0,"153":0,"154":0,"155":0,"156":0,"157":0,"158":0,"159":0,"160":0,"161":0,"162":0,"163":0,"164":0,"165":0,"166":0,"167":0,"168":0,"169":0,"170":0,"171":0,"172":0,"173":0,"174":0,"175":0,"176":0,"177":0,"178":0,"179":0,"180":0,"181":0,"182":0,"183":0,"184":0,"185":0,"186":0,"187":0,"188":0,"189":0,"190":0,"191":0,"192":0,"193":0,"194":0,"195":0,"196":0,"197":0,"198":0,"199":0,"200":0,"201":0,"202":0,"203":0,"204":0,"205":0,"206":0,"207":0,"208":0},"f":{"0":0,"1":0,"2":0,"3":0,"4":0,"5":0,"6":0,"7":0,"8":0,"9":0,"10":0,"11":0,"12":0,"13":0,"14":0,"15":0,"16":0,"17":0,"18":0,"19":0,"20":0,"21":0,"22":0,"23":0,"24":0,"25":0,"26":0,"27":0,"28":0,"29":0,"30":0,"31":0,"32":0,"33":0,"34":0},"b":{"0":[0,0],"1":[0,0],"2":[0,0],"3":[0,0],"4":[0,0],"5":[0,0],"6":[0,0],"7":[0,0],"8":[0,0],"9":[0,0],"10":[0,0],"11":[0,0],"12":[0,0],"13":[0,0],"14":[0,0],"15":[0,0],"16":[0,0],"17":[0,0],"18":[0,0],"19":[0,0],"20":[0,0],"21":[0,0],"22":[0,0],"23":[0,0],"24":[0,0],"25":[0,0],"26":[0,0],"27":[0,0],"28":[0,0],"29":[0,0],"30":[0,0],"31":[0,0],"32":[0,0],"33":[0,0],"34":[0,0],"35":[0,0],"36":[0,0],"37":[0,0],"38":[0,0],"39":[0,0],"40":[0,0],"41":[0,0],"42":[0,0],"43":[0,0],"44":[0,0],"45":[0,0],"46":[0,0],"47":[0,0],"48":[0,0],"49":[0,0],"50":[0,0],"51":[0,0],"52":[0,0],"53":[0,0],"54":[0,0],"55":[0,0],"56":[0,0],"57":[0,0],"58":[0,0],"59":[0,0],"60":[0,0],"61":[0,0,0],"62":[0,0],"63":[0,0],"64":[0,0],"65":[0,0],"66":[0,0],"67":[0,0],"68":[0,0],"69":[0,0],"70":[0,0],"71":[0,0],"72":[0,0],"73":[0,0],"74":[0,0],"75":[0,0],"76":[0,0],"77":[0,0],"78":[0,0]}}
}
