TN:
SF:Admin_WebPages\StaffManagement.js
FN:17,(anonymous_0)
FN:22,(anonymous_1)
FN:29,buildStaffTableHTML
FN:34,(anonymous_3)
FN:51,loadStaff
FN:60,(anonymous_5)
FN:74,loadClinics
FN:83,(anonymous_7)
FN:107,buildClinicOption
FN:120,(anonymous_9)
FN:137,(anonymous_10)
FN:172,(anonymous_11)
FN:187,(anonymous_12)
FN:190,(anonymous_13)
FN:197,(anonymous_14)
FN:202,(anonymous_15)
FN:209,showToast
FN:216,(anonymous_17)
FN:219,validateStaffForm
FN:225,buildStaffPayload
FNF:20
FNH:16
FNDA:19,(anonymous_0)
FNDA:0,(anonymous_1)
FNDA:24,buildStaffTableHTML
FNDA:4,(anonymous_3)
FNDA:23,loadStaff
FNDA:2,(anonymous_5)
FNDA:19,loadClinics
FNDA:4,(anonymous_7)
FNDA:6,buildClinicOption
FNDA:0,(anonymous_9)
FNDA:5,(anonymous_10)
FNDA:3,(anonymous_11)
FNDA:0,(anonymous_12)
FNDA:0,(anonymous_13)
FNDA:1,(anonymous_14)
FNDA:3,(anonymous_15)
FNDA:11,showToast
FNDA:1,(anonymous_17)
FNDA:8,validateStaffForm
FNDA:4,buildStaffPayload
DA:11,19
DA:13,19
DA:14,19
DA:16,19
DA:18,19
DA:19,19
DA:20,19
DA:23,0
DA:24,0
DA:30,24
DA:31,22
DA:34,4
DA:52,23
DA:53,23
DA:55,23
DA:56,23
DA:58,22
DA:60,22
DA:61,2
DA:64,22
DA:65,22
DA:67,1
DA:68,1
DA:75,19
DA:77,19
DA:78,19
DA:80,18
DA:81,18
DA:83,18
DA:84,4
DA:85,4
DA:87,4
DA:89,3
DA:90,3
DA:91,3
DA:92,3
DA:93,3
DA:94,3
DA:97,3
DA:103,1
DA:108,6
DA:109,6
DA:111,4
DA:120,19
DA:122,0
DA:124,0
DA:126,0
DA:127,0
DA:128,0
DA:132,0
DA:137,19
DA:139,5
DA:140,5
DA:141,5
DA:142,5
DA:143,5
DA:145,5
DA:146,2
DA:147,2
DA:150,3
DA:151,3
DA:156,2
DA:157,2
DA:158,2
DA:159,2
DA:161,2
DA:162,2
DA:163,2
DA:165,1
DA:166,1
DA:172,19
DA:173,3
DA:175,2
DA:176,2
DA:177,1
DA:178,1
DA:180,1
DA:181,1
DA:187,19
DA:189,0
DA:190,0
DA:192,0
DA:197,19
DA:198,1
DA:199,1
DA:202,19
DA:203,3
DA:204,3
DA:210,11
DA:211,11
DA:213,10
DA:214,10
DA:216,10
DA:220,8
DA:221,6
DA:222,4
DA:226,4
LF:97
LH:86
BRDA:30,0,0,22
BRDA:30,0,1,2
BRDA:36,1,0,4
BRDA:36,1,1,1
BRDA:37,2,0,4
BRDA:37,2,1,1
BRDA:38,3,0,4
BRDA:38,3,1,1
BRDA:64,4,0,22
BRDA:64,4,1,0
BRDA:65,5,0,22
BRDA:65,5,1,0
BRDA:80,6,0,18
BRDA:80,6,1,0
BRDA:87,7,0,1
BRDA:87,7,1,3
BRDA:89,8,0,3
BRDA:89,8,1,0
BRDA:107,9,0,2
BRDA:108,10,0,6
BRDA:108,10,1,2
BRDA:109,11,0,2
BRDA:109,11,1,4
BRDA:127,12,0,0
BRDA:127,12,1,0
BRDA:145,13,0,2
BRDA:145,13,1,3
BRDA:152,14,0,3
BRDA:152,14,1,0
BRDA:173,15,0,1
BRDA:173,15,1,2
BRDA:199,16,0,1
BRDA:199,16,1,0
BRDA:204,17,0,3
BRDA:204,17,1,0
BRDA:211,18,0,1
BRDA:211,18,1,10
BRDA:214,19,0,10
BRDA:214,19,1,1
BRDA:220,20,0,2
BRDA:220,20,1,6
BRDA:220,21,0,8
BRDA:220,21,1,6
BRDA:220,21,2,6
BRDA:221,22,0,2
BRDA:221,22,1,4
BRF:46
BRH:37
end_of_record
TN:
SF:Admin_WebPages\admin.js
FN:21,isUserAdmin
FN:25,(anonymous_1)
FN:38,populateSidebar
FN:55,initAdminPage
FN:56,(anonymous_4)
FN:57,(anonymous_5)
FNF:6
FNH:6
FNDA:11,isUserAdmin
FNDA:10,(anonymous_1)
FNDA:9,populateSidebar
FNDA:12,initAdminPage
FNDA:12,(anonymous_4)
FNDA:12,(anonymous_5)
DA:5,14
DA:14,14
DA:15,14
DA:16,14
DA:18,14
DA:22,11
DA:23,11
DA:24,11
DA:25,10
DA:26,10
DA:29,1
DA:30,1
DA:39,9
DA:40,9
DA:41,9
DA:43,9
DA:44,9
DA:46,9
DA:47,9
DA:49,9
DA:56,12
DA:57,12
DA:58,12
DA:59,1
DA:60,1
DA:63,11
DA:64,11
DA:65,2
DA:66,2
DA:67,2
DA:70,9
DA:71,9
LF:32
LH:32
BRDA:22,0,0,0
BRDA:22,0,1,11
BRDA:26,1,0,10
BRDA:26,1,1,0
BRDA:43,2,0,9
BRDA:43,2,1,2
BRDA:44,3,0,9
BRDA:44,3,1,0
BRDA:46,4,0,8
BRDA:46,4,1,1
BRDA:46,5,0,8
BRDA:46,5,1,2
BRDA:47,6,0,8
BRDA:47,6,1,1
BRDA:49,7,0,8
BRDA:49,7,1,1
BRDA:49,8,0,8
BRDA:49,8,1,2
BRDA:58,9,0,1
BRDA:58,9,1,11
BRDA:64,10,0,2
BRDA:64,10,1,9
BRF:22
BRH:19
end_of_record
TN:
SF:Admin_WebPages\analytics.js
FN:16,loadAppointments
FN:20,(anonymous_1)
FN:34,loadQueues
FN:38,(anonymous_3)
FN:52,loadClinics
FN:56,(anonymous_5)
FN:70,(anonymous_6)
FN:81,(anonymous_7)
FN:91,(anonymous_8)
FN:113,(anonymous_9)
FN:120,(anonymous_10)
FN:130,(anonymous_11)
FN:134,(anonymous_12)
FN:145,checkAndRender
FN:152,inDateRange
FN:163,buildDashboard
FN:166,(anonymous_16)
FN:170,(anonymous_17)
FN:173,(anonymous_18)
FN:177,(anonymous_19)
FN:182,(anonymous_20)
FN:196,getGlobalNoShowRate
FN:200,(anonymous_22)
FN:206,renderKPIs
FN:233,getQueueAnalytics
FN:236,(anonymous_25)
FN:264,getNoShowRateByClinic
FN:267,(anonymous_27)
FN:284,(anonymous_28)
FN:293,getRateColor
FN:302,getCurrentExportData
FN:305,(anonymous_31)
FN:310,(anonymous_32)
FN:316,(anonymous_33)
FN:335,exportCSV
FN:339,(anonymous_35)
FN:348,(anonymous_36)
FN:362,exportPDF
FN:366,(anonymous_38)
FN:424,(anonymous_39)
FN:443,renderDashboard
FN:455,(anonymous_41)
FN:483,(anonymous_42)
FN:484,(anonymous_43)
FN:488,(anonymous_44)
FN:498,getPreviousPeriod
FN:514,countPatients
FN:515,(anonymous_47)
FN:521,calculatePatientsTrend
FN:535,setActiveRow
FN:538,(anonymous_50)
FNF:51
FNH:50
FNDA:406,loadAppointments
FNDA:325,(anonymous_1)
FNDA:406,loadQueues
FNDA:209,(anonymous_3)
FNDA:406,loadClinics
FNDA:182,(anonymous_5)
FNDA:435,(anonymous_6)
FNDA:19,(anonymous_7)
FNDA:782,(anonymous_8)
FNDA:24,(anonymous_9)
FNDA:25,(anonymous_10)
FNDA:41,(anonymous_11)
FNDA:61,(anonymous_12)
FNDA:1134,checkAndRender
FNDA:1727,inDateRange
FNDA:1103,buildDashboard
FNDA:41,(anonymous_16)
FNDA:40,(anonymous_17)
FNDA:984,(anonymous_18)
FNDA:984,(anonymous_19)
FNDA:651,(anonymous_20)
FNDA:1101,getGlobalNoShowRate
FNDA:980,(anonymous_22)
FNDA:1099,renderKPIs
FNDA:1149,getQueueAnalytics
FNDA:698,(anonymous_25)
FNDA:1149,getNoShowRateByClinic
FNDA:1030,(anonymous_27)
FNDA:533,(anonymous_28)
FNDA:550,getRateColor
FNDA:49,getCurrentExportData
FNDA:48,(anonymous_31)
FNDA:48,(anonymous_32)
FNDA:49,(anonymous_33)
FNDA:24,exportCSV
FNDA:24,(anonymous_35)
FNDA:24,(anonymous_36)
FNDA:25,exportPDF
FNDA:0,(anonymous_38)
FNDA:25,(anonymous_39)
FNDA:1099,renderDashboard
FNDA:547,(anonymous_41)
FNDA:547,(anonymous_42)
FNDA:1,(anonymous_43)
FNDA:1,(anonymous_44)
FNDA:1103,getPreviousPeriod
FNDA:2205,countPatients
FNDA:2021,(anonymous_47)
FNDA:1102,calculatePatientsTrend
FNDA:1610,setActiveRow
FNDA:1567,(anonymous_50)
DA:4,29
DA:5,29
DA:6,29
DA:7,29
DA:9,29
DA:17,406
DA:18,406
DA:20,378
DA:25,378
DA:26,378
DA:29,28
DA:35,406
DA:36,406
DA:38,378
DA:43,378
DA:44,378
DA:47,28
DA:53,406
DA:54,406
DA:56,378
DA:61,378
DA:62,378
DA:65,28
DA:70,29
DA:72,435
DA:73,435
DA:75,406
DA:76,406
DA:77,406
DA:79,406
DA:81,406
DA:82,19
DA:84,19
DA:85,19
DA:87,19
DA:91,406
DA:93,782
DA:94,782
DA:96,506
DA:97,253
DA:98,253
DA:99,253
DA:102,506
DA:103,253
DA:104,253
DA:105,253
DA:110,406
DA:111,406
DA:113,406
DA:114,24
DA:115,24
DA:117,24
DA:120,406
DA:121,25
DA:122,25
DA:124,25
DA:128,406
DA:130,406
DA:131,41
DA:132,41
DA:134,41
DA:135,61
DA:136,61
DA:141,29
DA:146,1134
DA:147,1080
DA:153,1727
DA:155,1725
DA:156,1725
DA:157,1725
DA:159,1725
DA:165,1103
DA:166,41
DA:169,1103
DA:170,40
DA:173,1103
DA:174,984
DA:177,1103
DA:178,984
DA:181,1103
DA:182,651
DA:186,1103
DA:197,1101
DA:198,1101
DA:200,980
DA:202,439
DA:208,1099
DA:209,1099
DA:211,1099
DA:216,1099
DA:217,19
DA:219,1080
DA:220,1080
DA:221,1080
DA:223,1080
DA:229,1099
DA:234,1149
DA:236,1149
DA:237,698
DA:239,698
DA:240,421
DA:248,698
DA:250,698
DA:251,180
DA:254,698
DA:256,698
DA:257,698
DA:260,1149
DA:265,1149
DA:267,1149
DA:268,1030
DA:270,1030
DA:271,533
DA:277,1030
DA:279,1030
DA:280,262
DA:284,1149
DA:285,533
DA:286,533
DA:289,1149
DA:294,550
DA:296,550
DA:297,177
DA:298,176
DA:304,49
DA:305,48
DA:308,49
DA:310,48
DA:314,49
DA:316,49
DA:318,49
DA:323,49
DA:325,49
DA:337,24
DA:339,24
DA:346,24
DA:348,24
DA:351,24
DA:352,24
DA:354,24
DA:355,24
DA:356,24
DA:357,24
DA:359,24
DA:364,25
DA:366,25
DA:367,0
DA:368,0
DA:372,25
DA:376,25
DA:424,25
DA:438,25
DA:439,25
DA:445,1099
DA:447,1099
DA:449,1099
DA:450,1099
DA:452,1099
DA:453,1099
DA:455,1099
DA:457,547
DA:464,547
DA:465,547
DA:467,547
DA:469,547
DA:478,547
DA:481,1099
DA:483,1099
DA:484,547
DA:485,1
DA:488,547
DA:489,1
DA:493,1099
DA:500,1103
DA:501,1103
DA:503,1103
DA:505,1103
DA:506,1103
DA:508,1103
DA:515,2205
DA:516,2021
DA:523,1102
DA:525,1102
DA:526,1102
DA:528,1102
DA:530,64
DA:532,64
DA:536,1610
DA:538,1567
DA:540,892
DA:541,891
DA:542,891
LF:192
LH:190
BRDA:94,0,0,276
BRDA:94,0,1,506
BRDA:96,1,0,253
BRDA:96,1,1,253
BRDA:102,2,0,253
BRDA:102,2,1,253
BRDA:135,3,0,61
BRDA:135,3,1,21
BRDA:136,4,0,20
BRDA:136,4,1,41
BRDA:146,5,0,1080
BRDA:146,5,1,54
BRDA:146,6,0,1134
BRDA:146,6,1,1107
BRDA:146,6,2,1080
BRDA:153,7,0,2
BRDA:153,7,1,1725
BRDA:153,8,0,1727
BRDA:153,8,1,1726
BRDA:159,9,0,1725
BRDA:159,9,1,1611
BRDA:163,10,0,3
BRDA:163,11,0,3
BRDA:165,12,0,20
BRDA:165,12,1,1083
BRDA:165,13,0,1103
BRDA:165,13,1,20
BRDA:169,14,0,20
BRDA:169,14,1,1083
BRDA:169,15,0,1103
BRDA:169,15,1,20
BRDA:181,16,0,373
BRDA:181,16,1,730
BRDA:182,17,0,651
BRDA:182,17,1,55
BRDA:198,18,0,662
BRDA:198,18,1,439
BRDA:216,19,0,19
BRDA:216,19,1,1080
BRDA:216,20,0,1099
BRDA:216,20,1,19
BRDA:239,21,0,421
BRDA:239,21,1,277
BRDA:250,22,0,180
BRDA:250,22,1,518
BRDA:254,23,0,698
BRDA:254,23,1,55
BRDA:270,24,0,533
BRDA:270,24,1,497
BRDA:279,25,0,262
BRDA:279,25,1,768
BRDA:286,26,0,533
BRDA:286,26,1,0
BRDA:296,27,0,373
BRDA:296,27,1,177
BRDA:297,28,0,1
BRDA:297,28,1,176
BRDA:304,29,0,24
BRDA:304,29,1,25
BRDA:304,30,0,49
BRDA:304,30,1,24
BRDA:309,31,0,24
BRDA:309,31,1,25
BRDA:309,32,0,49
BRDA:309,32,1,24
BRDA:318,33,0,49
BRDA:318,33,1,0
BRDA:323,34,0,49
BRDA:323,34,1,0
BRDA:327,35,0,49
BRDA:327,35,1,0
BRDA:362,36,0,0
BRDA:362,37,0,0
BRDA:367,38,0,0
BRDA:367,38,1,0
BRDA:372,39,0,0
BRDA:372,39,1,25
BRDA:372,40,0,25
BRDA:372,40,1,0
BRDA:443,41,0,1080
BRDA:443,42,0,1080
BRDA:457,43,0,547
BRDA:457,43,1,359
BRDA:464,44,0,547
BRDA:464,44,1,294
BRDA:471,45,0,188
BRDA:471,45,1,359
BRDA:516,46,0,2021
BRDA:516,46,1,1546
BRDA:528,47,0,1038
BRDA:528,47,1,64
BRDA:528,48,0,305
BRDA:528,48,1,733
BRDA:536,49,0,718
BRDA:536,49,1,892
BRDA:540,50,0,891
BRDA:540,50,1,1
BRF:97
BRH:87
end_of_record
TN:
SF:Admin_WebPages\clinicManagement.js
FN:34,(anonymous_0)
FN:38,(anonymous_1)
FN:39,(anonymous_2)
FN:48,(anonymous_3)
FN:63,formatHours
FN:74,loadClinics
FN:82,(anonymous_6)
FN:107,renderClinics
FN:110,(anonymous_8)
FN:118,addClinicToUI
FN:153,(anonymous_10)
FN:168,(anonymous_11)
FN:179,(anonymous_12)
FN:184,(anonymous_13)
FN:199,(anonymous_14)
FN:234,(anonymous_15)
FN:264,(anonymous_16)
FN:318,openEditModal
FN:332,(anonymous_18)
FN:342,(anonymous_19)
FN:345,(anonymous_20)
FN:362,(anonymous_21)
FN:364,(anonymous_22)
FN:365,(anonymous_23)
FN:368,(anonymous_24)
FN:375,(anonymous_25)
FN:376,(anonymous_26)
FN:381,(anonymous_27)
FN:382,(anonymous_28)
FN:385,(anonymous_29)
FN:386,(anonymous_30)
FN:393,updateTriggerLabel
FN:395,(anonymous_32)
FN:402,getSelectedServices
FN:405,(anonymous_34)
FN:408,clearServices
FN:409,(anonymous_36)
FN:415,preselectServices
FN:417,(anonymous_38)
FNF:39
FNH:29
FNDA:1,(anonymous_0)
FNDA:72,(anonymous_1)
FNDA:1,(anonymous_2)
FNDA:1130,(anonymous_3)
FNDA:52,formatHours
FNDA:76,loadClinics
FNDA:10,(anonymous_6)
FNDA:85,renderClinics
FNDA:22,(anonymous_8)
FNDA:52,addClinicToUI
FNDA:47,(anonymous_10)
FNDA:3,(anonymous_11)
FNDA:5,(anonymous_12)
FNDA:7,(anonymous_13)
FNDA:1,(anonymous_14)
FNDA:2,(anonymous_15)
FNDA:3,(anonymous_16)
FNDA:12,openEditModal
FNDA:120,(anonymous_18)
FNDA:5,(anonymous_19)
FNDA:10,(anonymous_20)
FNDA:0,(anonymous_21)
FNDA:0,(anonymous_22)
FNDA:0,(anonymous_23)
FNDA:0,(anonymous_24)
FNDA:0,(anonymous_25)
FNDA:0,(anonymous_26)
FNDA:0,(anonymous_27)
FNDA:0,(anonymous_28)
FNDA:0,(anonymous_29)
FNDA:0,(anonymous_30)
FNDA:31,updateTriggerLabel
FNDA:17,(anonymous_32)
FNDA:8,getSelectedServices
FNDA:9,(anonymous_34)
FNDA:7,clearServices
FNDA:21,(anonymous_36)
FNDA:19,preselectServices
FNDA:57,(anonymous_38)
DA:12,72
DA:17,72
DA:18,72
DA:19,72
DA:20,72
DA:21,72
DA:22,72
DA:23,72
DA:24,72
DA:25,72
DA:27,72
DA:28,72
DA:29,72
DA:34,72
DA:35,1
DA:38,72
DA:39,72
DA:40,1
DA:41,1
DA:42,1
DA:43,1
DA:44,1
DA:48,72
DA:49,1130
DA:50,1130
DA:51,1130
DA:52,1
DA:53,1
DA:54,1
DA:64,52
DA:65,25
DA:66,25
DA:68,0
DA:75,76
DA:76,76
DA:77,76
DA:79,76
DA:80,76
DA:82,76
DA:83,10
DA:84,10
DA:100,76
DA:103,0
DA:108,85
DA:109,85
DA:110,85
DA:113,72
DA:119,52
DA:121,52
DA:122,52
DA:123,52
DA:125,52
DA:131,52
DA:132,52
DA:133,52
DA:137,52
DA:153,47
DA:165,52
DA:168,52
DA:169,3
DA:170,2
DA:171,2
DA:172,2
DA:174,0
DA:179,52
DA:180,5
DA:184,52
DA:185,7
DA:187,7
DA:188,7
DA:189,7
DA:190,7
DA:192,7
DA:199,72
DA:200,1
DA:202,1
DA:203,1
DA:204,1
DA:205,1
DA:206,1
DA:208,1
DA:209,1
DA:222,1
DA:223,1
DA:224,1
DA:225,1
DA:227,0
DA:234,72
DA:235,2
DA:237,2
DA:238,2
DA:239,2
DA:240,2
DA:241,2
DA:243,2
DA:244,2
DA:252,2
DA:253,2
DA:254,2
DA:255,2
DA:257,0
DA:264,72
DA:265,3
DA:267,3
DA:268,3
DA:271,3
DA:272,3
DA:274,3
DA:275,0
DA:276,0
DA:279,3
DA:280,3
DA:281,3
DA:282,3
DA:285,3
DA:286,1
DA:287,1
DA:291,2
DA:292,1
DA:293,1
DA:296,1
DA:297,1
DA:304,1
DA:305,1
DA:306,1
DA:307,1
DA:308,1
DA:309,1
DA:311,0
DA:319,12
DA:321,12
DA:322,12
DA:324,12
DA:325,12
DA:326,12
DA:327,12
DA:331,12
DA:332,120
DA:333,12
DA:334,12
DA:336,12
DA:342,72
DA:343,5
DA:345,5
DA:346,10
DA:356,5
DA:362,72
DA:364,0
DA:365,0
DA:366,0
DA:367,0
DA:368,0
DA:369,0
DA:371,0
DA:375,0
DA:376,0
DA:377,0
DA:381,0
DA:382,0
DA:385,0
DA:386,0
DA:387,0
DA:388,0
DA:394,31
DA:395,17
DA:396,31
DA:397,31
DA:403,8
DA:405,9
DA:409,7
DA:410,21
DA:412,7
DA:416,19
DA:417,19
DA:418,57
DA:420,19
LF:176
LH:152
BRDA:49,0,0,2
BRDA:49,0,1,1128
BRDA:50,1,0,1
BRDA:50,1,1,1129
BRDA:51,2,0,1
BRDA:51,2,1,1129
BRDA:64,3,0,27
BRDA:64,3,1,25
BRDA:64,4,0,52
BRDA:64,4,1,27
BRDA:64,4,2,27
BRDA:64,4,3,27
BRDA:65,5,0,25
BRDA:65,5,1,0
BRDA:65,6,0,25
BRDA:65,6,1,25
BRDA:65,6,2,25
BRDA:65,6,3,25
BRDA:88,7,0,10
BRDA:88,7,1,0
BRDA:89,8,0,10
BRDA:89,8,1,0
BRDA:90,9,0,10
BRDA:90,9,1,0
BRDA:91,10,0,10
BRDA:91,10,1,10
BRDA:92,11,0,10
BRDA:92,11,1,10
BRDA:93,12,0,10
BRDA:93,12,1,10
BRDA:94,13,0,10
BRDA:94,13,1,10
BRDA:95,14,0,10
BRDA:95,14,1,10
BRDA:96,15,0,10
BRDA:96,15,1,10
BRDA:119,16,0,0
BRDA:131,17,0,52
BRDA:131,17,1,1
BRDA:133,18,0,50
BRDA:133,18,1,2
BRDA:133,19,0,52
BRDA:133,19,1,52
BRDA:152,20,0,50
BRDA:152,20,1,2
BRDA:154,21,0,2
BRDA:154,21,1,1
BRDA:169,22,0,1
BRDA:169,22,1,2
BRDA:187,23,0,7
BRDA:187,23,1,3
BRDA:188,24,0,7
BRDA:188,24,1,3
BRDA:189,25,0,7
BRDA:189,25,1,3
BRDA:190,26,0,7
BRDA:190,26,1,3
BRDA:214,27,0,1
BRDA:214,27,1,0
BRDA:249,28,0,1
BRDA:249,28,1,1
BRDA:274,29,0,0
BRDA:274,29,1,3
BRDA:285,30,0,1
BRDA:285,30,1,2
BRDA:285,31,0,3
BRDA:285,31,1,2
BRDA:285,31,2,2
BRDA:285,31,3,2
BRDA:291,32,0,1
BRDA:291,32,1,1
BRDA:327,33,0,12
BRDA:327,33,1,1
BRDA:333,34,0,11
BRDA:333,34,1,1
BRDA:333,35,0,12
BRDA:333,35,1,11
BRDA:346,36,0,10
BRDA:346,36,1,5
BRDA:346,36,2,5
BRDA:346,36,3,5
BRDA:346,36,4,4
BRDA:346,37,0,10
BRDA:346,37,1,0
BRDA:347,38,0,5
BRDA:347,38,1,0
BRDA:348,39,0,5
BRDA:348,39,1,0
BRDA:349,40,0,5
BRDA:349,40,1,0
BRDA:350,41,0,4
BRDA:350,41,1,0
BRDA:352,42,0,0
BRDA:352,42,1,0
BRDA:369,43,0,0
BRDA:369,43,1,0
BRDA:397,44,0,15
BRDA:397,44,1,16
BRDA:416,45,0,16
BRDA:416,45,1,3
BRDA:416,46,0,1
BRDA:416,46,1,2
BRF:102
BRH:86
end_of_record
TN:
SF:Patients_WebPages\PatientDashboard.js
FN:45,loadClinics
FN:49,(anonymous_1)
FN:62,showEmpty
FN:67,showFilled
FN:74,(anonymous_4)
FN:80,setAvatarInitial
FN:94,loadAppointments
FN:109,(anonymous_7)
FN:115,(anonymous_8)
FN:121,(anonymous_9)
FN:192,loadVisitsCount
FN:202,(anonymous_11)
FN:215,(anonymous_12)
FN:225,(anonymous_13)
FN:265,(anonymous_14)
FN:277,(anonymous_15)
FNF:16
FNH:16
FNDA:7,loadClinics
FNDA:5,(anonymous_1)
FNDA:5,showEmpty
FNDA:7,showFilled
FNDA:1,(anonymous_4)
FNDA:13,setAvatarInitial
FNDA:10,loadAppointments
FNDA:13,(anonymous_7)
FNDA:13,(anonymous_8)
FNDA:2,(anonymous_9)
FNDA:8,loadVisitsCount
FNDA:11,(anonymous_11)
FNDA:13,(anonymous_12)
FNDA:12,(anonymous_13)
FNDA:2,(anonymous_14)
FNDA:40,(anonymous_15)
DA:19,20
DA:29,20
DA:30,20
DA:31,20
DA:37,20
DA:38,20
DA:40,20
DA:41,20
DA:46,7
DA:47,7
DA:48,7
DA:49,6
DA:50,5
DA:51,5
DA:52,5
DA:54,6
DA:56,1
DA:63,5
DA:64,5
DA:68,7
DA:69,7
DA:74,20
DA:75,1
DA:81,13
DA:82,13
DA:83,9
DA:84,9
DA:85,9
DA:86,4
DA:87,2
DA:89,13
DA:95,10
DA:97,10
DA:98,10
DA:100,10
DA:101,10
DA:102,10
DA:104,9
DA:106,7
DA:108,7
DA:109,13
DA:111,7
DA:112,7
DA:114,7
DA:116,13
DA:117,13
DA:118,13
DA:119,13
DA:122,2
DA:123,2
DA:124,2
DA:127,7
DA:129,6
DA:131,6
DA:133,6
DA:135,6
DA:136,6
DA:137,6
DA:139,6
DA:141,6
DA:173,6
DA:174,6
DA:185,1
DA:186,1
DA:193,8
DA:194,8
DA:199,8
DA:201,7
DA:202,7
DA:203,11
DA:206,7
DA:209,1
DA:215,20
DA:217,13
DA:218,13
DA:219,13
DA:220,13
DA:222,13
DA:223,13
DA:225,13
DA:227,12
DA:229,11
DA:230,11
DA:232,10
DA:233,9
DA:234,9
DA:235,9
DA:237,9
DA:238,9
DA:240,9
DA:241,9
DA:242,9
DA:243,9
DA:245,9
DA:248,10
DA:255,10
DA:258,1
DA:265,20
DA:266,2
DA:267,1
DA:268,1
DA:270,2
DA:271,2
DA:276,20
DA:277,20
DA:278,40
LF:106
LH:106
BRDA:51,0,0,4
BRDA:51,0,1,1
BRDA:82,1,0,9
BRDA:82,1,1,4
BRDA:82,2,0,13
BRDA:82,2,1,9
BRDA:85,3,0,8
BRDA:85,3,1,1
BRDA:86,4,0,2
BRDA:86,4,1,2
BRDA:86,5,0,4
BRDA:86,5,1,2
BRDA:104,6,0,2
BRDA:104,6,1,7
BRDA:118,7,0,13
BRDA:118,7,1,2
BRDA:119,8,0,13
BRDA:119,8,1,11
BRDA:122,9,0,2
BRDA:122,9,1,1
BRDA:123,10,0,2
BRDA:123,10,1,1
BRDA:127,11,0,1
BRDA:127,11,1,6
BRDA:137,12,0,4
BRDA:137,12,1,2
BRDA:160,13,0,6
BRDA:160,13,1,5
BRDA:164,14,0,6
BRDA:164,14,1,1
BRDA:165,15,0,6
BRDA:165,15,1,1
BRDA:173,16,0,1
BRDA:173,16,1,5
BRDA:203,17,0,9
BRDA:203,17,1,2
BRDA:203,18,0,11
BRDA:203,18,1,2
BRDA:227,19,0,1
BRDA:227,19,1,11
BRDA:232,20,0,9
BRDA:232,20,1,1
BRDA:234,21,0,9
BRDA:234,21,1,2
BRDA:235,22,0,9
BRDA:235,22,1,1
BRDA:240,23,0,9
BRDA:240,23,1,2
BRDA:241,24,0,9
BRDA:241,24,1,2
BRDA:242,25,0,9
BRDA:242,25,1,2
BRDA:266,26,0,1
BRDA:266,26,1,1
BRDA:278,27,0,20
BRDA:278,27,1,20
BRF:56
BRH:56
end_of_record
TN:
SF:Patients_WebPages\bookAppointment.js
FN:60,getStaffAvailableForDay
FN:70,(anonymous_1)
FN:81,getBookedSlots
FN:103,(anonymous_3)
FN:113,(anonymous_4)
FN:123,renderTimeSlots
FN:147,(anonymous_6)
FN:190,(anonymous_7)
FN:194,(anonymous_8)
FN:205,formatTime
FN:229,loadClinics
FN:235,(anonymous_11)
FN:253,loadAppointmentForReschedule
FN:275,displayClinics
FN:278,(anonymous_14)
FN:298,(anonymous_15)
FN:300,(anonymous_16)
FN:324,(anonymous_17)
FN:327,(anonymous_18)
FN:344,calculateDistance
FN:369,getUserLocation
FN:370,(anonymous_21)
FN:380,(anonymous_22)
FN:386,(anonymous_23)
FN:397,isClinicOpenNow
FN:460,applyFilters
FN:470,(anonymous_26)
FN:478,(anonymous_27)
FN:487,(anonymous_28)
FN:497,(anonymous_29)
FN:514,(anonymous_30)
FN:542,(anonymous_31)
FN:559,(anonymous_32)
FN:583,(anonymous_33)
FN:652,(anonymous_34)
FN:710,(anonymous_35)
FN:714,(anonymous_36)
FN:733,(anonymous_37)
FN:742,(anonymous_38)
FN:751,(anonymous_39)
FN:758,setAvatarInitial
FNF:41
FNH:38
FNDA:16,getStaffAvailableForDay
FNDA:13,(anonymous_1)
FNDA:0,getBookedSlots
FNDA:0,(anonymous_3)
FNDA:0,(anonymous_4)
FNDA:12,renderTimeSlots
FNDA:6,(anonymous_6)
FNDA:3,(anonymous_7)
FNDA:57,(anonymous_8)
FNDA:231,formatTime
FNDA:26,loadClinics
FNDA:17,(anonymous_11)
FNDA:3,loadAppointmentForReschedule
FNDA:32,displayClinics
FNDA:28,(anonymous_14)
FNDA:7,(anonymous_15)
FNDA:9,(anonymous_16)
FNDA:1,(anonymous_17)
FNDA:2,(anonymous_18)
FNDA:4,calculateDistance
FNDA:5,getUserLocation
FNDA:5,(anonymous_21)
FNDA:2,(anonymous_22)
FNDA:2,(anonymous_23)
FNDA:16,isClinicOpenNow
FNDA:5,applyFilters
FNDA:4,(anonymous_26)
FNDA:9,(anonymous_27)
FNDA:2,(anonymous_28)
FNDA:1,(anonymous_29)
FNDA:3,(anonymous_30)
FNDA:1,(anonymous_31)
FNDA:26,(anonymous_32)
FNDA:7,(anonymous_33)
FNDA:1,(anonymous_34)
FNDA:19,(anonymous_35)
FNDA:1,(anonymous_36)
FNDA:1,(anonymous_37)
FNDA:52,(anonymous_38)
FNDA:2,(anonymous_39)
FNDA:24,setAvatarInitial
DA:18,26
DA:27,26
DA:28,26
DA:29,26
DA:34,26
DA:35,26
DA:36,26
DA:37,26
DA:39,26
DA:41,26
DA:42,3
DA:48,26
DA:49,26
DA:51,26
DA:52,26
DA:54,26
DA:55,26
DA:56,26
DA:61,16
DA:66,16
DA:68,16
DA:70,16
DA:71,13
DA:73,13
DA:74,13
DA:78,16
DA:82,0
DA:83,0
DA:87,0
DA:93,0
DA:99,0
DA:101,0
DA:103,0
DA:104,0
DA:106,0
DA:107,0
DA:111,0
DA:113,0
DA:114,0
DA:115,0
DA:119,0
DA:124,12
DA:126,12
DA:127,12
DA:131,12
DA:137,12
DA:143,12
DA:145,12
DA:147,12
DA:148,6
DA:150,6
DA:151,5
DA:155,12
DA:156,12
DA:158,12
DA:159,120
DA:160,240
DA:162,228
DA:164,228
DA:165,228
DA:166,228
DA:168,228
DA:170,228
DA:171,19
DA:172,19
DA:174,19
DA:175,5
DA:179,228
DA:180,228
DA:182,228
DA:183,48
DA:184,48
DA:185,48
DA:186,48
DA:187,48
DA:190,228
DA:191,3
DA:193,3
DA:194,57
DA:196,3
DA:197,3
DA:200,228
DA:206,231
DA:207,231
DA:208,231
DA:219,26
DA:220,26
DA:222,26
DA:230,26
DA:232,26
DA:235,25
DA:240,25
DA:242,25
DA:243,3
DA:247,1
DA:248,1
DA:254,3
DA:256,2
DA:257,2
DA:259,2
DA:261,1
DA:263,1
DA:266,1
DA:267,1
DA:268,1
DA:271,1
DA:276,32
DA:278,32
DA:279,28
DA:280,28
DA:282,28
DA:298,28
DA:300,7
DA:301,9
DA:302,9
DA:303,9
DA:306,7
DA:307,7
DA:309,7
DA:310,7
DA:311,7
DA:312,7
DA:315,7
DA:316,7
DA:320,28
DA:324,26
DA:325,1
DA:327,1
DA:328,2
DA:337,1
DA:347,4
DA:350,4
DA:351,4
DA:355,4
DA:360,4
DA:363,4
DA:370,5
DA:373,5
DA:374,1
DA:375,1
DA:379,4
DA:381,2
DA:387,2
DA:400,16
DA:402,15
DA:405,15
DA:408,15
DA:411,15
DA:421,15
DA:423,15
DA:424,14
DA:427,13
DA:430,13
DA:432,13
DA:433,13
DA:436,13
DA:439,12
DA:442,8
DA:443,8
DA:445,8
DA:446,8
DA:449,8
DA:452,1
DA:453,1
DA:463,5
DA:466,5
DA:469,5
DA:470,2
DA:471,4
DA:477,5
DA:478,3
DA:479,9
DA:484,5
DA:487,1
DA:488,2
DA:497,1
DA:501,5
DA:509,26
DA:514,26
DA:515,3
DA:516,3
DA:519,2
DA:521,1
DA:522,1
DA:527,1
DA:528,1
DA:531,2
DA:534,1
DA:535,1
DA:542,26
DA:545,1
DA:548,1
DA:550,1
DA:553,26
DA:556,26
DA:557,26
DA:559,26
DA:560,26
DA:561,24
DA:562,24
DA:563,24
DA:565,2
DA:570,26
DA:572,26
DA:573,26
DA:574,26
DA:576,26
DA:577,26
DA:581,26
DA:583,26
DA:584,7
DA:586,7
DA:587,1
DA:588,1
DA:591,6
DA:592,6
DA:593,6
DA:596,6
DA:597,6
DA:598,6
DA:600,6
DA:601,6
DA:603,6
DA:606,6
DA:607,1
DA:608,1
DA:612,5
DA:613,1
DA:615,1
DA:624,1
DA:625,1
DA:626,1
DA:631,4
DA:638,4
DA:640,4
DA:644,4
DA:650,4
DA:652,4
DA:653,1
DA:655,1
DA:656,1
DA:660,4
DA:661,2
DA:662,2
DA:668,2
DA:669,2
DA:681,1
DA:704,1
DA:706,1
DA:707,1
DA:708,1
DA:710,1
DA:711,19
DA:714,1
DA:715,1
DA:716,1
DA:717,1
DA:720,1
DA:722,1
DA:725,1
DA:726,1
DA:730,26
DA:732,26
DA:733,26
DA:734,1
DA:738,26
DA:740,26
DA:742,26
DA:743,52
DA:745,52
DA:746,26
DA:751,26
DA:752,2
DA:753,1
DA:759,24
DA:760,24
DA:761,23
DA:762,23
DA:763,23
DA:764,1
DA:765,1
DA:767,24
LF:282
LH:267
BRDA:41,0,0,3
BRDA:41,0,1,23
BRDA:41,1,0,26
BRDA:41,1,1,3
BRDA:73,2,0,13
BRDA:73,2,1,0
BRDA:106,3,0,0
BRDA:106,3,1,0
BRDA:107,4,0,0
BRDA:107,4,1,0
BRDA:114,5,0,0
BRDA:114,5,1,0
BRDA:150,6,0,5
BRDA:150,6,1,1
BRDA:150,7,0,6
BRDA:150,7,1,5
BRDA:151,8,0,5
BRDA:151,8,1,5
BRDA:160,9,0,12
BRDA:160,9,1,228
BRDA:160,10,0,240
BRDA:160,10,1,24
BRDA:170,11,0,19
BRDA:170,11,1,209
BRDA:174,12,0,5
BRDA:174,12,1,14
BRDA:179,13,0,228
BRDA:179,13,1,223
BRDA:182,14,0,48
BRDA:182,14,1,180
BRDA:182,15,0,228
BRDA:182,15,1,185
BRDA:182,15,2,180
BRDA:191,16,0,0
BRDA:191,16,1,3
BRDA:242,17,0,3
BRDA:242,17,1,22
BRDA:254,18,0,1
BRDA:254,18,1,2
BRDA:259,19,0,1
BRDA:259,19,1,1
BRDA:291,20,0,5
BRDA:291,20,1,23
BRDA:315,21,0,7
BRDA:315,21,1,0
BRDA:328,22,0,2
BRDA:328,22,1,1
BRDA:328,22,2,1
BRDA:328,22,3,1
BRDA:328,22,4,1
BRDA:328,23,0,2
BRDA:328,23,1,0
BRDA:329,24,0,1
BRDA:329,24,1,0
BRDA:330,25,0,1
BRDA:330,25,1,0
BRDA:331,26,0,1
BRDA:331,26,1,0
BRDA:332,27,0,1
BRDA:332,27,1,0
BRDA:332,28,0,0
BRDA:332,28,1,1
BRDA:373,29,0,1
BRDA:373,29,1,4
BRDA:400,30,0,1
BRDA:400,30,1,15
BRDA:424,31,0,1
BRDA:424,31,1,13
BRDA:424,32,0,14
BRDA:424,32,1,14
BRDA:436,33,0,1
BRDA:436,33,1,12
BRDA:436,34,0,13
BRDA:436,34,1,12
BRDA:439,35,0,4
BRDA:439,35,1,8
BRDA:439,36,0,12
BRDA:439,36,1,8
BRDA:449,37,0,8
BRDA:449,37,1,7
BRDA:469,38,0,2
BRDA:469,38,1,3
BRDA:471,39,0,4
BRDA:471,39,1,3
BRDA:477,40,0,3
BRDA:477,40,1,2
BRDA:484,41,0,1
BRDA:484,41,1,4
BRDA:484,42,0,5
BRDA:484,42,1,1
BRDA:516,43,0,2
BRDA:516,43,1,1
BRDA:560,44,0,24
BRDA:560,44,1,2
BRDA:586,45,0,1
BRDA:586,45,1,6
BRDA:606,46,0,1
BRDA:606,46,1,5
BRDA:606,47,0,6
BRDA:606,47,1,5
BRDA:606,47,2,5
BRDA:606,47,3,5
BRDA:612,48,0,1
BRDA:612,48,1,4
BRDA:655,49,0,1
BRDA:655,49,1,0
BRDA:655,50,0,1
BRDA:655,50,1,1
BRDA:660,51,0,2
BRDA:660,51,1,2
BRDA:660,52,0,4
BRDA:660,52,1,3
BRDA:732,53,0,26
BRDA:732,53,1,0
BRDA:745,54,0,26
BRDA:745,54,1,26
BRDA:752,55,0,1
BRDA:752,55,1,1
BRDA:752,56,0,2
BRDA:752,56,1,2
BRDA:760,57,0,23
BRDA:760,57,1,1
BRDA:760,58,0,24
BRDA:760,58,1,23
BRDA:763,59,0,23
BRDA:763,59,1,0
BRDA:764,60,0,1
BRDA:764,60,1,0
BRDA:764,61,0,1
BRDA:764,61,1,1
BRF:130
BRH:111
end_of_record
TN:
SF:Patients_WebPages\patientNotifications.js
FN:28,(anonymous_0)
FN:43,loadNotifications
FN:51,(anonymous_2)
FN:52,(anonymous_3)
FN:70,(anonymous_4)
FN:78,(anonymous_5)
FN:85,getIcon
FN:93,formatTime
FN:104,render
FN:105,(anonymous_9)
FN:113,(anonymous_10)
FN:126,(anonymous_11)
FN:141,(anonymous_12)
FN:158,(anonymous_13)
FN:166,(anonymous_14)
FN:179,(anonymous_15)
FN:198,(anonymous_16)
FN:203,(anonymous_17)
FN:213,(anonymous_18)
FN:214,(anonymous_19)
FN:225,(anonymous_20)
FN:235,__setNotificationsForTest
FN:239,__setCurrentFilterForTest
FN:252,setAvatarInitial
FNF:24
FNH:17
FNDA:0,(anonymous_0)
FNDA:0,loadNotifications
FNDA:0,(anonymous_2)
FNDA:0,(anonymous_3)
FNDA:0,(anonymous_4)
FNDA:0,(anonymous_5)
FNDA:5,getIcon
FNDA:4,formatTime
FNDA:21,render
FNDA:25,(anonymous_9)
FNDA:25,(anonymous_10)
FNDA:21,(anonymous_11)
FNDA:21,(anonymous_12)
FNDA:4,(anonymous_13)
FNDA:2,(anonymous_14)
FNDA:2,(anonymous_15)
FNDA:2,(anonymous_16)
FNDA:8,(anonymous_17)
FNDA:2,(anonymous_18)
FNDA:4,(anonymous_19)
FNDA:2,(anonymous_20)
FNDA:33,__setNotificationsForTest
FNDA:33,__setCurrentFilterForTest
FNDA:0,setAvatarInitial
DA:19,33
DA:20,33
DA:22,33
DA:23,33
DA:25,33
DA:26,33
DA:28,33
DA:29,0
DA:30,0
DA:31,0
DA:32,0
DA:33,0
DA:35,0
DA:36,0
DA:37,0
DA:44,0
DA:49,0
DA:52,0
DA:53,0
DA:55,0
DA:70,0
DA:71,0
DA:73,0
DA:76,0
DA:79,0
DA:80,0
DA:86,5
DA:87,4
DA:88,3
DA:89,2
DA:90,1
DA:94,4
DA:96,1
DA:98,1
DA:105,21
DA:106,25
DA:107,7
DA:108,2
DA:111,21
DA:112,21
DA:113,25
DA:115,21
DA:116,4
DA:123,4
DA:126,21
DA:141,21
DA:158,33
DA:159,4
DA:161,4
DA:162,2
DA:164,2
DA:165,2
DA:166,2
DA:168,2
DA:169,1
DA:175,2
DA:178,2
DA:179,2
DA:181,2
DA:183,2
DA:184,1
DA:188,1
DA:191,2
DA:192,1
DA:194,1
DA:198,33
DA:199,2
DA:201,2
DA:203,2
DA:204,8
DA:207,2
DA:208,2
DA:210,2
DA:213,33
DA:214,4
DA:216,2
DA:217,2
DA:222,2
DA:225,33
DA:226,2
DA:228,1
DA:229,2
DA:232,1
DA:236,33
DA:240,33
DA:253,0
DA:254,0
DA:255,0
DA:256,0
DA:257,0
DA:258,0
DA:259,0
DA:261,0
LF:93
LH:66
BRDA:29,0,0,0
BRDA:29,0,1,0
BRDA:57,1,0,0
BRDA:57,1,1,0
BRDA:61,2,0,0
BRDA:61,2,1,0
BRDA:62,3,0,0
BRDA:62,3,1,0
BRDA:65,4,0,0
BRDA:65,4,1,0
BRDA:71,5,0,0
BRDA:71,5,1,0
BRDA:71,6,0,0
BRDA:71,6,1,0
BRDA:86,7,0,1
BRDA:86,7,1,4
BRDA:87,8,0,1
BRDA:87,8,1,3
BRDA:88,9,0,1
BRDA:88,9,1,2
BRDA:89,10,0,1
BRDA:89,10,1,1
BRDA:94,11,0,3
BRDA:94,11,1,1
BRDA:94,12,0,4
BRDA:94,12,1,2
BRDA:106,13,0,18
BRDA:106,13,1,7
BRDA:107,14,0,5
BRDA:107,14,1,2
BRDA:115,15,0,4
BRDA:115,15,1,17
BRDA:127,16,0,17
BRDA:127,16,1,4
BRDA:140,17,0,1
BRDA:140,17,1,20
BRDA:147,18,0,17
BRDA:147,18,1,4
BRDA:161,19,0,2
BRDA:161,19,1,2
BRDA:164,20,0,2
BRDA:164,20,1,0
BRDA:168,21,0,1
BRDA:168,21,1,1
BRDA:168,22,0,2
BRDA:168,22,1,2
BRDA:181,23,0,0
BRDA:181,23,1,2
BRDA:183,24,0,1
BRDA:183,24,1,1
BRDA:191,25,0,1
BRDA:191,25,1,1
BRDA:201,26,0,0
BRDA:201,26,1,2
BRDA:226,27,0,1
BRDA:226,27,1,1
BRDA:254,28,0,0
BRDA:254,28,1,0
BRDA:254,29,0,0
BRDA:254,29,1,0
BRDA:257,30,0,0
BRDA:257,30,1,0
BRDA:258,31,0,0
BRDA:258,31,1,0
BRDA:258,32,0,0
BRDA:258,32,1,0
BRF:66
BRH:39
end_of_record
TN:
SF:Patients_WebPages\carequeue-ml\js\waitTimeML.js
FN:20,fetchWithTimeout
FN:21,(anonymous_1)
FN:22,(anonymous_2)
FN:24,(anonymous_3)
FN:25,(anonymous_4)
FN:32,getWaitTime
FN:57,safeSet
FN:76,loadQueueStatusML
FN:88,(anonymous_8)
FN:104,(anonymous_9)
FN:110,(anonymous_10)
FN:111,(anonymous_11)
FN:115,(anonymous_12)
FN:126,(anonymous_13)
FN:129,(anonymous_14)
FN:130,(anonymous_15)
FN:131,(anonymous_16)
FN:136,(anonymous_17)
FN:137,(anonymous_18)
FN:141,(anonymous_19)
FN:145,(anonymous_20)
FN:228,(anonymous_21)
FNF:22
FNH:21
FNDA:15,fetchWithTimeout
FNDA:15,(anonymous_1)
FNDA:0,(anonymous_2)
FNDA:13,(anonymous_3)
FNDA:2,(anonymous_4)
FNDA:15,getWaitTime
FNDA:45,safeSet
FNDA:7,loadQueueStatusML
FNDA:2,(anonymous_8)
FNDA:7,(anonymous_9)
FNDA:7,(anonymous_10)
FNDA:7,(anonymous_11)
FNDA:6,(anonymous_12)
FNDA:7,(anonymous_13)
FNDA:10,(anonymous_14)
FNDA:10,(anonymous_15)
FNDA:2,(anonymous_16)
FNDA:2,(anonymous_17)
FNDA:2,(anonymous_18)
FNDA:1,(anonymous_19)
FNDA:8,(anonymous_20)
FNDA:1,(anonymous_21)
DA:13,16
DA:15,16
DA:21,15
DA:22,15
DA:23,15
DA:24,13
DA:25,2
DA:33,15
DA:34,15
DA:45,13
DA:46,12
DA:47,12
DA:50,2
DA:58,45
DA:59,45
DA:85,7
DA:86,7
DA:88,7
DA:89,2
DA:90,2
DA:91,2
DA:92,2
DA:93,2
DA:94,2
DA:95,2
DA:99,7
DA:104,7
DA:107,7
DA:109,7
DA:110,7
DA:111,7
DA:113,7
DA:115,6
DA:116,6
DA:118,6
DA:121,6
DA:126,6
DA:128,7
DA:129,10
DA:130,10
DA:131,2
DA:134,7
DA:135,1
DA:136,2
DA:138,2
DA:141,1
DA:144,7
DA:145,8
DA:147,7
DA:149,6
DA:150,6
DA:151,6
DA:154,6
DA:155,6
DA:157,6
DA:158,6
DA:159,3
DA:161,6
DA:162,6
DA:163,6
DA:164,6
DA:197,6
DA:198,6
DA:200,6
DA:207,6
DA:210,5
DA:214,5
DA:217,5
DA:218,5
DA:222,1
DA:228,7
DA:229,1
DA:230,1
LF:73
LH:73
BRDA:20,0,0,15
BRDA:41,1,0,15
BRDA:41,1,1,5
BRDA:45,2,0,1
BRDA:45,2,1,12
BRDA:47,3,0,12
BRDA:47,3,1,2
BRDA:59,4,0,45
BRDA:59,4,1,0
BRDA:81,5,0,7
BRDA:82,6,0,7
BRDA:83,7,0,7
BRDA:95,8,0,2
BRDA:95,8,1,0
BRDA:107,9,0,0
BRDA:107,9,1,7
BRDA:111,10,0,7
BRDA:111,10,1,0
BRDA:113,11,0,1
BRDA:113,11,1,6
BRDA:116,12,0,6
BRDA:116,12,1,0
BRDA:130,13,0,10
BRDA:130,13,1,0
BRDA:131,14,0,2
BRDA:131,14,1,0
BRDA:131,15,0,2
BRDA:131,15,1,0
BRDA:134,16,0,1
BRDA:134,16,1,6
BRDA:138,17,0,2
BRDA:138,17,1,2
BRDA:138,18,0,2
BRDA:138,18,1,0
BRDA:139,19,0,2
BRDA:139,19,1,0
BRDA:141,20,0,1
BRDA:141,20,1,0
BRDA:141,21,0,1
BRDA:141,21,1,0
BRDA:147,22,0,1
BRDA:147,22,1,6
BRDA:150,23,0,6
BRDA:150,23,1,0
BRDA:151,24,0,6
BRDA:151,24,1,5
BRDA:158,25,0,3
BRDA:158,25,1,3
BRDA:163,26,0,6
BRDA:163,26,1,0
BRDA:207,27,0,1
BRDA:207,27,1,5
BRDA:210,28,0,4
BRDA:210,28,1,1
BRDA:230,29,0,1
BRDA:230,29,1,0
BRF:56
BRH:41
end_of_record
TN:
SF:Staff_Webpages\Appointments.js
FN:55,getTodayString
FN:62,getTomorrowString
FN:70,minutesToTime
FN:75,getAllSlots
FN:84,updateStats
FN:87,(anonymous_5)
FN:90,(anonymous_6)
FN:91,(anonymous_7)
FN:92,(anonymous_8)
FN:96,getFilteredAppointments
FN:100,(anonymous_10)
FN:101,(anonymous_11)
FN:102,(anonymous_12)
FN:108,renderEmptyState
FN:117,buildCard
FN:179,(anonymous_15)
FN:180,(anonymous_16)
FN:186,renderAppointments
FN:194,(anonymous_18)
FN:198,(anonymous_19)
FN:204,getFreeSlots
FN:213,(anonymous_21)
FN:227,(anonymous_22)
FN:235,(anonymous_23)
FN:239,openRescheduleModal
FN:288,loadFreeSlots
FN:301,(anonymous_26)
FN:309,(anonymous_27)
FN:312,(anonymous_28)
FN:315,(anonymous_29)
FN:348,cancelAppointment
FN:364,showConfirmModal
FN:365,(anonymous_32)
FN:389,(anonymous_33)
FN:390,(anonymous_34)
FN:395,startAppointmentsListener
FN:411,(anonymous_36)
FN:417,(anonymous_37)
FN:438,(anonymous_38)
FN:443,(anonymous_39)
FN:452,(anonymous_40)
FN:463,(anonymous_41)
FN:464,(anonymous_42)
FN:465,(anonymous_43)
FN:473,(anonymous_44)
FN:493,(anonymous_45)
FNF:46
FNH:42
FNDA:21,getTodayString
FNDA:14,getTomorrowString
FNDA:148,minutesToTime
FNDA:8,getAllSlots
FNDA:6,updateStats
FNDA:48,(anonymous_5)
FNDA:14,(anonymous_6)
FNDA:14,(anonymous_7)
FNDA:14,(anonymous_8)
FNDA:5,getFilteredAppointments
FNDA:3,(anonymous_10)
FNDA:3,(anonymous_11)
FNDA:3,(anonymous_12)
FNDA:3,renderEmptyState
FNDA:21,buildCard
FNDA:0,(anonymous_15)
FNDA:0,(anonymous_16)
FNDA:5,renderAppointments
FNDA:3,(anonymous_18)
FNDA:8,(anonymous_19)
FNDA:4,getFreeSlots
FNDA:22,(anonymous_21)
FNDA:21,(anonymous_22)
FNDA:72,(anonymous_23)
FNDA:3,openRescheduleModal
FNDA:3,loadFreeSlots
FNDA:35,(anonymous_26)
FNDA:0,(anonymous_27)
FNDA:1,(anonymous_28)
FNDA:3,(anonymous_29)
FNDA:3,cancelAppointment
FNDA:8,showConfirmModal
FNDA:8,(anonymous_32)
FNDA:5,(anonymous_33)
FNDA:3,(anonymous_34)
FNDA:4,startAppointmentsListener
FNDA:2,(anonymous_36)
FNDA:6,(anonymous_37)
FNDA:1,(anonymous_38)
FNDA:0,(anonymous_39)
FNDA:1,(anonymous_40)
FNDA:180,(anonymous_41)
FNDA:3,(anonymous_42)
FNDA:12,(anonymous_43)
FNDA:4,(anonymous_44)
FNDA:5,(anonymous_45)
DA:17,45
DA:26,45
DA:27,45
DA:28,45
DA:31,45
DA:32,45
DA:33,45
DA:35,45
DA:44,45
DA:45,45
DA:46,45
DA:49,45
DA:50,45
DA:51,45
DA:52,45
DA:56,21
DA:57,21
DA:58,21
DA:59,21
DA:63,14
DA:64,14
DA:65,14
DA:66,14
DA:67,14
DA:71,148
DA:76,8
DA:77,8
DA:78,144
DA:80,8
DA:85,6
DA:86,6
DA:87,48
DA:89,6
DA:90,14
DA:91,14
DA:92,14
DA:97,5
DA:98,5
DA:99,5
DA:100,3
DA:101,3
DA:102,3
DA:103,2
DA:109,3
DA:118,21
DA:119,21
DA:120,21
DA:122,21
DA:123,21
DA:124,21
DA:125,21
DA:127,21
DA:131,21
DA:179,21
DA:180,21
DA:182,21
DA:187,5
DA:188,5
DA:190,5
DA:191,5
DA:193,5
DA:195,3
DA:198,8
DA:205,4
DA:208,4
DA:213,4
DA:214,22
DA:215,21
DA:216,21
DA:217,21
DA:221,4
DA:227,4
DA:228,21
DA:229,21
DA:230,21
DA:231,21
DA:235,72
DA:240,3
DA:242,3
DA:243,3
DA:244,3
DA:278,3
DA:279,3
DA:281,3
DA:282,3
DA:283,3
DA:284,3
DA:285,3
DA:289,3
DA:290,3
DA:292,3
DA:294,3
DA:295,1
DA:296,1
DA:297,1
DA:300,2
DA:301,35
DA:302,2
DA:306,3
DA:309,3
DA:312,3
DA:315,3
DA:316,3
DA:317,3
DA:319,3
DA:320,1
DA:321,1
DA:322,1
DA:325,2
DA:326,2
DA:328,2
DA:329,2
DA:335,1
DA:336,1
DA:338,1
DA:339,1
DA:340,1
DA:341,1
DA:342,1
DA:349,3
DA:350,3
DA:352,2
DA:353,2
DA:358,1
DA:359,1
DA:365,8
DA:366,8
DA:368,8
DA:369,8
DA:370,8
DA:386,8
DA:387,8
DA:389,8
DA:390,8
DA:396,4
DA:398,4
DA:403,4
DA:405,4
DA:411,4
DA:412,2
DA:414,2
DA:415,2
DA:417,2
DA:418,6
DA:419,6
DA:420,6
DA:422,5
DA:433,5
DA:435,5
DA:436,1
DA:439,1
DA:440,1
DA:448,2
DA:449,2
DA:450,2
DA:453,1
DA:454,1
DA:463,45
DA:464,180
DA:465,12
DA:466,3
DA:467,3
DA:468,3
DA:473,45
DA:474,4
DA:475,1
DA:476,1
DA:477,1
DA:478,1
DA:479,1
DA:482,3
DA:483,3
DA:485,3
DA:486,3
DA:487,3
DA:489,3
DA:490,3
DA:491,3
DA:492,3
DA:493,5
DA:496,3
DA:497,3
DA:501,3
DA:502,2
DA:503,1
DA:504,1
DA:507,1
DA:510,3
DA:511,2
DA:516,2
DA:519,1
LF:191
LH:191
BRDA:89,0,0,6
BRDA:89,0,1,0
BRDA:90,1,0,6
BRDA:90,1,1,0
BRDA:91,2,0,6
BRDA:91,2,1,0
BRDA:92,3,0,6
BRDA:92,3,1,0
BRDA:99,4,0,1
BRDA:99,4,1,1
BRDA:99,4,2,1
BRDA:99,4,3,2
BRDA:118,5,0,21
BRDA:118,5,1,0
BRDA:119,6,0,21
BRDA:119,6,1,0
BRDA:120,7,0,21
BRDA:120,7,1,20
BRDA:124,8,0,3
BRDA:124,8,1,18
BRDA:127,9,0,4
BRDA:127,9,1,17
BRDA:136,10,0,21
BRDA:136,10,1,12
BRDA:147,11,0,21
BRDA:147,11,1,12
BRDA:151,12,0,21
BRDA:151,12,1,12
BRDA:153,13,0,2
BRDA:153,13,1,19
BRDA:160,14,0,18
BRDA:160,14,1,3
BRDA:191,15,0,0
BRDA:191,15,1,5
BRDA:195,16,0,3
BRDA:195,16,1,1
BRDA:195,17,0,3
BRDA:195,17,1,0
BRDA:195,18,0,3
BRDA:195,18,1,0
BRDA:196,19,0,1
BRDA:196,19,1,0
BRDA:196,20,0,1
BRDA:196,20,1,0
BRDA:204,21,0,0
BRDA:214,22,0,1
BRDA:214,22,1,21
BRDA:216,23,0,21
BRDA:216,23,1,0
BRDA:217,24,0,20
BRDA:217,24,1,1
BRDA:217,25,0,21
BRDA:217,25,1,20
BRDA:228,26,0,0
BRDA:228,26,1,21
BRDA:230,27,0,21
BRDA:230,27,1,0
BRDA:231,28,0,20
BRDA:231,28,1,1
BRDA:231,29,0,21
BRDA:231,29,1,20
BRDA:251,30,0,3
BRDA:251,30,1,2
BRDA:252,31,0,3
BRDA:252,31,1,2
BRDA:258,32,0,3
BRDA:258,32,1,0
BRDA:294,33,0,1
BRDA:294,33,1,2
BRDA:319,34,0,1
BRDA:319,34,1,2
BRDA:319,35,0,3
BRDA:319,35,1,3
BRDA:350,36,0,1
BRDA:350,36,1,2
BRDA:396,37,0,0
BRDA:396,37,1,4
BRDA:419,38,0,6
BRDA:419,38,1,0
BRDA:420,39,0,1
BRDA:420,39,1,5
BRDA:424,40,0,5
BRDA:424,40,1,0
BRDA:425,41,0,5
BRDA:425,41,1,0
BRDA:427,42,0,5
BRDA:427,42,1,4
BRDA:428,43,0,5
BRDA:428,43,1,2
BRDA:428,43,2,1
BRDA:429,44,0,5
BRDA:429,44,1,3
BRDA:430,45,0,5
BRDA:430,45,1,4
BRDA:435,46,0,1
BRDA:435,46,1,4
BRDA:435,47,0,5
BRDA:435,47,1,1
BRDA:439,48,0,1
BRDA:439,48,1,0
BRDA:440,49,0,1
BRDA:440,49,1,0
BRDA:474,50,0,1
BRDA:474,50,1,3
BRDA:475,51,0,1
BRDA:475,51,1,0
BRDA:476,52,0,0
BRDA:476,52,1,1
BRDA:482,53,0,3
BRDA:482,53,1,1
BRDA:483,54,0,3
BRDA:483,54,1,0
BRDA:489,55,0,3
BRDA:489,55,1,0
BRDA:490,56,0,3
BRDA:490,56,1,0
BRDA:491,57,0,3
BRDA:491,57,1,0
BRDA:502,58,0,1
BRDA:502,58,1,1
BRDA:503,59,0,1
BRDA:503,59,1,0
BRDA:510,60,0,2
BRDA:510,60,1,1
BRF:124
BRH:95
end_of_record
TN:
SF:Staff_Webpages\Availability.js
FN:46,(anonymous_0)
FN:54,buildWorkDays
FN:62,(anonymous_2)
FN:68,fetchClinicHours
FN:76,(anonymous_4)
FN:112,applyClinicConstraints
FN:115,(anonymous_6)
FN:152,(anonymous_7)
FN:182,readScheduleFromPage
FN:185,(anonymous_9)
FN:201,applyScheduleToPage
FN:202,(anonymous_11)
FN:226,loadAvailability
FN:248,saveAvailability
FN:252,(anonymous_14)
FN:305,showStatus
FN:317,capitalise
FN:321,setClinicHoursState
FN:328,(anonymous_18)
FN:335,(anonymous_19)
FN:358,(anonymous_20)
FN:389,(anonymous_21)
FN:405,(anonymous_22)
FNF:23
FNH:17
FNDA:0,(anonymous_0)
FNDA:4,buildWorkDays
FNDA:7,(anonymous_2)
FNDA:3,fetchClinicHours
FNDA:2,(anonymous_4)
FNDA:2,applyClinicConstraints
FNDA:14,(anonymous_6)
FNDA:1,(anonymous_7)
FNDA:7,readScheduleFromPage
FNDA:49,(anonymous_9)
FNDA:3,applyScheduleToPage
FNDA:21,(anonymous_11)
FNDA:2,loadAvailability
FNDA:5,saveAvailability
FNDA:11,(anonymous_14)
FNDA:12,showStatus
FNDA:7,capitalise
FNDA:5,setClinicHoursState
FNDA:0,(anonymous_18)
FNDA:0,(anonymous_19)
FNDA:0,(anonymous_20)
FNDA:0,(anonymous_21)
FNDA:0,(anonymous_22)
DA:17,21
DA:26,21
DA:27,21
DA:28,21
DA:31,21
DA:32,21
DA:35,21
DA:41,21
DA:42,21
DA:43,21
DA:46,21
DA:47,0
DA:48,0
DA:55,4
DA:57,2
DA:58,2
DA:60,2
DA:62,7
DA:69,3
DA:70,3
DA:72,2
DA:74,2
DA:76,2
DA:77,2
DA:79,2
DA:83,1
DA:90,1
DA:99,2
DA:100,1
DA:103,2
DA:106,1
DA:107,1
DA:113,2
DA:115,2
DA:116,14
DA:117,14
DA:118,14
DA:119,14
DA:121,14
DA:123,14
DA:125,11
DA:126,11
DA:127,11
DA:128,11
DA:129,11
DA:130,11
DA:134,3
DA:135,3
DA:136,3
DA:137,3
DA:140,3
DA:141,3
DA:142,3
DA:143,3
DA:146,3
DA:147,3
DA:148,3
DA:149,3
DA:152,3
DA:153,1
DA:154,1
DA:155,1
DA:156,1
DA:162,2
DA:165,2
DA:166,2
DA:167,2
DA:168,2
DA:169,2
DA:170,2
DA:177,2
DA:183,7
DA:185,7
DA:186,49
DA:187,49
DA:188,49
DA:190,49
DA:197,7
DA:202,3
DA:203,21
DA:204,21
DA:206,4
DA:207,4
DA:208,4
DA:209,4
DA:212,4
DA:214,3
DA:216,3
DA:217,3
DA:219,3
DA:220,3
DA:221,3
DA:227,2
DA:228,2
DA:229,2
DA:231,1
DA:232,1
DA:233,1
DA:234,1
DA:236,1
DA:242,1
DA:243,1
DA:249,5
DA:252,11
DA:253,5
DA:254,1
DA:255,1
DA:259,4
DA:260,16
DA:261,16
DA:263,4
DA:264,0
DA:265,0
DA:268,4
DA:269,1
DA:270,1
DA:274,3
DA:275,2
DA:276,1
DA:277,1
DA:279,1
DA:280,0
DA:281,0
DA:286,2
DA:287,2
DA:289,2
DA:296,1
DA:299,1
DA:300,1
DA:306,12
DA:307,12
DA:309,11
DA:310,11
DA:318,7
DA:322,5
DA:323,5
DA:324,5
DA:328,21
DA:329,0
DA:330,0
DA:331,0
DA:335,0
DA:336,0
DA:339,0
DA:340,0
DA:341,0
DA:344,0
DA:345,0
DA:350,0
DA:352,0
DA:353,0
DA:354,0
DA:355,0
DA:356,0
DA:358,0
DA:359,0
DA:363,0
DA:366,0
DA:370,0
DA:371,0
DA:373,0
DA:374,0
DA:375,0
DA:376,0
DA:377,0
DA:379,0
DA:384,0
DA:387,0
DA:388,0
DA:389,0
DA:390,0
DA:395,0
DA:396,0
DA:397,0
DA:399,0
DA:400,0
DA:402,0
DA:403,0
DA:405,0
DA:410,0
LF:180
LH:132
BRDA:55,0,0,2
BRDA:55,0,1,2
BRDA:55,1,0,4
BRDA:55,1,1,3
BRDA:60,2,0,1
BRDA:60,2,1,1
BRDA:60,3,0,2
BRDA:60,3,1,1
BRDA:62,4,0,7
BRDA:62,4,1,7
BRDA:79,5,0,1
BRDA:79,5,1,1
BRDA:80,6,0,2
BRDA:80,6,1,0
BRDA:81,7,0,2
BRDA:81,7,1,0
BRDA:91,8,0,1
BRDA:91,8,1,0
BRDA:92,9,0,1
BRDA:92,9,1,0
BRDA:93,10,0,1
BRDA:93,10,1,0
BRDA:94,11,0,1
BRDA:94,11,1,0
BRDA:99,12,0,1
BRDA:99,12,1,1
BRDA:113,13,0,0
BRDA:113,13,1,2
BRDA:113,14,0,2
BRDA:113,14,1,2
BRDA:123,15,0,11
BRDA:123,15,1,3
BRDA:146,16,0,1
BRDA:146,16,1,2
BRDA:147,17,0,0
BRDA:147,17,1,3
BRDA:148,18,0,2
BRDA:148,18,1,1
BRDA:149,19,0,0
BRDA:149,19,1,3
BRDA:166,20,0,2
BRDA:166,20,1,0
BRDA:166,21,0,2
BRDA:166,21,1,2
BRDA:192,22,0,6
BRDA:192,22,1,43
BRDA:192,23,0,6
BRDA:192,23,1,1
BRDA:192,23,2,0
BRDA:193,24,0,6
BRDA:193,24,1,43
BRDA:193,25,0,6
BRDA:193,25,1,1
BRDA:193,25,2,0
BRDA:204,26,0,17
BRDA:204,26,1,4
BRDA:212,27,0,1
BRDA:212,27,1,3
BRDA:216,28,0,2
BRDA:216,28,1,1
BRDA:216,29,0,3
BRDA:216,29,1,2
BRDA:217,30,0,2
BRDA:217,30,1,1
BRDA:217,31,0,3
BRDA:217,31,1,2
BRDA:231,32,0,1
BRDA:231,32,1,0
BRDA:233,33,0,1
BRDA:233,33,1,0
BRDA:237,34,0,1
BRDA:237,34,1,0
BRDA:253,35,0,1
BRDA:253,35,1,4
BRDA:261,36,0,12
BRDA:261,36,1,4
BRDA:263,37,0,0
BRDA:263,37,1,4
BRDA:263,38,0,4
BRDA:263,38,1,4
BRDA:268,39,0,1
BRDA:268,39,1,3
BRDA:274,40,0,2
BRDA:274,40,1,1
BRDA:274,41,0,3
BRDA:274,41,1,2
BRDA:275,42,0,1
BRDA:275,42,1,1
BRDA:279,43,0,0
BRDA:279,43,1,1
BRDA:307,44,0,1
BRDA:307,44,1,11
BRDA:311,45,0,2
BRDA:311,45,1,9
BRDA:312,46,0,6
BRDA:312,46,1,3
BRDA:321,47,0,0
BRDA:329,48,0,0
BRDA:329,48,1,0
BRDA:336,49,0,0
BRDA:336,49,1,0
BRDA:340,50,0,0
BRDA:340,50,1,0
BRDA:352,51,0,0
BRDA:352,51,1,0
BRDA:354,52,0,0
BRDA:354,52,1,0
BRDA:355,53,0,0
BRDA:355,53,1,0
BRDA:356,54,0,0
BRDA:356,54,1,0
BRDA:370,55,0,0
BRDA:370,55,1,0
BRDA:373,56,0,0
BRDA:373,56,1,0
BRDA:373,57,0,0
BRDA:373,57,1,0
BRDA:373,57,2,0
BRDA:388,58,0,0
BRDA:388,58,1,0
BRDA:399,59,0,0
BRDA:399,59,1,0
BRDA:400,60,0,0
BRDA:400,60,1,0
BRDA:402,61,0,0
BRDA:402,61,1,0
BRDA:403,62,0,0
BRDA:403,62,1,0
BRF:128
BRH:79
end_of_record
TN:
SF:Staff_Webpages\Queues.js
FN:59,getTodayString
FN:67,renderEmptyState
FN:77,sendPositionTwoNotification
FN:119,buildCard
FN:191,(anonymous_4)
FN:192,(anonymous_5)
FN:204,updateStats
FN:206,(anonymous_7)
FN:207,(anonymous_8)
FN:209,(anonymous_9)
FN:217,renderQueue
FN:227,(anonymous_11)
FN:228,(anonymous_12)
FN:234,(anonymous_13)
FN:237,(anonymous_14)
FN:250,(anonymous_15)
FN:255,mergeAndRender
FN:259,(anonymous_17)
FN:263,(anonymous_18)
FN:267,(anonymous_19)
FN:271,(anonymous_20)
FN:290,(anonymous_21)
FN:307,updateStatus
FN:333,deleteOldQueueEntries
FN:338,(anonymous_24)
FN:352,syncAppointmentsToQueues
FN:355,(anonymous_26)
FN:389,startQueueListeners
FN:408,(anonymous_28)
FN:411,(anonymous_29)
FN:429,(anonymous_30)
FN:439,(anonymous_31)
FN:442,(anonymous_32)
FN:456,(anonymous_33)
FN:460,(anonymous_34)
FN:501,(anonymous_35)
FN:545,__setQueueDataForTest
FN:549,__setStaffClinicIDForTest
FNF:38
FNH:35
FNDA:14,getTodayString
FNDA:2,renderEmptyState
FNDA:6,sendPositionTwoNotification
FNDA:11,buildCard
FNDA:0,(anonymous_4)
FNDA:0,(anonymous_5)
FNDA:4,updateStats
FNDA:7,(anonymous_7)
FNDA:7,(anonymous_8)
FNDA:32,(anonymous_9)
FNDA:4,renderQueue
FNDA:7,(anonymous_11)
FNDA:3,(anonymous_12)
FNDA:7,(anonymous_13)
FNDA:6,(anonymous_14)
FNDA:1,(anonymous_15)
FNDA:2,mergeAndRender
FNDA:4,(anonymous_17)
FNDA:1,(anonymous_18)
FNDA:0,(anonymous_19)
FNDA:3,(anonymous_20)
FNDA:3,(anonymous_21)
FNDA:2,updateStatus
FNDA:4,deleteOldQueueEntries
FNDA:3,(anonymous_24)
FNDA:4,syncAppointmentsToQueues
FNDA:6,(anonymous_26)
FNDA:4,startQueueListeners
FNDA:1,(anonymous_28)
FNDA:1,(anonymous_29)
FNDA:1,(anonymous_30)
FNDA:1,(anonymous_31)
FNDA:2,(anonymous_32)
FNDA:1,(anonymous_33)
FNDA:3,(anonymous_34)
FNDA:3,(anonymous_35)
FNDA:2,__setQueueDataForTest
FNDA:4,__setStaffClinicIDForTest
DA:20,16
DA:29,16
DA:30,16
DA:31,16
DA:34,16
DA:36,16
DA:43,16
DA:46,16
DA:47,16
DA:50,16
DA:51,16
DA:52,16
DA:53,16
DA:54,16
DA:55,16
DA:56,16
DA:60,14
DA:61,14
DA:62,14
DA:63,14
DA:68,2
DA:78,6
DA:79,6
DA:80,4
DA:82,3
DA:96,2
DA:97,2
DA:108,2
DA:111,1
DA:112,1
DA:120,11
DA:121,11
DA:122,11
DA:123,11
DA:126,11
DA:127,11
DA:129,11
DA:130,11
DA:131,11
DA:132,11
DA:133,11
DA:135,11
DA:139,11
DA:188,11
DA:189,11
DA:191,11
DA:192,11
DA:194,11
DA:195,3
DA:196,3
DA:197,3
DA:200,11
DA:205,4
DA:206,7
DA:207,7
DA:209,32
DA:210,4
DA:211,4
DA:212,4
DA:213,4
DA:218,4
DA:219,4
DA:221,4
DA:222,1
DA:223,1
DA:226,3
DA:227,7
DA:229,3
DA:233,3
DA:234,7
DA:237,3
DA:238,6
DA:241,3
DA:242,0
DA:245,3
DA:246,1
DA:247,1
DA:248,1
DA:249,1
DA:250,1
DA:257,2
DA:258,2
DA:259,2
DA:260,4
DA:261,3
DA:262,3
DA:263,1
DA:266,2
DA:267,0
DA:271,2
DA:272,3
DA:273,2
DA:274,0
DA:275,2
DA:276,2
DA:277,2
DA:278,2
DA:279,2
DA:282,0
DA:289,2
DA:290,2
DA:291,3
DA:292,3
DA:294,0
DA:298,2
DA:300,2
DA:301,2
DA:303,2
DA:308,2
DA:309,2
DA:315,1
DA:316,1
DA:317,1
DA:318,1
DA:327,1
DA:328,1
DA:334,4
DA:335,4
DA:336,4
DA:337,3
DA:338,3
DA:339,3
DA:340,3
DA:341,1
DA:344,3
DA:345,3
DA:347,1
DA:353,4
DA:355,4
DA:356,6
DA:357,6
DA:379,4
DA:380,4
DA:381,3
DA:384,1
DA:390,4
DA:391,4
DA:393,4
DA:398,4
DA:399,4
DA:402,4
DA:408,4
DA:409,1
DA:410,1
DA:411,1
DA:412,1
DA:413,1
DA:414,1
DA:415,1
DA:428,1
DA:429,1
DA:432,4
DA:439,4
DA:440,1
DA:441,1
DA:442,1
DA:443,2
DA:444,2
DA:445,2
DA:455,1
DA:456,1
DA:460,16
DA:461,3
DA:462,1
DA:464,1
DA:465,0
DA:466,0
DA:469,1
DA:470,0
DA:471,0
DA:474,1
DA:475,1
DA:476,1
DA:480,2
DA:482,2
DA:483,2
DA:486,2
DA:487,2
DA:488,2
DA:490,2
DA:491,2
DA:494,2
DA:495,2
DA:498,2
DA:499,2
DA:501,3
DA:505,2
DA:509,2
DA:510,2
DA:515,2
DA:517,1
DA:519,1
DA:520,1
DA:522,1
DA:524,1
DA:528,1
DA:532,2
DA:533,1
DA:538,1
DA:542,1
DA:546,2
DA:550,4
LF:202
LH:193
BRDA:79,0,0,2
BRDA:79,0,1,4
BRDA:80,1,0,1
BRDA:80,1,1,3
BRDA:96,2,0,2
BRDA:96,2,1,0
BRDA:100,3,0,2
BRDA:100,3,1,0
BRDA:103,4,0,2
BRDA:103,4,1,0
BRDA:120,5,0,11
BRDA:120,5,1,1
BRDA:121,6,0,11
BRDA:121,6,1,0
BRDA:123,7,0,9
BRDA:123,7,1,2
BRDA:123,8,0,11
BRDA:123,8,1,11
BRDA:126,9,0,9
BRDA:126,9,1,2
BRDA:131,10,0,1
BRDA:131,10,1,10
BRDA:132,11,0,2
BRDA:132,11,1,9
BRDA:135,12,0,3
BRDA:135,12,1,8
BRDA:140,13,0,2
BRDA:140,13,1,9
BRDA:146,14,0,11
BRDA:146,14,1,2
BRDA:157,15,0,11
BRDA:157,15,1,2
BRDA:159,16,0,7
BRDA:159,16,1,4
BRDA:167,17,0,9
BRDA:167,17,1,2
BRDA:167,18,0,11
BRDA:167,18,1,9
BRDA:175,19,0,9
BRDA:175,19,1,2
BRDA:191,20,0,9
BRDA:191,20,1,2
BRDA:192,21,0,9
BRDA:192,21,1,2
BRDA:194,22,0,3
BRDA:194,22,1,8
BRDA:194,23,0,11
BRDA:194,23,1,5
BRDA:194,23,2,5
BRDA:206,24,0,7
BRDA:206,24,1,0
BRDA:207,25,0,7
BRDA:207,25,1,0
BRDA:210,26,0,4
BRDA:210,26,1,0
BRDA:211,27,0,4
BRDA:211,27,1,0
BRDA:212,28,0,4
BRDA:212,28,1,0
BRDA:213,29,0,4
BRDA:213,29,1,0
BRDA:221,30,0,1
BRDA:221,30,1,3
BRDA:227,31,0,7
BRDA:227,31,1,0
BRDA:229,32,0,3
BRDA:229,32,1,1
BRDA:229,33,0,3
BRDA:229,33,1,1
BRDA:229,34,0,3
BRDA:229,34,1,1
BRDA:230,35,0,1
BRDA:230,35,1,0
BRDA:230,36,0,1
BRDA:230,36,1,0
BRDA:234,37,0,7
BRDA:234,37,1,0
BRDA:241,38,0,0
BRDA:241,38,1,3
BRDA:245,39,0,1
BRDA:245,39,1,2
BRDA:260,40,0,1
BRDA:260,40,1,3
BRDA:263,41,0,1
BRDA:263,41,1,0
BRDA:263,42,0,1
BRDA:263,42,1,0
BRDA:272,43,0,1
BRDA:272,43,1,2
BRDA:273,44,0,0
BRDA:273,44,1,2
BRDA:275,45,0,2
BRDA:275,45,1,0
BRDA:278,46,0,2
BRDA:278,46,1,0
BRDA:279,47,0,2
BRDA:279,47,1,0
BRDA:291,48,0,3
BRDA:291,48,1,0
BRDA:291,49,0,3
BRDA:291,49,1,0
BRDA:317,50,0,1
BRDA:317,50,1,0
BRDA:340,51,0,1
BRDA:340,51,1,2
BRDA:340,52,0,3
BRDA:340,52,1,2
BRDA:345,53,0,1
BRDA:345,53,1,2
BRDA:356,54,0,6
BRDA:356,54,1,0
BRDA:360,55,0,6
BRDA:360,55,1,3
BRDA:361,56,0,6
BRDA:361,56,1,3
BRDA:362,57,0,6
BRDA:362,57,1,2
BRDA:363,58,0,6
BRDA:363,58,1,6
BRDA:365,59,0,6
BRDA:365,59,1,3
BRDA:366,60,0,6
BRDA:366,60,1,2
BRDA:367,61,0,6
BRDA:367,61,1,0
BRDA:368,62,0,6
BRDA:368,62,1,2
BRDA:369,63,0,5
BRDA:369,63,1,1
BRDA:370,64,0,5
BRDA:370,64,1,1
BRDA:371,65,0,6
BRDA:371,65,1,4
BRDA:390,66,0,1
BRDA:390,66,1,3
BRDA:391,67,0,1
BRDA:391,67,1,3
BRDA:413,68,0,1
BRDA:413,68,1,0
BRDA:414,69,0,1
BRDA:414,69,1,0
BRDA:417,70,0,1
BRDA:417,70,1,0
BRDA:418,71,0,1
BRDA:418,71,1,0
BRDA:419,72,0,1
BRDA:419,72,1,1
BRDA:420,73,0,1
BRDA:420,73,1,1
BRDA:422,74,0,1
BRDA:422,74,1,0
BRDA:423,75,0,1
BRDA:423,75,1,1
BRDA:423,75,2,1
BRDA:425,76,0,1
BRDA:425,76,1,0
BRDA:444,77,0,2
BRDA:444,77,1,0
BRDA:447,78,0,2
BRDA:447,78,1,0
BRDA:449,79,0,2
BRDA:449,79,1,1
BRDA:450,80,0,2
BRDA:450,80,1,0
BRDA:461,81,0,1
BRDA:461,81,1,2
BRDA:462,82,0,1
BRDA:462,82,1,0
BRDA:464,83,0,0
BRDA:464,83,1,1
BRDA:469,84,0,0
BRDA:469,84,1,1
BRDA:480,85,0,2
BRDA:480,85,1,1
BRDA:482,86,0,2
BRDA:482,86,1,0
BRDA:490,87,0,2
BRDA:490,87,1,0
BRDA:494,88,0,2
BRDA:494,88,1,0
BRDA:498,89,0,2
BRDA:498,89,1,0
BRDA:519,90,0,1
BRDA:519,90,1,0
BRDA:522,91,0,1
BRDA:522,91,1,0
BRDA:532,92,0,1
BRDA:532,92,1,1
BRF:188
BRH:144
end_of_record
TN:
SF:Staff_Webpages\walkin.js
FN:50,getToday
FN:57,getStaffProfile
FN:63,(anonymous_2)
FN:80,timeToMinutes
FN:91,minutesToTime
FN:103,isTaken
FN:104,(anonymous_6)
FN:116,roundToNextSlot
FN:130,getNextAvailableTime
FN:143,(anonymous_9)
FN:201,loadAppointments
FN:217,(anonymous_11)
FN:223,(anonymous_12)
FN:251,showConfirmModal
FN:252,(anonymous_14)
FN:284,(anonymous_15)
FN:290,(anonymous_16)
FN:302,(anonymous_17)
FN:337,(anonymous_18)
FN:357,(anonymous_19)
FN:361,(anonymous_20)
FN:409,(anonymous_21)
FN:448,(anonymous_22)
FNF:23
FNH:23
FNDA:10,getToday
FNDA:9,getStaffProfile
FNDA:7,(anonymous_2)
FNDA:14,timeToMinutes
FNDA:23,minutesToTime
FNDA:8,isTaken
FNDA:8,(anonymous_6)
FNDA:2,roundToNextSlot
FNDA:5,getNextAvailableTime
FNDA:6,(anonymous_9)
FNDA:6,loadAppointments
FNDA:1,(anonymous_11)
FNDA:2,(anonymous_12)
FNDA:7,showConfirmModal
FNDA:7,(anonymous_14)
FNDA:2,(anonymous_15)
FNDA:4,(anonymous_16)
FNDA:6,(anonymous_17)
FNDA:2,(anonymous_18)
FNDA:2,(anonymous_19)
FNDA:2,(anonymous_20)
FNDA:8,(anonymous_21)
FNDA:13,(anonymous_22)
DA:17,14
DA:26,14
DA:27,14
DA:28,14
DA:32,14
DA:33,14
DA:34,14
DA:35,14
DA:37,14
DA:38,14
DA:42,14
DA:43,14
DA:44,14
DA:51,10
DA:59,9
DA:61,9
DA:63,9
DA:64,7
DA:65,7
DA:68,9
DA:70,7
DA:81,14
DA:82,14
DA:92,23
DA:93,23
DA:94,23
DA:104,8
DA:105,8
DA:106,8
DA:117,2
DA:132,5
DA:133,5
DA:134,5
DA:136,5
DA:137,5
DA:139,5
DA:140,5
DA:143,5
DA:144,6
DA:149,5
DA:151,5
DA:153,5
DA:154,5
DA:157,5
DA:158,4
DA:162,5
DA:165,5
DA:170,5
DA:172,5
DA:174,5
DA:176,5
DA:177,3
DA:178,3
DA:181,2
DA:183,2
DA:186,2
DA:187,2
DA:203,6
DA:205,6
DA:207,6
DA:209,6
DA:217,6
DA:220,1
DA:221,1
DA:223,1
DA:224,2
DA:226,2
DA:238,1
DA:252,7
DA:254,7
DA:255,1
DA:258,7
DA:259,7
DA:261,7
DA:281,7
DA:282,7
DA:284,7
DA:285,2
DA:286,2
DA:287,2
DA:290,7
DA:291,4
DA:292,4
DA:293,4
DA:302,14
DA:304,6
DA:305,6
DA:307,6
DA:308,5
DA:310,4
DA:312,4
DA:316,4
DA:318,3
DA:320,3
DA:322,3
DA:323,3
DA:324,3
DA:327,3
DA:335,3
DA:337,3
DA:338,2
DA:339,2
DA:340,2
DA:341,2
DA:345,3
DA:354,3
DA:357,3
DA:359,3
DA:361,3
DA:362,2
DA:366,3
DA:367,3
DA:370,3
DA:372,3
DA:376,3
DA:377,1
DA:378,1
DA:381,2
DA:393,1
DA:394,1
DA:397,1
DA:398,1
DA:409,14
DA:410,8
DA:411,1
DA:412,1
DA:414,1
DA:415,1
DA:417,1
DA:419,1
DA:423,7
DA:425,7
DA:426,7
DA:429,7
DA:430,7
DA:433,7
DA:434,7
DA:435,7
DA:437,7
DA:438,7
DA:441,7
DA:442,7
DA:445,7
DA:446,7
DA:448,13
DA:452,7
DA:456,7
DA:458,7
DA:459,1
DA:460,1
DA:464,6
DA:465,6
DA:467,6
DA:468,6
DA:472,6
DA:473,6
DA:476,6
LF:157
LH:157
BRDA:59,0,0,9
BRDA:59,0,1,0
BRDA:65,1,0,7
BRDA:65,1,1,0
BRDA:68,2,0,2
BRDA:68,2,1,7
BRDA:106,3,0,8
BRDA:106,3,1,8
BRDA:144,4,0,6
BRDA:144,4,1,6
BRDA:144,4,2,6
BRDA:146,5,0,6
BRDA:146,5,1,0
BRDA:157,6,0,4
BRDA:157,6,1,1
BRDA:157,7,0,5
BRDA:157,7,1,4
BRDA:176,8,0,3
BRDA:176,8,1,2
BRDA:203,9,0,0
BRDA:203,9,1,6
BRDA:205,10,0,0
BRDA:205,10,1,6
BRDA:229,11,0,2
BRDA:229,11,1,1
BRDA:230,12,0,2
BRDA:230,12,1,1
BRDA:231,13,0,2
BRDA:231,13,1,1
BRDA:232,14,0,2
BRDA:232,14,1,1
BRDA:233,15,0,2
BRDA:233,15,1,1
BRDA:254,16,0,1
BRDA:254,16,1,6
BRDA:305,17,0,6
BRDA:305,17,1,5
BRDA:307,18,0,1
BRDA:307,18,1,5
BRDA:308,19,0,1
BRDA:308,19,1,4
BRDA:316,20,0,1
BRDA:316,20,1,3
BRDA:376,21,0,1
BRDA:376,21,1,2
BRDA:410,22,0,1
BRDA:410,22,1,7
BRDA:411,23,0,1
BRDA:411,23,1,0
BRDA:412,24,0,1
BRDA:412,24,1,0
BRDA:417,25,0,0
BRDA:417,25,1,1
BRDA:423,26,0,7
BRDA:423,26,1,1
BRDA:425,27,0,7
BRDA:425,27,1,0
BRDA:429,28,0,7
BRDA:429,28,1,0
BRDA:437,29,0,7
BRDA:437,29,1,0
BRDA:441,30,0,7
BRDA:441,30,1,0
BRDA:445,31,0,7
BRDA:445,31,1,0
BRDA:458,32,0,1
BRDA:458,32,1,6
BRDA:467,33,0,6
BRDA:467,33,1,0
BRDA:469,34,0,6
BRDA:469,34,1,0
BRF:71
BRH:56
end_of_record
