TN:
SF:Admin_WebPages\StaffManagement.js
FN:20,(anonymous_0)
FN:28,buildStaffTableHTML
FN:39,(anonymous_2)
FN:53,buildClinicOption
FN:63,validateStaffForm
FN:78,buildStaffPayload
FN:90,loadStaff
FN:100,(anonymous_7)
FN:114,loadClinics
FN:120,(anonymous_9)
FN:140,(anonymous_10)
FN:187,(anonymous_11)
FN:202,(anonymous_12)
FN:206,(anonymous_13)
FN:212,showToast
FN:219,(anonymous_15)
FNF:16
FNH:16
FNDA:19,(anonymous_0)
FNDA:24,buildStaffTableHTML
FNDA:4,(anonymous_2)
FNDA:6,buildClinicOption
FNDA:8,validateStaffForm
FNDA:4,buildStaffPayload
FNDA:23,loadStaff
FNDA:2,(anonymous_7)
FNDA:19,loadClinics
FNDA:4,(anonymous_9)
FNDA:5,(anonymous_10)
FNDA:3,(anonymous_11)
FNDA:1,(anonymous_12)
FNDA:3,(anonymous_13)
FNDA:11,showToast
FNDA:1,(anonymous_15)
DA:16,19
DA:18,19
DA:20,19
DA:21,19
DA:22,19
DA:23,19
DA:29,24
DA:30,22
DA:39,4
DA:54,6
DA:55,4
DA:64,8
DA:65,2
DA:68,6
DA:69,6
DA:70,2
DA:73,4
DA:79,4
DA:91,23
DA:92,23
DA:94,23
DA:95,23
DA:97,22
DA:99,22
DA:100,22
DA:101,2
DA:104,22
DA:107,1
DA:108,1
DA:115,19
DA:117,19
DA:118,19
DA:120,18
DA:121,4
DA:123,4
DA:124,4
DA:126,3
DA:127,3
DA:128,3
DA:130,3
DA:134,1
DA:140,19
DA:142,5
DA:143,5
DA:145,5
DA:146,5
DA:147,5
DA:149,5
DA:151,5
DA:152,2
DA:153,2
DA:156,3
DA:157,3
DA:165,3
DA:170,2
DA:171,2
DA:172,2
DA:174,2
DA:175,2
DA:177,2
DA:180,1
DA:181,1
DA:187,19
DA:188,3
DA:190,2
DA:191,2
DA:192,1
DA:193,1
DA:195,1
DA:196,1
DA:202,19
DA:203,1
DA:206,19
DA:207,3
DA:213,11
DA:214,11
DA:216,10
DA:217,10
DA:219,10
DA:220,1
LF:80
LH:80
BRDA:29,0,0,22
BRDA:29,0,1,2
BRDA:41,1,0,4
BRDA:41,1,1,1
BRDA:42,2,0,4
BRDA:42,2,1,1
BRDA:43,3,0,4
BRDA:43,3,1,1
BRDA:54,4,0,2
BRDA:54,4,1,4
BRDA:64,5,0,2
BRDA:64,5,1,6
BRDA:64,6,0,8
BRDA:64,6,1,6
BRDA:64,6,2,6
BRDA:69,7,0,2
BRDA:69,7,1,4
BRDA:124,8,0,1
BRDA:124,8,1,3
BRDA:147,9,0,5
BRDA:147,9,1,1
BRDA:151,10,0,2
BRDA:151,10,1,3
BRDA:188,11,0,1
BRDA:188,11,1,2
BRDA:212,12,0,1
BRDA:214,13,0,1
BRDA:214,13,1,10
BRF:28
BRH:28
end_of_record
TN:
SF:Admin_WebPages\admin.js
FN:21,isUserAdmin
FN:25,(anonymous_1)
FN:38,populateSidebar
FN:55,initAdminPage
FN:56,(anonymous_4)
FN:57,(anonymous_5)
FNF:6
FNH:6
FNDA:11,isUserAdmin
FNDA:10,(anonymous_1)
FNDA:9,populateSidebar
FNDA:12,initAdminPage
FNDA:12,(anonymous_4)
FNDA:12,(anonymous_5)
DA:5,14
DA:14,14
DA:15,14
DA:16,14
DA:18,14
DA:22,11
DA:23,11
DA:24,11
DA:25,10
DA:26,10
DA:29,1
DA:30,1
DA:39,9
DA:40,9
DA:41,9
DA:43,9
DA:44,9
DA:46,9
DA:47,9
DA:49,9
DA:56,12
DA:57,12
DA:58,12
DA:59,1
DA:60,1
DA:63,11
DA:64,11
DA:65,2
DA:66,2
DA:67,2
DA:70,9
DA:71,9
LF:32
LH:32
BRDA:22,0,0,0
BRDA:22,0,1,11
BRDA:26,1,0,10
BRDA:26,1,1,0
BRDA:43,2,0,9
BRDA:43,2,1,2
BRDA:44,3,0,9
BRDA:44,3,1,0
BRDA:46,4,0,8
BRDA:46,4,1,1
BRDA:46,5,0,8
BRDA:46,5,1,2
BRDA:47,6,0,8
BRDA:47,6,1,1
BRDA:49,7,0,8
BRDA:49,7,1,1
BRDA:49,8,0,8
BRDA:49,8,1,2
BRDA:58,9,0,1
BRDA:58,9,1,11
BRDA:64,10,0,2
BRDA:64,10,1,9
BRF:22
BRH:19
end_of_record
TN:
SF:Admin_WebPages\analytics.js
FN:16,loadAppointments
FN:20,(anonymous_1)
FN:34,loadQueues
FN:38,(anonymous_3)
FN:52,loadClinics
FN:56,(anonymous_5)
FN:70,(anonymous_6)
FN:81,(anonymous_7)
FN:91,(anonymous_8)
FN:130,(anonymous_9)
FN:134,(anonymous_10)
FN:145,checkAndRender
FN:152,inDateRange
FN:163,buildDashboard
FN:166,(anonymous_14)
FN:170,(anonymous_15)
FN:173,(anonymous_16)
FN:177,(anonymous_17)
FN:182,(anonymous_18)
FN:196,getGlobalNoShowRate
FN:200,(anonymous_20)
FN:206,renderKPIs
FN:233,getQueueAnalytics
FN:236,(anonymous_23)
FN:264,getNoShowRateByClinic
FN:267,(anonymous_25)
FN:284,(anonymous_26)
FN:293,getRateColor
FN:306,renderDashboard
FN:318,(anonymous_29)
FN:346,(anonymous_30)
FN:347,(anonymous_31)
FN:351,(anonymous_32)
FN:361,getPreviousPeriod
FN:377,countPatients
FN:378,(anonymous_35)
FN:384,calculatePatientsTrend
FN:398,setActiveRow
FN:401,(anonymous_38)
FNF:39
FNH:39
FNDA:351,loadAppointments
FNDA:244,(anonymous_1)
FNDA:351,loadQueues
FNDA:136,(anonymous_3)
FNDA:351,loadClinics
FNDA:133,(anonymous_5)
FNDA:378,(anonymous_6)
FNDA:19,(anonymous_7)
FNDA:782,(anonymous_8)
FNDA:41,(anonymous_9)
FNDA:61,(anonymous_10)
FNDA:975,checkAndRender
FNDA:1293,inDateRange
FNDA:948,buildDashboard
FNDA:41,(anonymous_14)
FNDA:40,(anonymous_15)
FNDA:744,(anonymous_16)
FNDA:744,(anonymous_17)
FNDA:432,(anonymous_18)
FNDA:946,getGlobalNoShowRate
FNDA:740,(anonymous_20)
FNDA:944,renderKPIs
FNDA:945,getQueueAnalytics
FNDA:430,(anonymous_23)
FNDA:945,getNoShowRateByClinic
FNDA:741,(anonymous_25)
FNDA:333,(anonymous_26)
FNDA:407,getRateColor
FNDA:944,renderDashboard
FNDA:404,(anonymous_29)
FNDA:404,(anonymous_30)
FNDA:1,(anonymous_31)
FNDA:1,(anonymous_32)
FNDA:948,getPreviousPeriod
FNDA:1895,countPatients
FNDA:1541,(anonymous_35)
FNDA:947,calculatePatientsTrend
FNDA:1455,setActiveRow
FNDA:1424,(anonymous_38)
DA:4,27
DA:5,27
DA:6,27
DA:7,27
DA:9,27
DA:17,351
DA:18,351
DA:20,325
DA:25,325
DA:26,325
DA:29,26
DA:35,351
DA:36,351
DA:38,325
DA:43,325
DA:44,325
DA:47,26
DA:53,351
DA:54,351
DA:56,325
DA:61,325
DA:62,325
DA:65,26
DA:70,27
DA:72,378
DA:73,378
DA:75,351
DA:76,351
DA:77,351
DA:79,351
DA:81,351
DA:82,19
DA:84,19
DA:85,19
DA:87,19
DA:91,351
DA:93,782
DA:94,782
DA:96,506
DA:97,253
DA:98,253
DA:99,253
DA:102,506
DA:103,253
DA:104,253
DA:105,253
DA:128,351
DA:130,351
DA:131,41
DA:132,41
DA:134,41
DA:135,61
DA:136,61
DA:141,27
DA:146,975
DA:147,925
DA:153,1293
DA:155,1291
DA:156,1291
DA:157,1291
DA:159,1291
DA:165,948
DA:166,41
DA:169,948
DA:170,40
DA:173,948
DA:174,744
DA:177,948
DA:178,744
DA:181,948
DA:182,432
DA:186,948
DA:197,946
DA:198,946
DA:200,740
DA:202,288
DA:208,944
DA:209,944
DA:211,944
DA:216,944
DA:217,19
DA:219,925
DA:220,925
DA:221,925
DA:223,925
DA:229,944
DA:234,945
DA:236,945
DA:237,430
DA:239,430
DA:240,225
DA:248,430
DA:250,430
DA:251,180
DA:254,430
DA:256,430
DA:257,430
DA:260,945
DA:265,945
DA:267,945
DA:268,741
DA:270,741
DA:271,333
DA:277,741
DA:279,741
DA:280,167
DA:284,945
DA:285,333
DA:286,333
DA:289,945
DA:294,407
DA:296,407
DA:297,106
DA:298,105
DA:308,944
DA:310,944
DA:312,944
DA:313,944
DA:315,944
DA:316,944
DA:318,944
DA:320,404
DA:327,404
DA:328,404
DA:330,404
DA:332,404
DA:341,404
DA:344,944
DA:346,944
DA:347,404
DA:348,1
DA:351,404
DA:352,1
DA:356,944
DA:363,948
DA:364,948
DA:366,948
DA:368,948
DA:369,948
DA:371,948
DA:378,1895
DA:379,1541
DA:386,947
DA:388,947
DA:389,947
DA:391,947
DA:393,20
DA:395,20
DA:399,1455
DA:401,1424
DA:403,749
DA:404,748
DA:405,748
LF:153
LH:153
BRDA:94,0,0,276
BRDA:94,0,1,506
BRDA:96,1,0,253
BRDA:96,1,1,253
BRDA:102,2,0,253
BRDA:102,2,1,253
BRDA:135,3,0,61
BRDA:135,3,1,21
BRDA:136,4,0,20
BRDA:136,4,1,41
BRDA:146,5,0,925
BRDA:146,5,1,50
BRDA:146,6,0,975
BRDA:146,6,1,950
BRDA:146,6,2,925
BRDA:153,7,0,2
BRDA:153,7,1,1291
BRDA:153,8,0,1293
BRDA:153,8,1,1292
BRDA:159,9,0,1291
BRDA:159,9,1,1221
BRDA:163,10,0,3
BRDA:163,11,0,3
BRDA:165,12,0,20
BRDA:165,12,1,928
BRDA:165,13,0,948
BRDA:165,13,1,20
BRDA:169,14,0,20
BRDA:169,14,1,928
BRDA:169,15,0,948
BRDA:169,15,1,20
BRDA:181,16,0,226
BRDA:181,16,1,722
BRDA:182,17,0,432
BRDA:182,17,1,55
BRDA:198,18,0,658
BRDA:198,18,1,288
BRDA:216,19,0,19
BRDA:216,19,1,925
BRDA:216,20,0,944
BRDA:216,20,1,19
BRDA:239,21,0,225
BRDA:239,21,1,205
BRDA:250,22,0,180
BRDA:250,22,1,250
BRDA:254,23,0,430
BRDA:254,23,1,55
BRDA:270,24,0,333
BRDA:270,24,1,408
BRDA:279,25,0,167
BRDA:279,25,1,574
BRDA:286,26,0,333
BRDA:286,26,1,0
BRDA:296,27,0,301
BRDA:296,27,1,106
BRDA:297,28,0,1
BRDA:297,28,1,105
BRDA:306,29,0,925
BRDA:306,30,0,925
BRDA:320,31,0,404
BRDA:320,31,1,313
BRDA:327,32,0,404
BRDA:327,32,1,271
BRDA:334,33,0,91
BRDA:334,33,1,313
BRDA:379,34,0,1541
BRDA:379,34,1,1208
BRDA:391,35,0,927
BRDA:391,35,1,20
BRDA:391,36,0,269
BRDA:391,36,1,658
BRDA:399,37,0,706
BRDA:399,37,1,749
BRDA:403,38,0,748
BRDA:403,38,1,1
BRF:75
BRH:74
end_of_record
TN:
SF:Admin_WebPages\clinicManagement.js
FN:34,(anonymous_0)
FN:38,(anonymous_1)
FN:39,(anonymous_2)
FN:46,(anonymous_3)
FN:55,loadClinics
FN:63,(anonymous_5)
FN:83,renderClinics
FN:86,(anonymous_7)
FN:102,addClinicToUI
FN:140,(anonymous_9)
FN:155,(anonymous_10)
FN:166,(anonymous_11)
FN:171,(anonymous_12)
FN:197,(anonymous_13)
FN:229,(anonymous_14)
FN:259,(anonymous_15)
FN:290,openEditModal
FN:305,(anonymous_17)
FN:308,(anonymous_18)
FN:325,(anonymous_19)
FN:327,(anonymous_20)
FN:328,(anonymous_21)
FN:331,(anonymous_22)
FN:338,(anonymous_23)
FN:339,(anonymous_24)
FN:344,(anonymous_25)
FN:345,(anonymous_26)
FN:348,(anonymous_27)
FN:349,(anonymous_28)
FN:356,updateTriggerLabel
FN:358,(anonymous_30)
FN:365,getSelectedServices
FN:368,(anonymous_32)
FN:371,clearServices
FN:372,(anonymous_34)
FN:378,preselectServices
FN:380,(anonymous_36)
FNF:37
FNH:24
FNDA:1,(anonymous_0)
FNDA:33,(anonymous_1)
FNDA:1,(anonymous_2)
FNDA:244,(anonymous_3)
FNDA:33,loadClinics
FNDA:6,(anonymous_5)
FNDA:38,renderClinics
FNDA:13,(anonymous_7)
FNDA:27,addClinicToUI
FNDA:23,(anonymous_9)
FNDA:2,(anonymous_10)
FNDA:2,(anonymous_11)
FNDA:3,(anonymous_12)
FNDA:0,(anonymous_13)
FNDA:0,(anonymous_14)
FNDA:0,(anonymous_15)
FNDA:5,openEditModal
FNDA:3,(anonymous_17)
FNDA:6,(anonymous_18)
FNDA:0,(anonymous_19)
FNDA:0,(anonymous_20)
FNDA:0,(anonymous_21)
FNDA:0,(anonymous_22)
FNDA:0,(anonymous_23)
FNDA:0,(anonymous_24)
FNDA:0,(anonymous_25)
FNDA:0,(anonymous_26)
FNDA:0,(anonymous_27)
FNDA:0,(anonymous_28)
FNDA:11,updateTriggerLabel
FNDA:6,(anonymous_30)
FNDA:3,getSelectedServices
FNDA:3,(anonymous_32)
FNDA:1,clearServices
FNDA:2,(anonymous_34)
FNDA:8,preselectServices
FNDA:16,(anonymous_36)
DA:12,33
DA:17,33
DA:18,33
DA:19,33
DA:20,33
DA:21,33
DA:22,33
DA:23,33
DA:24,33
DA:25,33
DA:27,33
DA:28,33
DA:29,33
DA:34,33
DA:35,1
DA:38,33
DA:39,33
DA:40,1
DA:41,1
DA:42,1
DA:46,33
DA:47,244
DA:48,244
DA:49,244
DA:56,33
DA:57,33
DA:58,33
DA:60,33
DA:61,33
DA:63,33
DA:64,6
DA:65,6
DA:76,33
DA:79,0
DA:84,38
DA:85,38
DA:86,38
DA:97,33
DA:103,27
DA:104,27
DA:105,27
DA:107,27
DA:113,27
DA:115,27
DA:140,23
DA:152,27
DA:155,27
DA:156,2
DA:157,1
DA:158,1
DA:159,1
DA:161,0
DA:166,27
DA:167,2
DA:171,27
DA:172,3
DA:174,3
DA:178,3
DA:179,1
DA:180,1
DA:181,1
DA:182,1
DA:184,2
DA:185,2
DA:186,2
DA:187,2
DA:190,3
DA:197,33
DA:198,0
DA:200,0
DA:201,0
DA:202,0
DA:203,0
DA:204,0
DA:206,0
DA:207,0
DA:217,0
DA:218,0
DA:219,0
DA:220,0
DA:222,0
DA:229,33
DA:230,0
DA:232,0
DA:233,0
DA:234,0
DA:235,0
DA:236,0
DA:238,0
DA:239,0
DA:247,0
DA:248,0
DA:249,0
DA:250,0
DA:252,0
DA:259,33
DA:260,0
DA:262,0
DA:263,0
DA:264,0
DA:267,0
DA:268,0
DA:269,0
DA:270,0
DA:271,0
DA:273,0
DA:274,0
DA:278,0
DA:279,0
DA:280,0
DA:281,0
DA:283,0
DA:291,5
DA:292,5
DA:294,5
DA:295,5
DA:296,5
DA:297,5
DA:299,5
DA:305,33
DA:306,3
DA:308,3
DA:309,6
DA:319,3
DA:325,33
DA:327,0
DA:328,0
DA:329,0
DA:330,0
DA:331,0
DA:332,0
DA:334,0
DA:338,0
DA:339,0
DA:340,0
DA:344,0
DA:345,0
DA:348,0
DA:349,0
DA:350,0
DA:351,0
DA:357,11
DA:358,6
DA:359,11
DA:360,11
DA:366,3
DA:368,3
DA:372,1
DA:373,2
DA:375,1
DA:379,8
DA:380,8
DA:381,16
DA:383,8
LF:154
LH:94
BRDA:47,0,0,1
BRDA:47,0,1,243
BRDA:48,1,0,0
BRDA:48,1,1,244
BRDA:49,2,0,0
BRDA:49,2,1,244
BRDA:69,3,0,6
BRDA:69,3,1,0
BRDA:70,4,0,6
BRDA:70,4,1,0
BRDA:71,5,0,6
BRDA:71,5,1,0
BRDA:72,6,0,6
BRDA:72,6,1,0
BRDA:102,7,0,0
BRDA:113,8,0,27
BRDA:113,8,1,0
BRDA:122,9,0,26
BRDA:122,9,1,1
BRDA:122,10,0,27
BRDA:122,10,1,27
BRDA:134,11,0,26
BRDA:134,11,1,1
BRDA:134,12,0,27
BRDA:134,12,1,27
BRDA:139,13,0,25
BRDA:139,13,1,2
BRDA:141,14,0,2
BRDA:141,14,1,1
BRDA:156,15,0,1
BRDA:156,15,1,1
BRDA:174,16,0,3
BRDA:174,16,1,0
BRDA:178,17,0,1
BRDA:178,17,1,2
BRDA:213,18,0,0
BRDA:213,18,1,0
BRDA:243,19,0,0
BRDA:243,19,1,0
BRDA:262,20,0,0
BRDA:262,20,1,0
BRDA:297,21,0,5
BRDA:297,21,1,1
BRDA:309,22,0,6
BRDA:309,22,1,3
BRDA:309,22,2,3
BRDA:309,22,3,3
BRDA:309,22,4,2
BRDA:309,23,0,6
BRDA:309,23,1,0
BRDA:310,24,0,3
BRDA:310,24,1,0
BRDA:311,25,0,3
BRDA:311,25,1,0
BRDA:312,26,0,3
BRDA:312,26,1,0
BRDA:313,27,0,2
BRDA:313,27,1,0
BRDA:315,28,0,0
BRDA:315,28,1,0
BRDA:332,29,0,0
BRDA:332,29,1,0
BRDA:360,30,0,6
BRDA:360,30,1,5
BRDA:379,31,0,6
BRDA:379,31,1,2
BRDA:379,32,0,1
BRDA:379,32,1,1
BRF:68
BRH:44
end_of_record
TN:
SF:Patients_WebPages\PatientDashboard.js
FN:45,loadClinics
FN:49,(anonymous_1)
FN:62,showEmpty
FN:67,showFilled
FN:74,(anonymous_4)
FN:80,setAvatarInitial
FN:94,loadAppointments
FN:109,(anonymous_7)
FN:115,(anonymous_8)
FN:121,(anonymous_9)
FN:192,loadVisitsCount
FN:202,(anonymous_11)
FN:215,(anonymous_12)
FN:225,(anonymous_13)
FN:265,(anonymous_14)
FN:277,(anonymous_15)
FNF:16
FNH:16
FNDA:7,loadClinics
FNDA:5,(anonymous_1)
FNDA:5,showEmpty
FNDA:7,showFilled
FNDA:1,(anonymous_4)
FNDA:13,setAvatarInitial
FNDA:10,loadAppointments
FNDA:13,(anonymous_7)
FNDA:13,(anonymous_8)
FNDA:2,(anonymous_9)
FNDA:8,loadVisitsCount
FNDA:11,(anonymous_11)
FNDA:13,(anonymous_12)
FNDA:12,(anonymous_13)
FNDA:2,(anonymous_14)
FNDA:40,(anonymous_15)
DA:19,20
DA:29,20
DA:30,20
DA:31,20
DA:37,20
DA:38,20
DA:40,20
DA:41,20
DA:46,7
DA:47,7
DA:48,7
DA:49,6
DA:50,5
DA:51,5
DA:52,5
DA:54,6
DA:56,1
DA:63,5
DA:64,5
DA:68,7
DA:69,7
DA:74,20
DA:75,1
DA:81,13
DA:82,13
DA:83,9
DA:84,9
DA:85,9
DA:86,4
DA:87,2
DA:89,13
DA:95,10
DA:97,10
DA:98,10
DA:100,10
DA:101,10
DA:102,10
DA:104,9
DA:106,7
DA:108,7
DA:109,13
DA:111,7
DA:112,7
DA:114,7
DA:116,13
DA:117,13
DA:118,13
DA:119,13
DA:122,2
DA:123,2
DA:124,2
DA:127,7
DA:129,6
DA:131,6
DA:133,6
DA:135,6
DA:136,6
DA:137,6
DA:139,6
DA:141,6
DA:173,6
DA:174,6
DA:185,1
DA:186,1
DA:193,8
DA:194,8
DA:199,8
DA:201,7
DA:202,7
DA:203,11
DA:206,7
DA:209,1
DA:215,20
DA:217,13
DA:218,13
DA:219,13
DA:220,13
DA:222,13
DA:223,13
DA:225,13
DA:227,12
DA:229,11
DA:230,11
DA:232,10
DA:233,9
DA:234,9
DA:235,9
DA:237,9
DA:238,9
DA:240,9
DA:241,9
DA:242,9
DA:243,9
DA:245,9
DA:248,10
DA:255,10
DA:258,1
DA:265,20
DA:266,2
DA:267,1
DA:268,1
DA:270,2
DA:271,2
DA:276,20
DA:277,20
DA:278,40
LF:106
LH:106
BRDA:51,0,0,4
BRDA:51,0,1,1
BRDA:82,1,0,9
BRDA:82,1,1,4
BRDA:82,2,0,13
BRDA:82,2,1,9
BRDA:85,3,0,8
BRDA:85,3,1,1
BRDA:86,4,0,2
BRDA:86,4,1,2
BRDA:86,5,0,4
BRDA:86,5,1,2
BRDA:104,6,0,2
BRDA:104,6,1,7
BRDA:118,7,0,13
BRDA:118,7,1,2
BRDA:119,8,0,13
BRDA:119,8,1,11
BRDA:122,9,0,2
BRDA:122,9,1,1
BRDA:123,10,0,2
BRDA:123,10,1,1
BRDA:127,11,0,1
BRDA:127,11,1,6
BRDA:137,12,0,4
BRDA:137,12,1,2
BRDA:160,13,0,6
BRDA:160,13,1,5
BRDA:164,14,0,6
BRDA:164,14,1,1
BRDA:165,15,0,6
BRDA:165,15,1,1
BRDA:173,16,0,1
BRDA:173,16,1,5
BRDA:203,17,0,9
BRDA:203,17,1,2
BRDA:203,18,0,11
BRDA:203,18,1,2
BRDA:227,19,0,1
BRDA:227,19,1,11
BRDA:232,20,0,9
BRDA:232,20,1,1
BRDA:234,21,0,9
BRDA:234,21,1,2
BRDA:235,22,0,9
BRDA:235,22,1,1
BRDA:240,23,0,9
BRDA:240,23,1,2
BRDA:241,24,0,9
BRDA:241,24,1,2
BRDA:242,25,0,9
BRDA:242,25,1,2
BRDA:266,26,0,1
BRDA:266,26,1,1
BRDA:278,27,0,20
BRDA:278,27,1,20
BRF:56
BRH:56
end_of_record
TN:
SF:Patients_WebPages\bookAppointment.js
FN:58,renderTimeSlots
FN:72,(anonymous_1)
FN:112,(anonymous_2)
FN:116,(anonymous_3)
FN:127,formatTime
FN:151,loadClinics
FN:157,(anonymous_6)
FN:175,loadAppointmentForReschedule
FN:197,displayClinics
FN:200,(anonymous_9)
FN:220,(anonymous_10)
FN:222,(anonymous_11)
FN:246,(anonymous_12)
FN:249,(anonymous_13)
FN:266,calculateDistance
FN:291,getUserLocation
FN:292,(anonymous_16)
FN:302,(anonymous_17)
FN:308,(anonymous_18)
FN:319,isClinicOpenNow
FN:382,applyFilters
FN:392,(anonymous_21)
FN:400,(anonymous_22)
FN:409,(anonymous_23)
FN:419,(anonymous_24)
FN:436,(anonymous_25)
FN:464,(anonymous_26)
FN:481,(anonymous_27)
FN:505,(anonymous_28)
FN:612,(anonymous_29)
FN:616,(anonymous_30)
FN:635,(anonymous_31)
FN:644,(anonymous_32)
FN:653,(anonymous_33)
FN:660,setAvatarInitial
FNF:35
FNH:35
FNDA:9,renderTimeSlots
FNDA:5,(anonymous_1)
FNDA:2,(anonymous_2)
FNDA:38,(anonymous_3)
FNDA:174,formatTime
FNDA:23,loadClinics
FNDA:16,(anonymous_6)
FNDA:3,loadAppointmentForReschedule
FNDA:29,displayClinics
FNDA:27,(anonymous_9)
FNDA:6,(anonymous_10)
FNDA:8,(anonymous_11)
FNDA:1,(anonymous_12)
FNDA:2,(anonymous_13)
FNDA:4,calculateDistance
FNDA:5,getUserLocation
FNDA:5,(anonymous_16)
FNDA:2,(anonymous_17)
FNDA:2,(anonymous_18)
FNDA:16,isClinicOpenNow
FNDA:5,applyFilters
FNDA:4,(anonymous_21)
FNDA:9,(anonymous_22)
FNDA:2,(anonymous_23)
FNDA:1,(anonymous_24)
FNDA:3,(anonymous_25)
FNDA:1,(anonymous_26)
FNDA:23,(anonymous_27)
FNDA:6,(anonymous_28)
FNDA:19,(anonymous_29)
FNDA:1,(anonymous_30)
FNDA:1,(anonymous_31)
FNDA:46,(anonymous_32)
FNDA:2,(anonymous_33)
FNDA:21,setAvatarInitial
DA:18,23
DA:27,23
DA:28,23
DA:29,23
DA:34,23
DA:35,23
DA:36,23
DA:37,23
DA:39,23
DA:41,23
DA:42,3
DA:48,23
DA:49,23
DA:51,23
DA:52,23
DA:54,23
DA:55,23
DA:56,23
DA:60,9
DA:62,9
DA:64,9
DA:70,9
DA:72,9
DA:73,5
DA:74,5
DA:78,9
DA:79,9
DA:81,9
DA:82,90
DA:83,180
DA:85,171
DA:87,171
DA:88,171
DA:89,171
DA:91,171
DA:94,171
DA:95,19
DA:96,19
DA:98,19
DA:99,5
DA:104,171
DA:105,10
DA:106,10
DA:107,10
DA:108,10
DA:109,10
DA:112,171
DA:113,2
DA:115,2
DA:116,38
DA:118,2
DA:119,2
DA:122,171
DA:128,174
DA:129,174
DA:130,174
DA:141,23
DA:142,23
DA:144,23
DA:152,23
DA:154,23
DA:157,22
DA:162,22
DA:164,22
DA:165,3
DA:169,1
DA:170,1
DA:176,3
DA:178,2
DA:179,2
DA:181,2
DA:183,1
DA:185,1
DA:188,1
DA:189,1
DA:190,1
DA:193,1
DA:198,29
DA:200,29
DA:201,27
DA:202,27
DA:204,27
DA:220,27
DA:222,6
DA:223,8
DA:224,8
DA:225,8
DA:228,6
DA:229,6
DA:231,6
DA:232,6
DA:233,6
DA:234,6
DA:237,6
DA:238,6
DA:242,27
DA:246,23
DA:247,1
DA:249,1
DA:250,2
DA:259,1
DA:269,4
DA:272,4
DA:273,4
DA:277,4
DA:282,4
DA:285,4
DA:292,5
DA:295,5
DA:296,1
DA:297,1
DA:301,4
DA:303,2
DA:309,2
DA:322,16
DA:324,15
DA:327,15
DA:330,15
DA:333,15
DA:343,15
DA:345,15
DA:346,14
DA:349,13
DA:352,13
DA:354,13
DA:355,13
DA:358,13
DA:361,12
DA:364,8
DA:365,8
DA:367,8
DA:368,8
DA:371,8
DA:374,1
DA:375,1
DA:385,5
DA:388,5
DA:391,5
DA:392,2
DA:393,4
DA:399,5
DA:400,3
DA:401,9
DA:406,5
DA:409,1
DA:410,2
DA:419,1
DA:423,5
DA:431,23
DA:436,23
DA:437,3
DA:438,3
DA:441,2
DA:443,1
DA:444,1
DA:449,1
DA:450,1
DA:453,2
DA:456,1
DA:457,1
DA:464,23
DA:467,1
DA:470,1
DA:472,1
DA:475,23
DA:478,23
DA:479,23
DA:481,23
DA:482,23
DA:483,21
DA:484,21
DA:485,21
DA:487,2
DA:492,23
DA:494,23
DA:495,23
DA:496,23
DA:498,23
DA:499,23
DA:503,23
DA:505,23
DA:506,6
DA:508,6
DA:509,1
DA:510,1
DA:513,5
DA:514,5
DA:515,5
DA:518,5
DA:519,5
DA:520,5
DA:522,5
DA:523,5
DA:525,5
DA:528,5
DA:529,1
DA:530,1
DA:534,4
DA:535,1
DA:537,1
DA:546,1
DA:547,1
DA:548,1
DA:553,3
DA:560,3
DA:562,3
DA:563,1
DA:564,1
DA:570,2
DA:571,2
DA:583,1
DA:594,1
DA:596,1
DA:606,1
DA:608,1
DA:609,1
DA:610,1
DA:612,1
DA:613,19
DA:616,1
DA:617,1
DA:618,1
DA:619,1
DA:622,1
DA:624,1
DA:627,1
DA:628,1
DA:632,23
DA:634,23
DA:635,23
DA:636,1
DA:640,23
DA:642,23
DA:644,23
DA:645,46
DA:647,46
DA:648,23
DA:653,23
DA:654,2
DA:655,1
DA:661,21
DA:662,21
DA:663,20
DA:664,20
DA:665,20
DA:666,1
DA:667,1
DA:669,21
LF:248
LH:248
BRDA:41,0,0,3
BRDA:41,0,1,20
BRDA:41,1,0,23
BRDA:41,1,1,3
BRDA:83,2,0,9
BRDA:83,2,1,171
BRDA:83,3,0,180
BRDA:83,3,1,18
BRDA:94,4,0,19
BRDA:94,4,1,152
BRDA:98,5,0,5
BRDA:98,5,1,14
BRDA:104,6,0,10
BRDA:104,6,1,161
BRDA:104,7,0,171
BRDA:104,7,1,166
BRDA:113,8,0,0
BRDA:113,8,1,2
BRDA:164,9,0,3
BRDA:164,9,1,19
BRDA:176,10,0,1
BRDA:176,10,1,2
BRDA:181,11,0,1
BRDA:181,11,1,1
BRDA:213,12,0,5
BRDA:213,12,1,22
BRDA:237,13,0,6
BRDA:237,13,1,0
BRDA:250,14,0,2
BRDA:250,14,1,1
BRDA:250,14,2,1
BRDA:250,14,3,1
BRDA:250,14,4,1
BRDA:250,15,0,2
BRDA:250,15,1,0
BRDA:251,16,0,1
BRDA:251,16,1,0
BRDA:252,17,0,1
BRDA:252,17,1,0
BRDA:253,18,0,1
BRDA:253,18,1,0
BRDA:254,19,0,1
BRDA:254,19,1,0
BRDA:254,20,0,0
BRDA:254,20,1,1
BRDA:295,21,0,1
BRDA:295,21,1,4
BRDA:322,22,0,1
BRDA:322,22,1,15
BRDA:346,23,0,1
BRDA:346,23,1,13
BRDA:346,24,0,14
BRDA:346,24,1,14
BRDA:358,25,0,1
BRDA:358,25,1,12
BRDA:358,26,0,13
BRDA:358,26,1,12
BRDA:361,27,0,4
BRDA:361,27,1,8
BRDA:361,28,0,12
BRDA:361,28,1,8
BRDA:371,29,0,8
BRDA:371,29,1,7
BRDA:391,30,0,2
BRDA:391,30,1,3
BRDA:393,31,0,4
BRDA:393,31,1,3
BRDA:399,32,0,3
BRDA:399,32,1,2
BRDA:406,33,0,1
BRDA:406,33,1,4
BRDA:406,34,0,5
BRDA:406,34,1,1
BRDA:438,35,0,2
BRDA:438,35,1,1
BRDA:482,36,0,21
BRDA:482,36,1,2
BRDA:508,37,0,1
BRDA:508,37,1,5
BRDA:528,38,0,1
BRDA:528,38,1,4
BRDA:528,39,0,5
BRDA:528,39,1,4
BRDA:528,39,2,4
BRDA:528,39,3,4
BRDA:534,40,0,1
BRDA:534,40,1,3
BRDA:562,41,0,1
BRDA:562,41,1,2
BRDA:598,42,0,1
BRDA:598,42,1,0
BRDA:634,43,0,23
BRDA:634,43,1,0
BRDA:647,44,0,23
BRDA:647,44,1,23
BRDA:654,45,0,1
BRDA:654,45,1,1
BRDA:654,46,0,2
BRDA:654,46,1,2
BRDA:662,47,0,20
BRDA:662,47,1,1
BRDA:662,48,0,21
BRDA:662,48,1,20
BRDA:665,49,0,20
BRDA:665,49,1,0
BRDA:666,50,0,1
BRDA:666,50,1,0
BRDA:666,51,0,1
BRDA:666,51,1,1
BRF:109
BRH:97
end_of_record
TN:
SF:Patients_WebPages\patientNotifications.js
FN:28,(anonymous_0)
FN:43,loadNotifications
FN:51,(anonymous_2)
FN:52,(anonymous_3)
FN:70,(anonymous_4)
FN:78,(anonymous_5)
FN:85,getIcon
FN:93,formatTime
FN:104,render
FN:105,(anonymous_9)
FN:113,(anonymous_10)
FN:126,(anonymous_11)
FN:141,(anonymous_12)
FN:158,(anonymous_13)
FN:166,(anonymous_14)
FN:179,(anonymous_15)
FN:198,(anonymous_16)
FN:203,(anonymous_17)
FN:213,(anonymous_18)
FN:214,(anonymous_19)
FN:225,(anonymous_20)
FN:235,__setNotificationsForTest
FN:239,__setCurrentFilterForTest
FN:252,setAvatarInitial
FNF:24
FNH:17
FNDA:0,(anonymous_0)
FNDA:0,loadNotifications
FNDA:0,(anonymous_2)
FNDA:0,(anonymous_3)
FNDA:0,(anonymous_4)
FNDA:0,(anonymous_5)
FNDA:5,getIcon
FNDA:4,formatTime
FNDA:21,render
FNDA:25,(anonymous_9)
FNDA:25,(anonymous_10)
FNDA:21,(anonymous_11)
FNDA:21,(anonymous_12)
FNDA:4,(anonymous_13)
FNDA:2,(anonymous_14)
FNDA:2,(anonymous_15)
FNDA:2,(anonymous_16)
FNDA:8,(anonymous_17)
FNDA:2,(anonymous_18)
FNDA:4,(anonymous_19)
FNDA:2,(anonymous_20)
FNDA:33,__setNotificationsForTest
FNDA:33,__setCurrentFilterForTest
FNDA:0,setAvatarInitial
DA:19,33
DA:20,33
DA:22,33
DA:23,33
DA:25,33
DA:26,33
DA:28,33
DA:29,0
DA:30,0
DA:31,0
DA:32,0
DA:33,0
DA:35,0
DA:36,0
DA:37,0
DA:44,0
DA:49,0
DA:52,0
DA:53,0
DA:55,0
DA:70,0
DA:71,0
DA:73,0
DA:76,0
DA:79,0
DA:80,0
DA:86,5
DA:87,4
DA:88,3
DA:89,2
DA:90,1
DA:94,4
DA:96,1
DA:98,1
DA:105,21
DA:106,25
DA:107,7
DA:108,2
DA:111,21
DA:112,21
DA:113,25
DA:115,21
DA:116,4
DA:123,4
DA:126,21
DA:141,21
DA:158,33
DA:159,4
DA:161,4
DA:162,2
DA:164,2
DA:165,2
DA:166,2
DA:168,2
DA:169,1
DA:175,2
DA:178,2
DA:179,2
DA:181,2
DA:183,2
DA:184,1
DA:188,1
DA:191,2
DA:192,1
DA:194,1
DA:198,33
DA:199,2
DA:201,2
DA:203,2
DA:204,8
DA:207,2
DA:208,2
DA:210,2
DA:213,33
DA:214,4
DA:216,2
DA:217,2
DA:222,2
DA:225,33
DA:226,2
DA:228,1
DA:229,2
DA:232,1
DA:236,33
DA:240,33
DA:253,0
DA:254,0
DA:255,0
DA:256,0
DA:257,0
DA:258,0
DA:259,0
DA:261,0
LF:93
LH:66
BRDA:29,0,0,0
BRDA:29,0,1,0
BRDA:57,1,0,0
BRDA:57,1,1,0
BRDA:61,2,0,0
BRDA:61,2,1,0
BRDA:62,3,0,0
BRDA:62,3,1,0
BRDA:65,4,0,0
BRDA:65,4,1,0
BRDA:71,5,0,0
BRDA:71,5,1,0
BRDA:71,6,0,0
BRDA:71,6,1,0
BRDA:86,7,0,1
BRDA:86,7,1,4
BRDA:87,8,0,1
BRDA:87,8,1,3
BRDA:88,9,0,1
BRDA:88,9,1,2
BRDA:89,10,0,1
BRDA:89,10,1,1
BRDA:94,11,0,3
BRDA:94,11,1,1
BRDA:94,12,0,4
BRDA:94,12,1,2
BRDA:106,13,0,18
BRDA:106,13,1,7
BRDA:107,14,0,5
BRDA:107,14,1,2
BRDA:115,15,0,4
BRDA:115,15,1,17
BRDA:127,16,0,17
BRDA:127,16,1,4
BRDA:140,17,0,1
BRDA:140,17,1,20
BRDA:147,18,0,17
BRDA:147,18,1,4
BRDA:161,19,0,2
BRDA:161,19,1,2
BRDA:164,20,0,2
BRDA:164,20,1,0
BRDA:168,21,0,1
BRDA:168,21,1,1
BRDA:168,22,0,2
BRDA:168,22,1,2
BRDA:181,23,0,0
BRDA:181,23,1,2
BRDA:183,24,0,1
BRDA:183,24,1,1
BRDA:191,25,0,1
BRDA:191,25,1,1
BRDA:201,26,0,0
BRDA:201,26,1,2
BRDA:226,27,0,1
BRDA:226,27,1,1
BRDA:254,28,0,0
BRDA:254,28,1,0
BRDA:254,29,0,0
BRDA:254,29,1,0
BRDA:257,30,0,0
BRDA:257,30,1,0
BRDA:258,31,0,0
BRDA:258,31,1,0
BRDA:258,32,0,0
BRDA:258,32,1,0
BRF:66
BRH:39
end_of_record
TN:
SF:Patients_WebPages\carequeue-ml\js\waitTimeML.js
FN:20,fetchWithTimeout
FN:21,(anonymous_1)
FN:22,(anonymous_2)
FN:24,(anonymous_3)
FN:25,(anonymous_4)
FN:32,getWaitTime
FN:57,safeSet
FN:76,loadQueueStatusML
FN:88,(anonymous_8)
FN:104,(anonymous_9)
FN:110,(anonymous_10)
FN:111,(anonymous_11)
FN:115,(anonymous_12)
FN:126,(anonymous_13)
FN:129,(anonymous_14)
FN:130,(anonymous_15)
FN:131,(anonymous_16)
FN:136,(anonymous_17)
FN:137,(anonymous_18)
FN:141,(anonymous_19)
FN:145,(anonymous_20)
FN:228,(anonymous_21)
FNF:22
FNH:5
FNDA:9,fetchWithTimeout
FNDA:9,(anonymous_1)
FNDA:0,(anonymous_2)
FNDA:7,(anonymous_3)
FNDA:2,(anonymous_4)
FNDA:9,getWaitTime
FNDA:0,safeSet
FNDA:0,loadQueueStatusML
FNDA:0,(anonymous_8)
FNDA:0,(anonymous_9)
FNDA:0,(anonymous_10)
FNDA:0,(anonymous_11)
FNDA:0,(anonymous_12)
FNDA:0,(anonymous_13)
FNDA:0,(anonymous_14)
FNDA:0,(anonymous_15)
FNDA:0,(anonymous_16)
FNDA:0,(anonymous_17)
FNDA:0,(anonymous_18)
FNDA:0,(anonymous_19)
FNDA:0,(anonymous_20)
FNDA:0,(anonymous_21)
DA:13,9
DA:15,9
DA:21,9
DA:22,9
DA:23,9
DA:24,7
DA:25,2
DA:33,9
DA:34,9
DA:45,7
DA:46,6
DA:47,6
DA:50,2
DA:58,0
DA:59,0
DA:85,0
DA:86,0
DA:88,0
DA:89,0
DA:90,0
DA:91,0
DA:92,0
DA:93,0
DA:94,0
DA:95,0
DA:99,0
DA:104,0
DA:107,0
DA:109,0
DA:110,0
DA:111,0
DA:113,0
DA:115,0
DA:116,0
DA:118,0
DA:121,0
DA:126,0
DA:128,0
DA:129,0
DA:130,0
DA:131,0
DA:134,0
DA:135,0
DA:136,0
DA:138,0
DA:141,0
DA:144,0
DA:145,0
DA:147,0
DA:149,0
DA:150,0
DA:151,0
DA:154,0
DA:155,0
DA:157,0
DA:158,0
DA:159,0
DA:161,0
DA:162,0
DA:163,0
DA:164,0
DA:197,0
DA:198,0
DA:200,0
DA:207,0
DA:210,0
DA:214,0
DA:217,0
DA:218,0
DA:222,0
DA:228,0
DA:229,0
DA:230,0
LF:73
LH:13
BRDA:20,0,0,9
BRDA:41,1,0,9
BRDA:41,1,1,5
BRDA:45,2,0,1
BRDA:45,2,1,6
BRDA:47,3,0,6
BRDA:47,3,1,1
BRDA:59,4,0,0
BRDA:59,4,1,0
BRDA:81,5,0,0
BRDA:82,6,0,0
BRDA:83,7,0,0
BRDA:95,8,0,0
BRDA:95,8,1,0
BRDA:107,9,0,0
BRDA:107,9,1,0
BRDA:111,10,0,0
BRDA:111,10,1,0
BRDA:113,11,0,0
BRDA:113,11,1,0
BRDA:116,12,0,0
BRDA:116,12,1,0
BRDA:130,13,0,0
BRDA:130,13,1,0
BRDA:131,14,0,0
BRDA:131,14,1,0
BRDA:131,15,0,0
BRDA:131,15,1,0
BRDA:134,16,0,0
BRDA:134,16,1,0
BRDA:138,17,0,0
BRDA:138,17,1,0
BRDA:138,18,0,0
BRDA:138,18,1,0
BRDA:139,19,0,0
BRDA:139,19,1,0
BRDA:141,20,0,0
BRDA:141,20,1,0
BRDA:141,21,0,0
BRDA:141,21,1,0
BRDA:147,22,0,0
BRDA:147,22,1,0
BRDA:150,23,0,0
BRDA:150,23,1,0
BRDA:151,24,0,0
BRDA:151,24,1,0
BRDA:158,25,0,0
BRDA:158,25,1,0
BRDA:163,26,0,0
BRDA:163,26,1,0
BRDA:207,27,0,0
BRDA:207,27,1,0
BRDA:210,28,0,0
BRDA:210,28,1,0
BRDA:230,29,0,0
BRDA:230,29,1,0
BRF:56
BRH:7
end_of_record
TN:
SF:Staff_Webpages\Appointments.js
FN:55,getTodayString
FN:62,getTomorrowString
FN:70,minutesToTime
FN:75,getAllSlots
FN:84,updateStats
FN:87,(anonymous_5)
FN:90,(anonymous_6)
FN:91,(anonymous_7)
FN:92,(anonymous_8)
FN:96,getFilteredAppointments
FN:100,(anonymous_10)
FN:101,(anonymous_11)
FN:102,(anonymous_12)
FN:108,renderEmptyState
FN:117,buildCard
FN:179,(anonymous_15)
FN:180,(anonymous_16)
FN:186,renderAppointments
FN:199,(anonymous_18)
FN:203,(anonymous_19)
FN:209,getFreeSlots
FN:218,(anonymous_21)
FN:232,(anonymous_22)
FN:240,(anonymous_23)
FN:244,openRescheduleModal
FN:293,loadFreeSlots
FN:306,(anonymous_26)
FN:314,(anonymous_27)
FN:317,(anonymous_28)
FN:320,(anonymous_29)
FN:353,cancelAppointment
FN:369,showConfirmModal
FN:370,(anonymous_32)
FN:394,(anonymous_33)
FN:395,(anonymous_34)
FN:400,startAppointmentsListener
FN:416,(anonymous_36)
FN:422,(anonymous_37)
FN:443,(anonymous_38)
FN:448,(anonymous_39)
FN:457,(anonymous_40)
FN:468,(anonymous_41)
FN:469,(anonymous_42)
FN:470,(anonymous_43)
FN:478,(anonymous_44)
FN:498,(anonymous_45)
FNF:46
FNH:14
FNDA:3,getTodayString
FNDA:3,getTomorrowString
FNDA:76,minutesToTime
FNDA:4,getAllSlots
FNDA:1,updateStats
FNDA:8,(anonymous_5)
FNDA:0,(anonymous_6)
FNDA:0,(anonymous_7)
FNDA:0,(anonymous_8)
FNDA:0,getFilteredAppointments
FNDA:0,(anonymous_10)
FNDA:0,(anonymous_11)
FNDA:0,(anonymous_12)
FNDA:2,renderEmptyState
FNDA:13,buildCard
FNDA:0,(anonymous_15)
FNDA:0,(anonymous_16)
FNDA:0,renderAppointments
FNDA:0,(anonymous_18)
FNDA:0,(anonymous_19)
FNDA:0,getFreeSlots
FNDA:0,(anonymous_21)
FNDA:0,(anonymous_22)
FNDA:0,(anonymous_23)
FNDA:0,openRescheduleModal
FNDA:0,loadFreeSlots
FNDA:0,(anonymous_26)
FNDA:0,(anonymous_27)
FNDA:0,(anonymous_28)
FNDA:0,(anonymous_29)
FNDA:2,cancelAppointment
FNDA:7,showConfirmModal
FNDA:7,(anonymous_32)
FNDA:5,(anonymous_33)
FNDA:2,(anonymous_34)
FNDA:0,startAppointmentsListener
FNDA:0,(anonymous_36)
FNDA:0,(anonymous_37)
FNDA:0,(anonymous_38)
FNDA:0,(anonymous_39)
FNDA:0,(anonymous_40)
FNDA:132,(anonymous_41)
FNDA:0,(anonymous_42)
FNDA:0,(anonymous_43)
FNDA:0,(anonymous_44)
FNDA:0,(anonymous_45)
DA:17,33
DA:26,33
DA:27,33
DA:28,33
DA:31,33
DA:32,33
DA:33,33
DA:35,33
DA:44,33
DA:45,33
DA:46,33
DA:49,33
DA:50,33
DA:51,33
DA:52,33
DA:56,3
DA:57,3
DA:58,3
DA:59,3
DA:63,3
DA:64,3
DA:65,3
DA:66,3
DA:67,3
DA:71,76
DA:76,4
DA:77,4
DA:78,72
DA:80,4
DA:85,1
DA:86,1
DA:87,8
DA:89,1
DA:90,1
DA:91,1
DA:92,1
DA:97,0
DA:98,0
DA:99,0
DA:100,0
DA:101,0
DA:102,0
DA:103,0
DA:109,2
DA:118,13
DA:119,13
DA:120,13
DA:122,13
DA:123,13
DA:124,13
DA:125,13
DA:127,13
DA:131,13
DA:179,13
DA:180,13
DA:182,13
DA:187,0
DA:188,0
DA:193,0
DA:195,0
DA:196,0
DA:198,0
DA:200,0
DA:203,0
DA:210,0
DA:213,0
DA:218,0
DA:219,0
DA:220,0
DA:221,0
DA:222,0
DA:226,0
DA:232,0
DA:233,0
DA:234,0
DA:235,0
DA:236,0
DA:240,0
DA:245,0
DA:247,0
DA:248,0
DA:249,0
DA:283,0
DA:284,0
DA:286,0
DA:287,0
DA:288,0
DA:289,0
DA:290,0
DA:294,0
DA:295,0
DA:297,0
DA:299,0
DA:300,0
DA:301,0
DA:302,0
DA:305,0
DA:306,0
DA:307,0
DA:311,0
DA:314,0
DA:317,0
DA:320,0
DA:321,0
DA:322,0
DA:324,0
DA:325,0
DA:326,0
DA:327,0
DA:330,0
DA:331,0
DA:333,0
DA:334,0
DA:340,0
DA:341,0
DA:343,0
DA:344,0
DA:345,0
DA:346,0
DA:347,0
DA:354,2
DA:355,2
DA:357,1
DA:358,1
DA:363,0
DA:364,0
DA:370,7
DA:371,7
DA:373,7
DA:374,7
DA:375,7
DA:391,7
DA:392,7
DA:394,7
DA:395,7
DA:401,0
DA:403,0
DA:408,0
DA:410,0
DA:416,0
DA:417,0
DA:419,0
DA:420,0
DA:422,0
DA:423,0
DA:424,0
DA:425,0
DA:427,0
DA:438,0
DA:440,0
DA:441,0
DA:444,0
DA:445,0
DA:453,0
DA:454,0
DA:455,0
DA:458,0
DA:459,0
DA:468,33
DA:469,132
DA:470,0
DA:471,0
DA:472,0
DA:473,0
DA:478,33
DA:479,0
DA:480,0
DA:481,0
DA:482,0
DA:483,0
DA:484,0
DA:487,0
DA:488,0
DA:490,0
DA:491,0
DA:492,0
DA:494,0
DA:495,0
DA:496,0
DA:497,0
DA:498,0
DA:501,0
DA:502,0
DA:506,0
DA:507,0
DA:508,0
DA:509,0
DA:512,0
DA:515,0
DA:516,0
DA:521,0
DA:524,0
LF:192
LH:65
BRDA:89,0,0,1
BRDA:89,0,1,0
BRDA:90,1,0,1
BRDA:90,1,1,0
BRDA:91,2,0,1
BRDA:91,2,1,0
BRDA:92,3,0,1
BRDA:92,3,1,0
BRDA:99,4,0,0
BRDA:99,4,1,0
BRDA:99,4,2,0
BRDA:99,4,3,0
BRDA:118,5,0,13
BRDA:118,5,1,0
BRDA:119,6,0,13
BRDA:119,6,1,0
BRDA:120,7,0,13
BRDA:120,7,1,12
BRDA:124,8,0,3
BRDA:124,8,1,10
BRDA:127,9,0,1
BRDA:127,9,1,12
BRDA:136,10,0,13
BRDA:136,10,1,12
BRDA:147,11,0,13
BRDA:147,11,1,12
BRDA:151,12,0,13
BRDA:151,12,1,12
BRDA:153,13,0,1
BRDA:153,13,1,12
BRDA:160,14,0,10
BRDA:160,14,1,3
BRDA:196,15,0,0
BRDA:196,15,1,0
BRDA:200,16,0,0
BRDA:200,16,1,0
BRDA:200,17,0,0
BRDA:200,17,1,0
BRDA:200,18,0,0
BRDA:200,18,1,0
BRDA:201,19,0,0
BRDA:201,19,1,0
BRDA:201,20,0,0
BRDA:201,20,1,0
BRDA:209,21,0,0
BRDA:219,22,0,0
BRDA:219,22,1,0
BRDA:221,23,0,0
BRDA:221,23,1,0
BRDA:222,24,0,0
BRDA:222,24,1,0
BRDA:222,25,0,0
BRDA:222,25,1,0
BRDA:233,26,0,0
BRDA:233,26,1,0
BRDA:235,27,0,0
BRDA:235,27,1,0
BRDA:236,28,0,0
BRDA:236,28,1,0
BRDA:236,29,0,0
BRDA:236,29,1,0
BRDA:256,30,0,0
BRDA:256,30,1,0
BRDA:257,31,0,0
BRDA:257,31,1,0
BRDA:263,32,0,0
BRDA:263,32,1,0
BRDA:299,33,0,0
BRDA:299,33,1,0
BRDA:324,34,0,0
BRDA:324,34,1,0
BRDA:324,35,0,0
BRDA:324,35,1,0
BRDA:355,36,0,1
BRDA:355,36,1,1
BRDA:401,37,0,0
BRDA:401,37,1,0
BRDA:424,38,0,0
BRDA:424,38,1,0
BRDA:425,39,0,0
BRDA:425,39,1,0
BRDA:429,40,0,0
BRDA:429,40,1,0
BRDA:430,41,0,0
BRDA:430,41,1,0
BRDA:432,42,0,0
BRDA:432,42,1,0
BRDA:433,43,0,0
BRDA:433,43,1,0
BRDA:433,43,2,0
BRDA:434,44,0,0
BRDA:434,44,1,0
BRDA:435,45,0,0
BRDA:435,45,1,0
BRDA:440,46,0,0
BRDA:440,46,1,0
BRDA:440,47,0,0
BRDA:440,47,1,0
BRDA:444,48,0,0
BRDA:444,48,1,0
BRDA:445,49,0,0
BRDA:445,49,1,0
BRDA:479,50,0,0
BRDA:479,50,1,0
BRDA:480,51,0,0
BRDA:480,51,1,0
BRDA:481,52,0,0
BRDA:481,52,1,0
BRDA:487,53,0,0
BRDA:487,53,1,0
BRDA:488,54,0,0
BRDA:488,54,1,0
BRDA:494,55,0,0
BRDA:494,55,1,0
BRDA:495,56,0,0
BRDA:495,56,1,0
BRDA:496,57,0,0
BRDA:496,57,1,0
BRDA:507,58,0,0
BRDA:507,58,1,0
BRDA:508,59,0,0
BRDA:508,59,1,0
BRDA:515,60,0,0
BRDA:515,60,1,0
BRF:124
BRH:24
end_of_record
TN:
SF:Staff_Webpages\Availability.js
FN:50,(anonymous_0)
FN:56,convertTo24Hour
FN:69,parseClinicHours
FN:105,(anonymous_3)
FN:120,fetchClinicHours
FN:128,(anonymous_5)
FN:152,applyClinicConstraints
FN:155,(anonymous_7)
FN:193,(anonymous_8)
FN:224,readScheduleFromPage
FN:227,(anonymous_10)
FN:243,applyScheduleToPage
FN:244,(anonymous_12)
FN:268,loadAvailability
FN:290,saveAvailability
FN:294,(anonymous_15)
FN:347,showStatus
FN:359,capitalise
FN:364,(anonymous_18)
FN:371,(anonymous_19)
FN:394,(anonymous_20)
FN:426,(anonymous_21)
FN:442,(anonymous_22)
FNF:23
FNH:9
FNDA:0,(anonymous_0)
FNDA:6,convertTo24Hour
FNDA:3,parseClinicHours
FNDA:7,(anonymous_3)
FNDA:0,fetchClinicHours
FNDA:0,(anonymous_5)
FNDA:0,applyClinicConstraints
FNDA:0,(anonymous_7)
FNDA:0,(anonymous_8)
FNDA:2,readScheduleFromPage
FNDA:14,(anonymous_10)
FNDA:3,applyScheduleToPage
FNDA:21,(anonymous_12)
FNDA:0,loadAvailability
FNDA:0,saveAvailability
FNDA:0,(anonymous_15)
FNDA:3,showStatus
FNDA:2,capitalise
FNDA:0,(anonymous_18)
FNDA:0,(anonymous_19)
FNDA:0,(anonymous_20)
FNDA:0,(anonymous_21)
FNDA:0,(anonymous_22)
DA:17,14
DA:26,14
DA:27,14
DA:28,14
DA:31,14
DA:32,14
DA:34,14
DA:45,14
DA:46,14
DA:47,14
DA:50,14
DA:51,0
DA:52,0
DA:57,6
DA:58,6
DA:59,6
DA:61,6
DA:62,6
DA:64,6
DA:70,3
DA:72,2
DA:74,2
DA:78,2
DA:80,2
DA:84,2
DA:85,1
DA:86,1
DA:89,1
DA:91,1
DA:92,1
DA:94,1
DA:95,1
DA:97,1
DA:98,0
DA:99,0
DA:102,1
DA:103,1
DA:105,7
DA:107,1
DA:109,1
DA:112,0
DA:113,0
DA:121,0
DA:122,0
DA:124,0
DA:126,0
DA:128,0
DA:129,0
DA:130,0
DA:134,0
DA:135,0
DA:139,0
DA:140,0
DA:143,0
DA:146,0
DA:147,0
DA:153,0
DA:155,0
DA:156,0
DA:157,0
DA:158,0
DA:159,0
DA:161,0
DA:163,0
DA:165,0
DA:166,0
DA:167,0
DA:168,0
DA:169,0
DA:170,0
DA:174,0
DA:175,0
DA:176,0
DA:177,0
DA:180,0
DA:181,0
DA:182,0
DA:183,0
DA:186,0
DA:187,0
DA:188,0
DA:189,0
DA:193,0
DA:194,0
DA:195,0
DA:196,0
DA:197,0
DA:204,0
DA:207,0
DA:208,0
DA:209,0
DA:210,0
DA:211,0
DA:212,0
DA:219,0
DA:225,2
DA:227,2
DA:228,14
DA:229,14
DA:230,14
DA:232,14
DA:239,2
DA:244,3
DA:245,21
DA:246,21
DA:248,3
DA:249,3
DA:250,3
DA:251,3
DA:254,3
DA:256,3
DA:258,3
DA:259,3
DA:261,3
DA:262,3
DA:263,3
DA:269,0
DA:270,0
DA:271,0
DA:273,0
DA:274,0
DA:275,0
DA:276,0
DA:278,0
DA:284,0
DA:285,0
DA:291,0
DA:294,0
DA:295,0
DA:296,0
DA:297,0
DA:301,0
DA:302,0
DA:303,0
DA:305,0
DA:306,0
DA:307,0
DA:310,0
DA:311,0
DA:312,0
DA:316,0
DA:317,0
DA:318,0
DA:319,0
DA:321,0
DA:322,0
DA:323,0
DA:328,0
DA:329,0
DA:331,0
DA:338,0
DA:341,0
DA:342,0
DA:348,3
DA:349,3
DA:351,2
DA:352,2
DA:360,2
DA:364,14
DA:365,0
DA:366,0
DA:367,0
DA:371,0
DA:372,0
DA:375,0
DA:376,0
DA:377,0
DA:380,0
DA:381,0
DA:386,0
DA:388,0
DA:389,0
DA:390,0
DA:391,0
DA:392,0
DA:394,0
DA:395,0
DA:399,0
DA:402,0
DA:406,0
DA:407,0
DA:408,0
DA:410,0
DA:411,0
DA:412,0
DA:413,0
DA:414,0
DA:416,0
DA:421,0
DA:424,0
DA:425,0
DA:426,0
DA:427,0
DA:432,0
DA:433,0
DA:434,0
DA:436,0
DA:437,0
DA:439,0
DA:440,0
DA:442,0
DA:447,0
LF:202
LH:63
BRDA:59,0,0,0
BRDA:59,0,1,6
BRDA:61,1,0,1
BRDA:61,1,1,5
BRDA:61,2,0,6
BRDA:61,2,1,3
BRDA:62,3,0,2
BRDA:62,3,1,4
BRDA:62,4,0,6
BRDA:62,4,1,3
BRDA:70,5,0,1
BRDA:70,5,1,2
BRDA:84,6,0,1
BRDA:84,6,1,1
BRDA:97,7,0,0
BRDA:97,7,1,1
BRDA:97,8,0,1
BRDA:97,8,1,1
BRDA:105,9,0,7
BRDA:105,9,1,7
BRDA:130,10,0,0
BRDA:130,10,1,0
BRDA:131,11,0,0
BRDA:131,11,1,0
BRDA:132,12,0,0
BRDA:132,12,1,0
BRDA:135,13,0,0
BRDA:135,13,1,0
BRDA:139,14,0,0
BRDA:139,14,1,0
BRDA:153,15,0,0
BRDA:153,15,1,0
BRDA:153,16,0,0
BRDA:153,16,1,0
BRDA:163,17,0,0
BRDA:163,17,1,0
BRDA:186,18,0,0
BRDA:186,18,1,0
BRDA:187,19,0,0
BRDA:187,19,1,0
BRDA:188,20,0,0
BRDA:188,20,1,0
BRDA:189,21,0,0
BRDA:189,21,1,0
BRDA:208,22,0,0
BRDA:208,22,1,0
BRDA:208,23,0,0
BRDA:208,23,1,0
BRDA:234,24,0,1
BRDA:234,24,1,13
BRDA:234,25,0,1
BRDA:234,25,1,0
BRDA:234,25,2,0
BRDA:235,26,0,1
BRDA:235,26,1,13
BRDA:235,27,0,1
BRDA:235,27,1,0
BRDA:235,27,2,0
BRDA:246,28,0,18
BRDA:246,28,1,3
BRDA:254,29,0,0
BRDA:254,29,1,3
BRDA:258,30,0,2
BRDA:258,30,1,1
BRDA:258,31,0,3
BRDA:258,31,1,2
BRDA:259,32,0,2
BRDA:259,32,1,1
BRDA:259,33,0,3
BRDA:259,33,1,2
BRDA:273,34,0,0
BRDA:273,34,1,0
BRDA:275,35,0,0
BRDA:275,35,1,0
BRDA:279,36,0,0
BRDA:279,36,1,0
BRDA:295,37,0,0
BRDA:295,37,1,0
BRDA:303,38,0,0
BRDA:303,38,1,0
BRDA:305,39,0,0
BRDA:305,39,1,0
BRDA:305,40,0,0
BRDA:305,40,1,0
BRDA:310,41,0,0
BRDA:310,41,1,0
BRDA:316,42,0,0
BRDA:316,42,1,0
BRDA:316,43,0,0
BRDA:316,43,1,0
BRDA:317,44,0,0
BRDA:317,44,1,0
BRDA:321,45,0,0
BRDA:321,45,1,0
BRDA:349,46,0,1
BRDA:349,46,1,2
BRDA:353,47,0,1
BRDA:353,47,1,1
BRDA:354,48,0,1
BRDA:354,48,1,0
BRDA:365,49,0,0
BRDA:365,49,1,0
BRDA:372,50,0,0
BRDA:372,50,1,0
BRDA:376,51,0,0
BRDA:376,51,1,0
BRDA:388,52,0,0
BRDA:388,52,1,0
BRDA:390,53,0,0
BRDA:390,53,1,0
BRDA:391,54,0,0
BRDA:391,54,1,0
BRDA:392,55,0,0
BRDA:392,55,1,0
BRDA:406,56,0,0
BRDA:406,56,1,0
BRDA:410,57,0,0
BRDA:410,57,1,0
BRDA:425,58,0,0
BRDA:425,58,1,0
BRDA:436,59,0,0
BRDA:436,59,1,0
BRDA:437,60,0,0
BRDA:437,60,1,0
BRDA:439,61,0,0
BRDA:439,61,1,0
BRDA:440,62,0,0
BRDA:440,62,1,0
BRF:128
BRH:40
end_of_record
TN:
SF:Staff_Webpages\Queues.js
FN:59,getTodayString
FN:67,renderEmptyState
FN:77,sendPositionTwoNotification
FN:119,buildCard
FN:191,(anonymous_4)
FN:192,(anonymous_5)
FN:203,updateStats
FN:205,(anonymous_7)
FN:206,(anonymous_8)
FN:208,(anonymous_9)
FN:216,renderQueue
FN:226,(anonymous_11)
FN:227,(anonymous_12)
FN:233,(anonymous_13)
FN:236,(anonymous_14)
FN:249,(anonymous_15)
FN:254,mergeAndRender
FN:258,(anonymous_17)
FN:262,(anonymous_18)
FN:266,(anonymous_19)
FN:270,(anonymous_20)
FN:289,(anonymous_21)
FN:306,updateStatus
FN:332,deleteOldQueueEntries
FN:337,(anonymous_24)
FN:351,syncAppointmentsToQueues
FN:354,(anonymous_26)
FN:387,startQueueListeners
FN:406,(anonymous_28)
FN:409,(anonymous_29)
FN:426,(anonymous_30)
FN:436,(anonymous_31)
FN:439,(anonymous_32)
FN:453,(anonymous_33)
FN:457,(anonymous_34)
FN:498,(anonymous_35)
FN:542,__setQueueDataForTest
FNF:37
FNH:7
FNDA:1,getTodayString
FNDA:0,renderEmptyState
FNDA:0,sendPositionTwoNotification
FNDA:2,buildCard
FNDA:0,(anonymous_4)
FNDA:0,(anonymous_5)
FNDA:1,updateStats
FNDA:3,(anonymous_7)
FNDA:3,(anonymous_8)
FNDA:8,(anonymous_9)
FNDA:0,renderQueue
FNDA:0,(anonymous_11)
FNDA:0,(anonymous_12)
FNDA:0,(anonymous_13)
FNDA:0,(anonymous_14)
FNDA:0,(anonymous_15)
FNDA:0,mergeAndRender
FNDA:0,(anonymous_17)
FNDA:0,(anonymous_18)
FNDA:0,(anonymous_19)
FNDA:0,(anonymous_20)
FNDA:0,(anonymous_21)
FNDA:0,updateStatus
FNDA:0,deleteOldQueueEntries
FNDA:0,(anonymous_24)
FNDA:0,syncAppointmentsToQueues
FNDA:0,(anonymous_26)
FNDA:0,startQueueListeners
FNDA:0,(anonymous_28)
FNDA:0,(anonymous_29)
FNDA:0,(anonymous_30)
FNDA:0,(anonymous_31)
FNDA:0,(anonymous_32)
FNDA:0,(anonymous_33)
FNDA:0,(anonymous_34)
FNDA:0,(anonymous_35)
FNDA:1,__setQueueDataForTest
DA:20,1
DA:29,1
DA:30,1
DA:31,1
DA:34,1
DA:36,1
DA:43,1
DA:46,1
DA:47,1
DA:50,1
DA:51,1
DA:52,1
DA:53,1
DA:54,1
DA:55,1
DA:56,1
DA:60,1
DA:61,1
DA:62,1
DA:63,1
DA:68,0
DA:78,0
DA:79,0
DA:80,0
DA:82,0
DA:86,0
DA:88,0
DA:97,0
DA:108,0
DA:111,0
DA:112,0
DA:120,2
DA:121,2
DA:122,2
DA:123,2
DA:126,2
DA:127,2
DA:129,2
DA:130,2
DA:131,2
DA:132,2
DA:133,2
DA:135,2
DA:139,2
DA:188,2
DA:189,2
DA:191,2
DA:192,2
DA:194,2
DA:195,0
DA:196,0
DA:199,2
DA:204,1
DA:205,3
DA:206,3
DA:208,8
DA:209,1
DA:210,1
DA:211,1
DA:212,1
DA:217,0
DA:218,0
DA:220,0
DA:221,0
DA:222,0
DA:225,0
DA:226,0
DA:228,0
DA:232,0
DA:233,0
DA:236,0
DA:237,0
DA:240,0
DA:241,0
DA:244,0
DA:245,0
DA:246,0
DA:247,0
DA:248,0
DA:249,0
DA:256,0
DA:257,0
DA:258,0
DA:259,0
DA:260,0
DA:261,0
DA:262,0
DA:265,0
DA:266,0
DA:270,0
DA:271,0
DA:272,0
DA:273,0
DA:274,0
DA:275,0
DA:276,0
DA:277,0
DA:278,0
DA:281,0
DA:288,0
DA:289,0
DA:290,0
DA:291,0
DA:293,0
DA:297,0
DA:299,0
DA:300,0
DA:302,0
DA:307,0
DA:308,0
DA:314,0
DA:315,0
DA:316,0
DA:317,0
DA:326,0
DA:327,0
DA:333,0
DA:334,0
DA:335,0
DA:336,0
DA:337,0
DA:338,0
DA:339,0
DA:340,0
DA:343,0
DA:344,0
DA:346,0
DA:352,0
DA:354,0
DA:355,0
DA:356,0
DA:378,0
DA:379,0
DA:380,0
DA:382,0
DA:388,0
DA:389,0
DA:391,0
DA:396,0
DA:397,0
DA:400,0
DA:406,0
DA:407,0
DA:408,0
DA:409,0
DA:410,0
DA:411,0
DA:412,0
DA:413,0
DA:425,0
DA:426,0
DA:429,0
DA:436,0
DA:437,0
DA:438,0
DA:439,0
DA:440,0
DA:441,0
DA:442,0
DA:452,0
DA:453,0
DA:457,1
DA:458,0
DA:459,0
DA:461,0
DA:462,0
DA:463,0
DA:466,0
DA:467,0
DA:468,0
DA:471,0
DA:472,0
DA:473,0
DA:477,0
DA:479,0
DA:480,0
DA:483,0
DA:484,0
DA:485,0
DA:487,0
DA:488,0
DA:491,0
DA:492,0
DA:495,0
DA:496,0
DA:498,0
DA:502,0
DA:506,0
DA:507,0
DA:512,0
DA:514,0
DA:516,0
DA:517,0
DA:519,0
DA:521,0
DA:525,0
DA:529,0
DA:530,0
DA:535,0
DA:539,0
DA:543,1
LF:201
LH:49
BRDA:79,0,0,0
BRDA:79,0,1,0
BRDA:80,1,0,0
BRDA:80,1,1,0
BRDA:90,2,0,0
BRDA:90,2,1,0
BRDA:91,3,0,0
BRDA:91,3,1,0
BRDA:92,4,0,0
BRDA:92,4,1,0
BRDA:93,5,0,0
BRDA:93,5,1,0
BRDA:94,6,0,0
BRDA:94,6,1,0
BRDA:100,7,0,0
BRDA:100,7,1,0
BRDA:103,8,0,0
BRDA:103,8,1,0
BRDA:103,9,0,0
BRDA:103,9,1,0
BRDA:120,10,0,2
BRDA:120,10,1,0
BRDA:121,11,0,2
BRDA:121,11,1,0
BRDA:123,12,0,1
BRDA:123,12,1,1
BRDA:123,13,0,2
BRDA:123,13,1,2
BRDA:126,14,0,1
BRDA:126,14,1,1
BRDA:131,15,0,0
BRDA:131,15,1,2
BRDA:132,16,0,1
BRDA:132,16,1,1
BRDA:135,17,0,1
BRDA:135,17,1,1
BRDA:140,18,0,1
BRDA:140,18,1,1
BRDA:146,19,0,2
BRDA:146,19,1,0
BRDA:157,20,0,2
BRDA:157,20,1,0
BRDA:159,21,0,2
BRDA:159,21,1,0
BRDA:167,22,0,1
BRDA:167,22,1,1
BRDA:167,23,0,2
BRDA:167,23,1,1
BRDA:175,24,0,1
BRDA:175,24,1,1
BRDA:191,25,0,1
BRDA:191,25,1,1
BRDA:192,26,0,1
BRDA:192,26,1,1
BRDA:194,27,0,0
BRDA:194,27,1,2
BRDA:194,28,0,2
BRDA:194,28,1,0
BRDA:194,28,2,0
BRDA:205,29,0,3
BRDA:205,29,1,0
BRDA:206,30,0,3
BRDA:206,30,1,0
BRDA:209,31,0,1
BRDA:209,31,1,0
BRDA:210,32,0,1
BRDA:210,32,1,0
BRDA:211,33,0,1
BRDA:211,33,1,0
BRDA:212,34,0,1
BRDA:212,34,1,0
BRDA:220,35,0,0
BRDA:220,35,1,0
BRDA:226,36,0,0
BRDA:226,36,1,0
BRDA:228,37,0,0
BRDA:228,37,1,0
BRDA:228,38,0,0
BRDA:228,38,1,0
BRDA:228,39,0,0
BRDA:228,39,1,0
BRDA:229,40,0,0
BRDA:229,40,1,0
BRDA:229,41,0,0
BRDA:229,41,1,0
BRDA:233,42,0,0
BRDA:233,42,1,0
BRDA:240,43,0,0
BRDA:240,43,1,0
BRDA:244,44,0,0
BRDA:244,44,1,0
BRDA:259,45,0,0
BRDA:259,45,1,0
BRDA:262,46,0,0
BRDA:262,46,1,0
BRDA:262,47,0,0
BRDA:262,47,1,0
BRDA:271,48,0,0
BRDA:271,48,1,0
BRDA:272,49,0,0
BRDA:272,49,1,0
BRDA:274,50,0,0
BRDA:274,50,1,0
BRDA:277,51,0,0
BRDA:277,51,1,0
BRDA:278,52,0,0
BRDA:278,52,1,0
BRDA:290,53,0,0
BRDA:290,53,1,0
BRDA:290,54,0,0
BRDA:290,54,1,0
BRDA:316,55,0,0
BRDA:316,55,1,0
BRDA:339,56,0,0
BRDA:339,56,1,0
BRDA:339,57,0,0
BRDA:339,57,1,0
BRDA:344,58,0,0
BRDA:344,58,1,0
BRDA:355,59,0,0
BRDA:355,59,1,0
BRDA:359,60,0,0
BRDA:359,60,1,0
BRDA:360,61,0,0
BRDA:360,61,1,0
BRDA:361,62,0,0
BRDA:361,62,1,0
BRDA:362,63,0,0
BRDA:362,63,1,0
BRDA:364,64,0,0
BRDA:364,64,1,0
BRDA:365,65,0,0
BRDA:365,65,1,0
BRDA:366,66,0,0
BRDA:366,66,1,0
BRDA:367,67,0,0
BRDA:367,67,1,0
BRDA:368,68,0,0
BRDA:368,68,1,0
BRDA:369,69,0,0
BRDA:369,69,1,0
BRDA:370,70,0,0
BRDA:370,70,1,0
BRDA:388,71,0,0
BRDA:388,71,1,0
BRDA:389,72,0,0
BRDA:389,72,1,0
BRDA:411,73,0,0
BRDA:411,73,1,0
BRDA:412,74,0,0
BRDA:412,74,1,0
BRDA:415,75,0,0
BRDA:415,75,1,0
BRDA:416,76,0,0
BRDA:416,76,1,0
BRDA:417,77,0,0
BRDA:417,77,1,0
BRDA:419,78,0,0
BRDA:419,78,1,0
BRDA:420,79,0,0
BRDA:420,79,1,0
BRDA:420,79,2,0
BRDA:422,80,0,0
BRDA:422,80,1,0
BRDA:441,81,0,0
BRDA:441,81,1,0
BRDA:444,82,0,0
BRDA:444,82,1,0
BRDA:446,83,0,0
BRDA:446,83,1,0
BRDA:447,84,0,0
BRDA:447,84,1,0
BRDA:458,85,0,0
BRDA:458,85,1,0
BRDA:459,86,0,0
BRDA:459,86,1,0
BRDA:461,87,0,0
BRDA:461,87,1,0
BRDA:466,88,0,0
BRDA:466,88,1,0
BRDA:477,89,0,0
BRDA:477,89,1,0
BRDA:479,90,0,0
BRDA:479,90,1,0
BRDA:487,91,0,0
BRDA:487,91,1,0
BRDA:491,92,0,0
BRDA:491,92,1,0
BRDA:495,93,0,0
BRDA:495,93,1,0
BRDA:516,94,0,0
BRDA:516,94,1,0
BRDA:519,95,0,0
BRDA:519,95,1,0
BRDA:529,96,0,0
BRDA:529,96,1,0
BRF:196
BRH:36
end_of_record
TN:
SF:Staff_Webpages\walkin.js
FN:50,getToday
FN:57,getStaffProfile
FN:63,(anonymous_2)
FN:80,timeToMinutes
FN:91,minutesToTime
FN:103,isTaken
FN:104,(anonymous_6)
FN:116,roundToNextSlot
FN:130,getNextAvailableTime
FN:143,(anonymous_9)
FN:201,loadAppointments
FN:217,(anonymous_11)
FN:223,(anonymous_12)
FN:251,showConfirmModal
FN:252,(anonymous_14)
FN:284,(anonymous_15)
FN:290,(anonymous_16)
FN:302,(anonymous_17)
FN:337,(anonymous_18)
FN:357,(anonymous_19)
FN:361,(anonymous_20)
FN:402,(anonymous_21)
FN:441,(anonymous_22)
FNF:23
FNH:12
FNDA:1,getToday
FNDA:0,getStaffProfile
FNDA:0,(anonymous_2)
FNDA:9,timeToMinutes
FNDA:10,minutesToTime
FNDA:5,isTaken
FNDA:5,(anonymous_6)
FNDA:2,roundToNextSlot
FNDA:1,getNextAvailableTime
FNDA:1,(anonymous_9)
FNDA:0,loadAppointments
FNDA:0,(anonymous_11)
FNDA:0,(anonymous_12)
FNDA:2,showConfirmModal
FNDA:2,(anonymous_14)
FNDA:1,(anonymous_15)
FNDA:1,(anonymous_16)
FNDA:0,(anonymous_17)
FNDA:0,(anonymous_18)
FNDA:0,(anonymous_19)
FNDA:0,(anonymous_20)
FNDA:0,(anonymous_21)
FNDA:0,(anonymous_22)
DA:17,1
DA:26,1
DA:27,1
DA:28,1
DA:32,1
DA:33,1
DA:34,1
DA:35,1
DA:37,1
DA:38,1
DA:42,1
DA:43,1
DA:44,1
DA:51,1
DA:59,0
DA:61,0
DA:63,0
DA:64,0
DA:65,0
DA:68,0
DA:70,0
DA:81,9
DA:82,9
DA:92,10
DA:93,10
DA:94,10
DA:104,5
DA:105,5
DA:106,5
DA:117,2
DA:132,1
DA:133,1
DA:134,1
DA:136,1
DA:137,1
DA:139,1
DA:140,1
DA:143,1
DA:144,1
DA:149,1
DA:151,1
DA:153,1
DA:154,1
DA:157,1
DA:158,1
DA:162,1
DA:165,1
DA:170,1
DA:172,1
DA:174,2
DA:176,2
DA:177,1
DA:178,1
DA:181,1
DA:183,1
DA:186,0
DA:187,0
DA:203,0
DA:205,0
DA:207,0
DA:209,0
DA:217,0
DA:220,0
DA:221,0
DA:223,0
DA:224,0
DA:226,0
DA:238,0
DA:252,2
DA:254,2
DA:255,0
DA:258,2
DA:259,2
DA:261,2
DA:281,2
DA:282,2
DA:284,2
DA:285,1
DA:286,1
DA:287,1
DA:290,2
DA:291,1
DA:292,1
DA:293,1
DA:302,1
DA:304,0
DA:305,0
DA:307,0
DA:308,0
DA:310,0
DA:312,0
DA:316,0
DA:318,0
DA:320,0
DA:322,0
DA:323,0
DA:324,0
DA:327,0
DA:335,0
DA:337,0
DA:338,0
DA:339,0
DA:340,0
DA:341,0
DA:345,0
DA:354,0
DA:357,0
DA:359,0
DA:361,0
DA:362,0
DA:366,0
DA:367,0
DA:370,0
DA:372,0
DA:374,0
DA:386,0
DA:387,0
DA:390,0
DA:391,0
DA:402,1
DA:403,0
DA:404,0
DA:405,0
DA:407,0
DA:408,0
DA:410,0
DA:412,0
DA:416,0
DA:418,0
DA:419,0
DA:422,0
DA:423,0
DA:426,0
DA:427,0
DA:428,0
DA:430,0
DA:431,0
DA:434,0
DA:435,0
DA:438,0
DA:439,0
DA:441,0
DA:445,0
DA:449,0
DA:451,0
DA:452,0
DA:453,0
DA:457,0
DA:458,0
DA:460,0
DA:461,0
DA:465,0
DA:466,0
DA:469,0
LF:154
LH:65
BRDA:59,0,0,0
BRDA:59,0,1,0
BRDA:65,1,0,0
BRDA:65,1,1,0
BRDA:68,2,0,0
BRDA:68,2,1,0
BRDA:106,3,0,5
BRDA:106,3,1,5
BRDA:144,4,0,1
BRDA:144,4,1,1
BRDA:144,4,2,1
BRDA:146,5,0,1
BRDA:146,5,1,0
BRDA:157,6,0,1
BRDA:157,6,1,0
BRDA:157,7,0,1
BRDA:157,7,1,1
BRDA:176,8,0,1
BRDA:176,8,1,1
BRDA:203,9,0,0
BRDA:203,9,1,0
BRDA:205,10,0,0
BRDA:205,10,1,0
BRDA:229,11,0,0
BRDA:229,11,1,0
BRDA:230,12,0,0
BRDA:230,12,1,0
BRDA:231,13,0,0
BRDA:231,13,1,0
BRDA:232,14,0,0
BRDA:232,14,1,0
BRDA:233,15,0,0
BRDA:233,15,1,0
BRDA:254,16,0,0
BRDA:254,16,1,2
BRDA:305,17,0,0
BRDA:305,17,1,0
BRDA:307,18,0,0
BRDA:307,18,1,0
BRDA:308,19,0,0
BRDA:308,19,1,0
BRDA:316,20,0,0
BRDA:316,20,1,0
BRDA:403,21,0,0
BRDA:403,21,1,0
BRDA:404,22,0,0
BRDA:404,22,1,0
BRDA:405,23,0,0
BRDA:405,23,1,0
BRDA:410,24,0,0
BRDA:410,24,1,0
BRDA:416,25,0,0
BRDA:416,25,1,0
BRDA:418,26,0,0
BRDA:418,26,1,0
BRDA:422,27,0,0
BRDA:422,27,1,0
BRDA:430,28,0,0
BRDA:430,28,1,0
BRDA:434,29,0,0
BRDA:434,29,1,0
BRDA:438,30,0,0
BRDA:438,30,1,0
BRDA:451,31,0,0
BRDA:451,31,1,0
BRDA:460,32,0,0
BRDA:460,32,1,0
BRDA:462,33,0,0
BRDA:462,33,1,0
BRF:69
BRH:12
end_of_record
